New mode specified and/or bandwidth specified!
set_mode(FLAG_RTBF_MODE): Creating new BeamformerBackend
BFBE: Backend():: Setting self.frequency to 1500.0

BFBE: FlagPole:: Initializing shmem...
BFBE: FlagPole:: instance_id=0
BFBE: FlagPole:: status_key=401997c4
BFBE: FlagPole:: status_semid: users_mburnett_hashpipe_status_0
hashpipe -p flag_b -I 0 -o BINDHOST=10.17.16.208 -o BINDPORT=60000 -o XID=8 -o GPUDEV=0 -o DATADIR=/lustre/projects/flag/ -o PROJID=TMP -o MODENAME=FLAG_RTBF_MODE -o WEIGHTD=/home/groups/flag/hash/data/weights/tests/ULA/ -c 0 flag_net_thread -c 1 flag_transpose_thread -c 2 flag_beamform_thread
initing  thread 'flag_net_thread' with databufs 0 and 1
initing  thread 'flag_transpose_thread' with databufs 1 and 2
initing  thread 'flag_beamform_thread' with databufs 2 and 3
starting thread 'flag_beamform_thread' with databufs 2 and 3
RTB: Initializing the beamformer...
RTB: Initializing beamformer weights...
BF: Weight file name: /home/groups/flag/hash/data/weights/tests/ULA//weights.in
In update_weights()...
starting thread 'flag_transpose_thread' with databufs 1 and 2
starting thread 'flag_net_thread' with databufs 0 and 1
NET: Starting Thread!!!
BFBE: Command to fits writer >> /home/groups/flag/dibas/exec/x86_64-linux/bfFitsWriter -i 0 -m p
set_mode(FLAG_RTBF_MODE): beginning wait for DAQ program
RUNNING PULSAR MODE
/tmp/fits_fifo_mburnett_0
Using FITS Control FIFO: /tmp/fits_fifo_mburnett_0
bfFitsWrite started
set_mode(FLAG_RTBF_MODE): wait for DAQ program ended.
Current mode is FLAG_RTBF_MODE
BFBE: TSTAMP  2017_05_24_20:01:46
BFBE: Writing CHANSEL=0
BFBE: Weight file name unchanged.
BFBE:  2017-05-24 20:01:40.519777 2017-05-24 20:01:46
Net: Ending scan after mcnt = 151875
NET: Moving back to ACQUIRE!
BFBE: Sleeping for 4.531696 seconds...
Start observations
BfFitsThread::run, instance_id = 0
HPC[20:1:40]:shmget key: 401997c4
HPC[20:1:40]:vegas_status_attach sem_open w/ /users_mburnett_hashpipe_status_0
HPC[20:1:40]:bf_databuf shmget key: 801997c4
HPC[20:1:40]:Setting bank name to A
status_buf: INSTANCE=                    0                                                  BANKNAM = 'I       '                                                            BINDHOST= '10.17.16.208'                                                        BINDPORT=                60000                                                  XID     = '8       '                                                            GPUDEV  = '0       '                                                            DATADIR = '/lustre/projects/flag/'                                              PROJID  = 'TMP     '                                                            MODENAME= 'FLAG_RTBF_MODE'                                                      WEIGHTD = '/home/groups/flag/hash/data/weights/tests/ULA/'                      NETSTAT = 'ACQUIRE '                                                            TRASTAT = 'init    '                                                            BEAMSTAT= 'init    '                                                            ELOFF0  =             0.000000                                                  AZOFF0  =             0.000000                                                  ELOFF1  =             0.000000                                                  AZOFF1  =            -2.000000                                                  ELOFF2  =             2.000000                                                  AZOFF2  =            -1.000000                                                  ELOFF3  =             2.000000                                                  AZOFF3  =             1.000000                                                  ELOFF4  =             0.000000                                                  AZOFF4  =             2.000000                                                  ELOFF5  =            -2.000000                                                  AZOFF5  =             1.000000                                                  ELOFF6  =            -2.000000                                                  AZOFF6  =            -1.000000                                                  BCALFILE= 'DUMMY2  '                                                            BALGORIT= 'ULA CFM w/ Chebwin 20dB'                                             BWFILE  = 'weights.in                                                      '    CORREADY=                    1                                                  TRAREADY=                    1                                                  NETREADY=                    T                                                  MISSEDFE=                    0                                                  MISSEDPK=                    0                                                  CLEANA  =                    T                                                  CLEANB  =                    T                                                  NETMCNT =                    0                                                  INTSTAT = 'start   '                                                            STRTDMJD= '57897.8345602'                                                       SCANLEN = '10      '                                                            TSTAMP  = '2017_05_24_20:01:46'                                                 REQSTI  = '1.0     '                                                            WFLAG   = '0       '                                                            BWEIFILE= ''                                                                    CHANSEL = '0       '                                                            DISKSTAT= 'Init    '                                                            END                                                                                                                                                                                                                                                                                                                                                                                                                                                                                                                                                                                                                                                                                                                                                                                                                                                                                                                                                                                                                                                                                                                                                                                                                                                                                                                                                                                                                                                                                                                                                                                                                                                                                                                                                                                                                                                                                                                                                                                                                                                                             
HPC[20:1:40]:NCHAN not set in status memory
HPC[20:1:40]:FITS: Received TSTAMP = 2017_05_24_20:01:46
HPC[20:1:40]:FITS: Filename Stage 1: /lustre/projects/flag//TMP/BF/2017_05_24_20:01:46
HPC[20:1:40]:FITS: Filename Stage 2: /lustre/projects/flag//TMP/BF/2017_05_24_20:01:46I
HPC[20:1:40]:FITS: Filename Stage 3: /lustre/projects/flag//TMP/BF/2017_05_24_20:01:46I.fits
HPC[20:1:40]:Opening file: /lustre/projects/flag//TMP/BF/2017_05_24_20:01:46I.fits
HPC[20:1:40]:/lustre/projects/flag//TMP/BF/2017_05_24_20:01:46I.fits
fitsio opened
SCANLEN: 10
mcnt: 0
mcnt: 200
mcnt: 400
mcnt: 600
mcnt: 800
mcnt: 1000
mcnt: 1200
mcnt: 1400
mcnt: 1600
mcnt: 1800
mcnt: 2000
mcnt: 2200
mcnt: 2400
mcnt: 2600
mcnt: 2800
mcnt: 3000
mcnt: 3200
mcnt: 3400
mcnt: 3600
mcnt: 3800
mcnt: 4000
mcnt: 4200
mcnt: 4400
mcnt: 4600
mcnt: 4800
mcnt: 5000
mcnt: 5200
mcnt: 5400
mcnt: 5600
mcnt: 5800
mcnt: 6000
mcnt: 6200
mcnt: 6400
mcnt: 6600
mcnt: 6800
mcnt: 7000
mcnt: 7200
mcnt: 7400
mcnt: 7600
mcnt: 7800
mcnt: 8000
mcnt: 8200
mcnt: 8400
mcnt: 8600
mcnt: 8800
mcnt: 9000
mcnt: 9200
mcnt: 9400
mcnt: 9600
mcnt: 9800
mcnt: 10000
mcnt: 10200
mcnt: 10400
mcnt: 10600
mcnt: 10800
mcnt: 11000
mcnt: 11200
mcnt: 11400
mcnt: 11600
mcnt: 11800
mcnt: 12000
mcnt: 12200
mcnt: 12400
mcnt: 12600
mcnt: 12800
mcnt: 13000
mcnt: 13200
mcnt: 13400
mcnt: 13600
mcnt: 13800
mcnt: 14000
mcnt: 14200
mcnt: 14400
mcnt: 14600
mcnt: 14800
mcnt: 15000
mcnt: 15200
mcnt: 15400
mcnt: 15600
mcnt: 15800
mcnt: 16000
mcnt: 16200
mcnt: 16400
mcnt: 16600
mcnt: 16800
mcnt: 17000
mcnt: 17200
mcnt: 17400
mcnt: 17600
mcnt: 17800
mcnt: 18000
mcnt: 18200
mcnt: 18400
mcnt: 18600
mcnt: 18800
mcnt: 19000
mcnt: 19200
mcnt: 19400
mcnt: 19600
mcnt: 19800
mcnt: 20000
mcnt: 20200
mcnt: 20400
mcnt: 20600
mcnt: 20800
mcnt: 21000
mcnt: 21200
mcnt: 21400
mcnt: 21600
mcnt: 21800
mcnt: 22000
mcnt: 22200
mcnt: 22400
mcnt: 22600
mcnt: 22800
mcnt: 23000
NET: Bad Block! mcnt = 26600, 506/1000
NET: Bad Block! mcnt = 26800, 830/1000
mcnt: 23200
mcnt: 23400
NET: Bad Block! mcnt = 27000, 603/1000
mcnt: 23600
mcnt: 23800
mcnt: 24000
NET: Bad Block! mcnt = 27600, 318/1000
mcnt: 24200
mcnt: 24400
NET: Bad Block! mcnt = 27800, 585/1000
mcnt: 24600
NET: Bad Block! mcnt = 28000, 603/1000
mcnt: 24800
NET: Bad Block! mcnt = 28200, 779/1000
NET: Bad Block! mcnt = 28400, 788/1000
mcnt: 25000
mcnt: 25200
NET: Bad Block! mcnt = 28600, 751/1000
mcnt: 25400
mcnt: 25600
NET: Bad Block! mcnt = 28800, 585/1000
NET: Bad Block! mcnt = 29000, 220/1000
NET: Bad Block! mcnt = 29200, 848/1000
mcnt: 25800
NET: Bad Block! mcnt = 29400, 314/1000
NET: Bad Block! mcnt = 29600, 365/1000
mcnt: 26000
mcnt: 26200
NET: Bad Block! mcnt = 29800, 763/1000
mcnt: 26400
NET: Bad Block! mcnt = 30000, 996/1000
NET: Bad Block! mcnt = 30200, 164/1000
mcnt: 26600
mcnt: 26800
mcnt: 27000
NET: Bad Block! mcnt = 30400, 56/1000
NET: Bad Block! mcnt = 30600, 800/1000
NET: Bad Block! mcnt = 30800, 362/1000
NET: Bad Block! mcnt = 31000, 40/1000
NET: Bad Block! mcnt = 31200, 761/1000
mcnt: 27200
mcnt: 27400
mcnt: 27600
mcnt: 27800
mcnt: 28000
NET: Bad Block! mcnt = 31400, 327/1000
mcnt: 28200
NET: Bad Block! mcnt = 31600, 815/1000
mcnt: 28400
mcnt: 28600
NET: Bad Block! mcnt = 31800, 345/1000
NET: Bad Block! mcnt = 32000, 56/1000
NET: Bad Block! mcnt = 32200, 50/1000
mcnt: 28800
NET: Bad Block! mcnt = 32600, 152/1000
mcnt: 29000
mcnt: 29200
mcnt: 29400
NET: Bad Block! mcnt = 33000, 719/1000
mcnt: 29600
mcnt: 29800
NET: Bad Block! mcnt = 33200, 368/1000
NET: Bad Block! mcnt = 33400, 815/1000
mcnt: 30000
mcnt: 30200
NET: Bad Block! mcnt = 33600, 345/1000
mcnt: 30400
mcnt: 30600
NET: Bad Block! mcnt = 34000, 105/1000
mcnt: 30800
mcnt: 31000
NET: Bad Block! mcnt = 34400, 794/1000
NET: Bad Block! mcnt = 34600, 357/1000
mcnt: 31200
mcnt: 31400
mcnt: 31600
NET: Bad Block! mcnt = 35000, 119/1000
NET: Bad Block! mcnt = 35200, 715/1000
NET: Bad Block! mcnt = 35400, 570/1000
mcnt: 31800
mcnt: 32000
NET: Bad Block! mcnt = 35600, 498/1000
mcnt: 32200
mcnt: 32400
NET: Bad Block! mcnt = 35800, 345/1000
mcnt: 32600
NET: Bad Block! mcnt = 36200, 105/1000
mcnt: 12800
NET: Bad Block! mcnt = 36600, 83/1000
mcnt: 33000
mcnt: 33200
mcnt: 33400
NET: Bad Block! mcnt = 36800, 711/1000
mcnt: 33600
NET: Bad Block! mcnt = 37000, 357/1000
mcnt: 13800
NET: Bad Block! mcnt = 37400, 59/1000
mcnt: 34000
NET: Bad Block! mcnt = 37600, 60/1000
mcnt: 14200
NET: Bad Block! mcnt = 37800, 839/1000
mcnt: 34400
NET: Bad Block! mcnt = 38000, 446/1000
mcnt: 34600
NET: Bad Block! mcnt = 38200, 498/1000
mcnt: 14800
NET: Bad Block! mcnt = 38400, 345/1000
NET: Bad Block! mcnt = 38800, 95/1000
mcnt: 35000
mcnt: 35200
mcnt: 35400
NET: Bad Block! mcnt = 39000, 10/1000
NET: Bad Block! mcnt = 39200, 84/1000
mcnt: 35600
NET: Bad Block! mcnt = 39400, 125/1000
mcnt: 35800
mcnt: 16000
NET: Bad Block! mcnt = 39600, 586/1000
NET: Bad Block! mcnt = 39800, 357/1000
mcnt: 36200
mcnt: 16400
mcnt: 36600
NET: Bad Block! mcnt = 40200, 59/1000
NET: Bad Block! mcnt = 40400, 60/1000
NET: Bad Block! mcnt = 40600, 81/1000
mcnt: 36800
mcnt: 37000
mcnt: 17200
NET: Bad Block! mcnt = 40800, 758/1000
NET: Bad Block! mcnt = 41000, 652/1000
mcnt: 37400
mcnt: 37600
NET: Bad Block! mcnt = 41200, 292/1000
NET: Bad Block! mcnt = 41400, 345/1000
mcnt: 37800
mcnt: 38000
NET: Bad Block! mcnt = 41800, 95/1000
mcnt: 38200
mcnt: 38400
mcnt: 18600
NET: Bad Block! mcnt = 42200, 9/1000
mcnt: 38800
NET: Bad Block! mcnt = 42400, 84/1000
mcnt: 39000
NET: Bad Block! mcnt = 42600, 125/1000
mcnt: 39200
NET: Bad Block! mcnt = 42800, 586/1000
mcnt: 39400
NET: Bad Block! mcnt = 43000, 357/1000
NET: Bad Block! mcnt = 43200, 25/1000
NET: Bad Block! mcnt = 43400, 35/1000
mcnt: 39600
mcnt: 39800
mcnt: 20000
NET: Bad Block! mcnt = 43600, 141/1000
NET: Bad Block! mcnt = 43800, 508/1000
NET: Bad Block! mcnt = 44000, 902/1000
mcnt: 40200
mcnt: 40400
mcnt: 40600
NET: Bad Block! mcnt = 44200, 292/1000
NET: Bad Block! mcnt = 44400, 345/1000
mcnt: 40800
mcnt: 41000
NET: Bad Block! mcnt = 44600, 15/1000
mcnt: 41200
NET: Bad Block! mcnt = 44800, 81/1000
NET: Bad Block! mcnt = 45000, 10/1000
mcnt: 41400
mcnt: 21600
NET: Bad Block! mcnt = 45200, 209/1000
mcnt: 41800
NET: Bad Block! mcnt = 45400, 586/1000
mcnt: 22000
mcnt: 42200
NET: Bad Block! mcnt = 45800, 356/1000
NET: Bad Block! mcnt = 46000, 25/1000
NET: Bad Block! mcnt = 46200, 176/1000
mcnt: 42400
mcnt: 42600
mcnt: 42800
mcnt: 43000
NET: Bad Block! mcnt = 46400, 567/1000
NET: Bad Block! mcnt = 46800, 480/1000
mcnt: 43200
mcnt: 43400
NET: Bad Block! mcnt = 47000, 15/1000
mcnt: 43600
NET: Bad Block! mcnt = 47200, 84/1000
mcnt: 43800
NET: Bad Block! mcnt = 47400, 7/1000
mcnt: 44000
NET: Bad Block! mcnt = 47600, 249/1000
mcnt: 44200
mcnt: 44400
NET: Bad Block! mcnt = 47800, 546/1000
mcnt: 44600
mcnt: 44800
NET: Bad Block! mcnt = 48000, 382/1000
NET: Bad Block! mcnt = 48200, 176/1000
mcnt: 45000
NET: Bad Block! mcnt = 48400, 567/1000
NET: Bad Block! mcnt = 48600, 933/1000
NET: Bad Block! mcnt = 48800, 547/1000
mcnt: 45200
mcnt: 45400
mcnt: 25600
NET: Bad Block! mcnt = 49000, 70/1000
NET: Bad Block! mcnt = 49200, 29/1000
NET: Bad Block! mcnt = 49400, 40/1000
mcnt: 45800
mcnt: 46000
mcnt: 46200
NET: Bad Block! mcnt = 49600, 762/1000
NET: Bad Block! mcnt = 49800, 382/1000
NET: Bad Block! mcnt = 50000, 734/1000
NET: Bad Block! mcnt = 50200, 185/1000
mcnt: 46400
mcnt: 46600
mcnt: 46800
mcnt: 47000
mcnt: 47200
NET: Bad Block! mcnt = 50600, 403/1000
mcnt: 47400
NET: Bad Block! mcnt = 50800, 40/1000
NET: Bad Block! mcnt = 51000, 284/1000
NET: Bad Block! mcnt = 51200, 860/1000
mcnt: 47600
mcnt: 47800
mcnt: 48000
NET: Bad Block! mcnt = 51400, 625/1000
NET: Bad Block! mcnt = 51600, 294/1000
mcnt: 48200
NET: Bad Block! mcnt = 51800, 600/1000
mcnt: 48400
mcnt: 48600
NET: Bad Block! mcnt = 52000, 810/1000
NET: Bad Block! mcnt = 52200, 167/1000
NET: Bad Block! mcnt = 52400, 414/1000
mcnt: 48800
mcnt: 49000
NET: Bad Block! mcnt = 52800, 421/1000
mcnt: 49200
mcnt: 49400
NET: Bad Block! mcnt = 53000, 694/1000
NET: Bad Block! mcnt = 53200, 838/1000
mcnt: 49600
mcnt: 49800
NET: Bad Block! mcnt = 53400, 553/1000
mcnt: 50000
mcnt: 50200
NET: Bad Block! mcnt = 53600, 810/1000
NET: Bad Block! mcnt = 53800, 611/1000
mcnt: 50400
mcnt: 50600
NET: Bad Block! mcnt = 54000, 704/1000
NET: Bad Block! mcnt = 54200, 894/1000
mcnt: 50800
NET: Bad Block! mcnt = 54400, 562/1000
mcnt: 51000
mcnt: 51200
mcnt: 51400
NET: Bad Block! mcnt = 54800, 493/1000
mcnt: 51600
NET: Bad Block! mcnt = 55200, 451/1000
mcnt: 51800
mcnt: 52000
NET: Bad Block! mcnt = 55400, 945/1000
NET: Bad Block! mcnt = 55800, 755/1000
NET: Bad Block! mcnt = 56000, 750/1000
NET: Bad Block! mcnt = 56200, 190/1000
mcnt: 52200
mcnt: 52400
mcnt: 52600
mcnt: 52800
mcnt: 53000
NET: Bad Block! mcnt = 56600, 955/1000
mcnt: 53200
mcnt: 53400
NET: Bad Block! mcnt = 57000, 361/1000
NET: Bad Block! mcnt = 57200, 190/1000
NET: Bad Block! mcnt = 57400, 839/1000
mcnt: 53600
mcnt: 53800
mcnt: 54000
mcnt: 54200
NET: Bad Block! mcnt = 57800, 744/1000
mcnt: 54400
NET: Bad Block! mcnt = 58000, 733/1000
mcnt: 54600
mcnt: 54800
NET: Bad Block! mcnt = 58200, 400/1000
NET: Bad Block! mcnt = 58400, 629/1000
NET: Bad Block! mcnt = 58600, 883/1000
NET: Bad Block! mcnt = 58800, 861/1000
mcnt: 55000
mcnt: 55200
mcnt: 55400
NET: Bad Block! mcnt = 59000, 720/1000
mcnt: 55600
NET: Bad Block! mcnt = 59200, 413/1000
NET: Bad Block! mcnt = 59400, 435/1000
mcnt: 55800
mcnt: 56000
mcnt: 56200
NET: Bad Block! mcnt = 59600, 764/1000
NET: Bad Block! mcnt = 60000, 989/1000
mcnt: 56400
mcnt: 56600
NET: Bad Block! mcnt = 60200, 318/1000
NET: Bad Block! mcnt = 60400, 830/1000
mcnt: 56800
mcnt: 57000
NET: Bad Block! mcnt = 60600, 423/1000
mcnt: 57200
NET: Bad Block! mcnt = 60800, 946/1000
mcnt: 57400
mcnt: 57600
NET: Bad Block! mcnt = 61000, 905/1000
NET: Bad Block! mcnt = 61200, 512/1000
NET: Bad Block! mcnt = 61400, 720/1000
mcnt: 57800
mcnt: 58000
NET: Bad Block! mcnt = 61600, 545/1000
mcnt: 58200
mcnt: 58400
mcnt: 58600
NET: Bad Block! mcnt = 62000, 813/1000
NET: Bad Block! mcnt = 62400, 587/1000
mcnt: 58800
mcnt: 59000
mcnt: 59200
NET: Bad Block! mcnt = 62600, 601/1000
NET: Bad Block! mcnt = 62800, 890/1000
NET: Bad Block! mcnt = 63000, 703/1000
NET: Bad Block! mcnt = 63200, 725/1000
mcnt: 59400
mcnt: 59600
mcnt: 59800
mcnt: 60000
NET: Bad Block! mcnt = 63400, 660/1000
mcnt: 60200
mcnt: 60400
NET: Bad Block! mcnt = 64000, 144/1000
mcnt: 60600
NET: Bad Block! mcnt = 64600, 362/1000
mcnt: 60800
mcnt: 61000
mcnt: 61200
mcnt: 61400
NET: Bad Block! mcnt = 64800, 932/1000
NET: Bad Block! mcnt = 65000, 282/1000
NET: Bad Block! mcnt = 65200, 930/1000
NET: Bad Block! mcnt = 65400, 823/1000
mcnt: 61600
mcnt: 61800
mcnt: 62000
mcnt: 62200
NET: Bad Block! mcnt = 65600, 539/1000
NET: Bad Block! mcnt = 45800, 356/1000
NET: Bad Block! mcnt = 66000, 819/1000
mcnt: 62400
mcnt: 62600
NET: Bad Block! mcnt = 66400, 900/1000
NET: Bad Block! mcnt = 66600, 786/1000
mcnt: 62800
mcnt: 63000
mcnt: 63200
mcnt: 63400
NET: Bad Block! mcnt = 46800, 480/1000
NET: Bad Block! mcnt = 67000, 620/1000
mcnt: 63600
mcnt: 63800
mcnt: 64000
mcnt: 64200
NET: Bad Block! mcnt = 67600, 885/1000
mcnt: 64400
NET: Bad Block! mcnt = 67800, 102/1000
NET: Bad Block! mcnt = 68000, 739/1000
mcnt: 64600
mcnt: 64800
mcnt: 65000
NET: Bad Block! mcnt = 68400, 780/1000
mcnt: 65200
NET: Bad Block! mcnt = 68600, 585/1000
mcnt: 65400
NET: Bad Block! mcnt = 68800, 300/1000
mcnt: 65600
NET: Bad Block! mcnt = 69000, 522/1000
NET: Bad Block! mcnt = 69200, 768/1000
NET: Bad Block! mcnt = 69400, 966/1000
mcnt: 45800
mcnt: 66000
mcnt: 66200
NET: Bad Block! mcnt = 69600, 950/1000
NET: Bad Block! mcnt = 69800, 390/1000
NET: Bad Block! mcnt = 70000, 432/1000
mcnt: 66400
mcnt: 66600
mcnt: 46800
NET: Bad Block! mcnt = 70200, 795/1000
mcnt: 67000
mcnt: 67200
NET: Bad Block! mcnt = 70600, 889/1000
mcnt: 67400
NET: Bad Block! mcnt = 70800, 469/1000
mcnt: 67600
NET: Bad Block! mcnt = 71000, 478/1000
mcnt: 67800
NET: Bad Block! mcnt = 71200, 670/1000
NET: Bad Block! mcnt = 71400, 565/1000
NET: Bad Block! mcnt = 71600, 834/1000
NET: Bad Block! mcnt = 71800, 697/1000
mcnt: 68000
mcnt: 68200
mcnt: 68400
NET: Bad Block! mcnt = 72000, 480/1000
mcnt: 68600
mcnt: 68800
NET: Bad Block! mcnt = 72200, 629/1000
mcnt: 69000
NET: Bad Block! mcnt = 72400, 866/1000
mcnt: 69200
mcnt: 69400
NET: Bad Block! mcnt = 72600, 628/1000
NET: Bad Block! mcnt = 72800, 681/1000
NET: Bad Block! mcnt = 73000, 731/1000
NET: Bad Block! mcnt = 73200, 834/1000
mcnt: 69600
mcnt: 69800
mcnt: 70000
mcnt: 70200
NET: Bad Block! mcnt = 73400, 742/1000
mcnt: 70400
mcnt: 70600
NET: Bad Block! mcnt = 73800, 780/1000
NET: Bad Block! mcnt = 74000, 855/1000
NET: Bad Block! mcnt = 74200, 844/1000
mcnt: 70800
mcnt: 71000
mcnt: 71200
mcnt: 71400
NET: Bad Block! mcnt = 74600, 592/1000
NET: Bad Block! mcnt = 74800, 625/1000
mcnt: 71600
mcnt: 71800
mcnt: 72000
mcnt: 72200
mcnt: 72400
NET: Bad Block! mcnt = 75400, 881/1000
NET: Bad Block! mcnt = 75600, 625/1000
mcnt: 72600
NET: Bad Block! mcnt = 75800, 146/1000
mcnt: 72800
mcnt: 73000
mcnt: 73200
mcnt: 73400
NET: Bad Block! mcnt = 76600, 506/1000
NET: Bad Block! mcnt = 76800, 710/1000
mcnt: 73600
mcnt: 73800
mcnt: 74000
NET: Bad Block! mcnt = 77000, 885/1000
mcnt: 74200
NET: Bad Block! mcnt = 77400, 911/1000
NET: Bad Block! mcnt = 77600, 710/1000
mcnt: 74400
mcnt: 74600
NET: Bad Block! mcnt = 77800, 505/1000
mcnt: 74800
mcnt: 75000
mcnt: 75200
mcnt: 75400
mcnt: 75600
NET: Bad Block! mcnt = 78400, 820/1000
NET: Bad Block! mcnt = 78600, 557/1000
mcnt: 75800
mcnt: 76000
mcnt: 76200
NET: Bad Block! mcnt = 79200, 949/1000
mcnt: 76400
mcnt: 76600
mcnt: 76800
NET: Bad Block! mcnt = 79400, 735/1000
NET: Bad Block! mcnt = 80000, 901/1000
mcnt: 77000
mcnt: 77200
mcnt: 77400
mcnt: 77600
NET: Bad Block! mcnt = 80200, 935/1000
mcnt: 77800
mcnt: 78000
mcnt: 78200
NET: Bad Block! mcnt = 80800, 756/1000
mcnt: 78400
NET: Bad Block! mcnt = 81000, 750/1000
mcnt: 78600
mcnt: 78800
NET: Bad Block! mcnt = 81200, 820/1000
mcnt: 79000
mcnt: 79200
NET: Bad Block! mcnt = 81800, 937/1000
mcnt: 79400
mcnt: 79600
NET: Bad Block! mcnt = 82400, 871/1000
mcnt: 79800
mcnt: 80000
mcnt: 80200
mcnt: 80400
mcnt: 80600
mcnt: 80800
NET: Bad Block! mcnt = 84000, 991/1000
mcnt: 81000
mcnt: 81200
mcnt: 81400
mcnt: 81600
mcnt: 81800
mcnt: 82000
mcnt: 82200
mcnt: 82400
mcnt: 82600
mcnt: 82800
mcnt: 83000
mcnt: 83200
mcnt: 83400
mcnt: 83600
mcnt: 83800
mcnt: 84000
mcnt: 84200
mcnt: 84400
mcnt: 84600
mcnt: 84800
mcnt: 85000
mcnt: 85200
mcnt: 85400
mcnt: 85600
mcnt: 85800
mcnt: 86000
mcnt: 86200
mcnt: 86400
mcnt: 86600
mcnt: 86800
mcnt: 87000
mcnt: 87200
mcnt: 87400
mcnt: 87600
mcnt: 87800
mcnt: 88000
mcnt: 88200
mcnt: 88400
mcnt: 88600
mcnt: 88800
mcnt: 89000
mcnt: 89200
mcnt: 89400
mcnt: 89600
mcnt: 89800
mcnt: 90000
mcnt: 90200
mcnt: 90400
mcnt: 90600
mcnt: 90800
mcnt: 91000
mcnt: 91200
mcnt: 91400
mcnt: 91600
mcnt: 91800
mcnt: 92000
mcnt: 92200
mcnt: 92400
mcnt: 92600
mcnt: 92800
mcnt: 93000
mcnt: 93200
mcnt: 93400
mcnt: 93600
mcnt: 93800
mcnt: 94000
mcnt: 94200
mcnt: 94400
mcnt: 94600
mcnt: 94800
mcnt: 95000
mcnt: 95200
mcnt: 95400
mcnt: 95600
mcnt: 95800
mcnt: 96000
mcnt: 96200
mcnt: 96400
mcnt: 96600
mcnt: 96800
mcnt: 97000
mcnt: 97200
mcnt: 97400
mcnt: 97600
mcnt: 97800
mcnt: 98000
mcnt: 98200
mcnt: 98400
mcnt: 98600
mcnt: 98800
mcnt: 99000
mcnt: 99200
mcnt: 99400
mcnt: 99600
mcnt: 99800
mcnt: 100000
mcnt: 100200
mcnt: 100400
mcnt: 100600
mcnt: 100800
mcnt: 101000
mcnt: 101200
mcnt: 101400
mcnt: 101600
mcnt: 101800
mcnt: 102000
mcnt: 102200
NET: Bad Block! mcnt = 106000, 816/1000
NET: Bad Block! mcnt = 106200, 690/1000
NET: Bad Block! mcnt = 106400, 935/1000
mcnt: 102400
mcnt: 102600
mcnt: 102800
mcnt: 103000
mcnt: 103200
NET: Bad Block! mcnt = 106600, 567/1000
mcnt: 103400
mcnt: 103600
mcnt: 103800
mcnt: 104000
mcnt: 104200
NET: Bad Block! mcnt = 107200, 4/1000
NET: Bad Block! mcnt = 107400, 628/1000
NET: Bad Block! mcnt = 107600, 577/1000
NET: Bad Block! mcnt = 107800, 556/1000
NET: Bad Block! mcnt = 108000, 801/1000
mcnt: 104400
mcnt: 104600
mcnt: 104800
NET: Bad Block! mcnt = 108200, 940/1000
mcnt: 105000
NET: Bad Block! mcnt = 108400, 44/1000
mcnt: 105200
NET: Bad Block! mcnt = 108600, 588/1000
mcnt: 105400
NET: Bad Block! mcnt = 108800, 528/1000
NET: Bad Block! mcnt = 109000, 269/1000
mcnt: 105600
mcnt: 105800
NET: Bad Block! mcnt = 109200, 477/1000
NET: Bad Block! mcnt = 109400, 660/1000
NET: Bad Block! mcnt = 109600, 759/1000
mcnt: 106000
mcnt: 106200
mcnt: 106400
mcnt: 106600
mcnt: 106800
mcnt: 107000
NET: Bad Block! mcnt = 109800, 225/1000
NET: Bad Block! mcnt = 110000, 150/1000
NET: Bad Block! mcnt = 110200, 438/1000
NET: Bad Block! mcnt = 110400, 528/1000
NET: Bad Block! mcnt = 110600, 269/1000
mcnt: 107200
NET: Bad Block! mcnt = 110800, 477/1000
NET: Bad Block! mcnt = 111000, 432/1000
mcnt: 107400
mcnt: 107600
mcnt: 107800
NET: Bad Block! mcnt = 111200, 433/1000
mcnt: 108000
NET: Bad Block! mcnt = 111400, 554/1000
mcnt: 108200
NET: Bad Block! mcnt = 111600, 305/1000
mcnt: 108400
mcnt: 108600
NET: Bad Block! mcnt = 111800, 70/1000
NET: Bad Block! mcnt = 112000, 438/1000
NET: Bad Block! mcnt = 112200, 365/1000
NET: Bad Block! mcnt = 112400, 163/1000
mcnt: 108800
mcnt: 109000
NET: Bad Block! mcnt = 112600, 269/1000
mcnt: 109200
mcnt: 109400
mcnt: 109600
mcnt: 109800
mcnt: 110000
NET: Bad Block! mcnt = 112800, 477/1000
NET: Bad Block! mcnt = 113000, 432/1000
NET: Bad Block! mcnt = 113200, 204/1000
NET: Bad Block! mcnt = 113400, 229/1000
mcnt: 110200
NET: Bad Block! mcnt = 113600, 554/1000
NET: Bad Block! mcnt = 113800, 305/1000
NET: Bad Block! mcnt = 114000, 70/1000
NET: Bad Block! mcnt = 114200, 438/1000
mcnt: 110400
mcnt: 110600
mcnt: 110800
NET: Bad Block! mcnt = 114400, 90/1000
NET: Bad Block! mcnt = 114600, 438/1000
mcnt: 111000
mcnt: 111200
mcnt: 111400
NET: Bad Block! mcnt = 114800, 140/1000
mcnt: 111600
NET: Bad Block! mcnt = 115000, 606/1000
NET: Bad Block! mcnt = 115200, 432/1000
mcnt: 111800
NET: Bad Block! mcnt = 115400, 433/1000
mcnt: 112000
mcnt: 112200
mcnt: 112400
mcnt: 112600
mcnt: 112800
NET: Bad Block! mcnt = 115600, 118/1000
mcnt: 113000
NET: Bad Block! mcnt = 115800, 541/1000
NET: Bad Block! mcnt = 116000, 200/1000
NET: Bad Block! mcnt = 116200, 70/1000
NET: Bad Block! mcnt = 116400, 528/1000
NET: Bad Block! mcnt = 116600, 79/1000
mcnt: 113200
NET: Bad Block! mcnt = 116800, 499/1000
mcnt: 113400
NET: Bad Block! mcnt = 117000, 600/1000
mcnt: 113600
NET: Bad Block! mcnt = 117200, 309/1000
mcnt: 113800
NET: Bad Block! mcnt = 117400, 268/1000
mcnt: 114000
NET: Bad Block! mcnt = 117600, 354/1000
mcnt: 114200
NET: Bad Block! mcnt = 117800, 442/1000
mcnt: 114400
NET: Bad Block! mcnt = 118000, 357/1000
NET: Bad Block! mcnt = 118200, 70/1000
mcnt: 114600
mcnt: 114800
NET: Bad Block! mcnt = 118400, 528/1000
mcnt: 115000
mcnt: 115200
mcnt: 115400
mcnt: 115600
mcnt: 115800
NET: Bad Block! mcnt = 118600, 79/1000
mcnt: 116000
mcnt: 116200
NET: Bad Block! mcnt = 118800, 499/1000
NET: Bad Block! mcnt = 119200, 649/1000
NET: Bad Block! mcnt = 119400, 259/1000
NET: Bad Block! mcnt = 119600, 268/1000
mcnt: 116400
NET: Bad Block! mcnt = 119800, 354/1000
mcnt: 116600
NET: Bad Block! mcnt = 120000, 120/1000
NET: Bad Block! mcnt = 120200, 322/1000
NET: Bad Block! mcnt = 120400, 357/1000
mcnt: 116800
mcnt: 117000
NET: Bad Block! mcnt = 120600, 70/1000
mcnt: 117200
mcnt: 117400
NET: Bad Block! mcnt = 120800, 405/1000
NET: Bad Block! mcnt = 121000, 202/1000
NET: Bad Block! mcnt = 121200, 375/1000
NET: Bad Block! mcnt = 121400, 124/1000
mcnt: 117600
mcnt: 117800
mcnt: 118000
mcnt: 118200
mcnt: 118400
mcnt: 118600
mcnt: 118800
mcnt: 99000
mcnt: 119200
mcnt: 119400
mcnt: 119600
NET: Bad Block! mcnt = 122000, 706/1000
NET: Bad Block! mcnt = 122200, 201/1000
NET: Bad Block! mcnt = 122400, 383/1000
NET: Bad Block! mcnt = 122600, 359/1000
NET: Bad Block! mcnt = 122800, 322/1000
NET: Bad Block! mcnt = 123000, 357/1000
NET: Bad Block! mcnt = 123200, 70/1000
NET: Bad Block! mcnt = 123400, 405/1000
NET: Bad Block! mcnt = 123600, 202/1000
mcnt: 119800
mcnt: 120000
mcnt: 120200
mcnt: 120400
NET: Bad Block! mcnt = 123800, 499/1000
mcnt: 120600
mcnt: 120800
mcnt: 121000
NET: Bad Block! mcnt = 124600, 430/1000
mcnt: 121200
mcnt: 121400
mcnt: 101600
mcnt: 101800
mcnt: 122000
mcnt: 122200
mcnt: 122400
NET: Bad Block! mcnt = 124800, 476/1000
NET: Bad Block! mcnt = 125000, 638/1000
NET: Bad Block! mcnt = 125200, 104/1000
NET: Bad Block! mcnt = 125400, 322/1000
NET: Bad Block! mcnt = 125600, 427/1000
NET: Bad Block! mcnt = 125800, 128/1000
NET: Bad Block! mcnt = 126000, 467/1000
NET: Bad Block! mcnt = 126200, 12/1000
NET: Bad Block! mcnt = 126400, 499/1000
NET: Bad Block! mcnt = 106600, 567/1000
mcnt: 122600
mcnt: 122800
mcnt: 123000
mcnt: 123200
mcnt: 123400
mcnt: 123600
NET: Bad Block! mcnt = 107200, 4/1000
NET: Bad Block! mcnt = 127400, 429/1000
mcnt: 123800
mcnt: 104000
NET: Bad Block! mcnt = 127600, 476/1000
NET: Bad Block! mcnt = 127800, 230/1000
mcnt: 104200
mcnt: 104400
mcnt: 124600
NET: Bad Block! mcnt = 128000, 408/1000
mcnt: 124800
mcnt: 125000
mcnt: 125200
NET: Bad Block! mcnt = 128200, 104/1000
mcnt: 125400
mcnt: 125600
NET: Bad Block! mcnt = 128400, 322/1000
NET: Bad Block! mcnt = 128600, 555/1000
NET: Bad Block! mcnt = 128800, 303/1000
NET: Bad Block! mcnt = 129000, 176/1000
NET: Bad Block! mcnt = 129200, 475/1000
NET: Bad Block! mcnt = 129400, 24/1000
mcnt: 125800
mcnt: 126000
NET: Bad Block! mcnt = 109600, 759/1000
mcnt: 126200
NET: Bad Block! mcnt = 109800, 225/1000
mcnt: 126400
mcnt: 106600
NET: Bad Block! mcnt = 110000, 150/1000
NET: Bad Block! mcnt = 130200, 415/1000
mcnt: 106800
NET: Bad Block! mcnt = 130400, 245/1000
mcnt: 107000
mcnt: 107200
NET: Bad Block! mcnt = 130600, 246/1000
NET: Bad Block! mcnt = 130800, 230/1000
mcnt: 127400
mcnt: 127600
NET: Bad Block! mcnt = 131000, 330/1000
mcnt: 127800
NET: Bad Block! mcnt = 131200, 182/1000
NET: Bad Block! mcnt = 131400, 322/1000
mcnt: 128000
mcnt: 128200
mcnt: 128400
NET: Bad Block! mcnt = 111600, 305/1000
mcnt: 128600
mcnt: 128800
mcnt: 129000
mcnt: 129200
NET: Bad Block! mcnt = 131800, 907/1000
NET: Bad Block! mcnt = 132000, 403/1000
NET: Bad Block! mcnt = 132200, 222/1000
NET: Bad Block! mcnt = 112400, 163/1000
NET: Bad Block! mcnt = 112600, 269/1000
NET: Bad Block! mcnt = 112800, 477/1000
mcnt: 129400
NET: Bad Block! mcnt = 113000, 432/1000
mcnt: 109600
NET: Bad Block! mcnt = 133200, 1/1000
mcnt: 109800
mcnt: 110000
NET: Bad Block! mcnt = 133400, 548/1000
NET: Bad Block! mcnt = 133600, 356/1000
mcnt: 130200
mcnt: 130400
mcnt: 130600
NET: Bad Block! mcnt = 133800, 230/1000
NET: Bad Block! mcnt = 134000, 330/1000
NET: Bad Block! mcnt = 134200, 182/1000
mcnt: 130800
NET: Bad Block! mcnt = 134400, 322/1000
mcnt: 131000
NET: Bad Block! mcnt = 134600, 1/1000
mcnt: 131200
mcnt: 131400
NET: Bad Block! mcnt = 134800, 780/1000
NET: Bad Block! mcnt = 135000, 530/1000
mcnt: 111600
NET: Bad Block! mcnt = 135200, 222/1000
NET: Bad Block! mcnt = 115400, 433/1000
mcnt: 131800
mcnt: 132000
mcnt: 132200
mcnt: 112400
mcnt: 112600
mcnt: 112800
NET: Bad Block! mcnt = 115600, 118/1000
NET: Bad Block! mcnt = 115800, 541/1000
NET: Bad Block! mcnt = 116000, 200/1000
NET: Bad Block! mcnt = 136200, 1/1000
NET: Bad Block! mcnt = 136400, 43/1000
mcnt: 113000
mcnt: 133200
NET: Bad Block! mcnt = 136600, 861/1000
NET: Bad Block! mcnt = 136800, 155/1000
mcnt: 133400
mcnt: 133600
mcnt: 133800
NET: Bad Block! mcnt = 137000, 75/1000
NET: Bad Block! mcnt = 137200, 512/1000
mcnt: 134000
NET: Bad Block! mcnt = 137400, 322/1000
NET: Bad Block! mcnt = 137600, 1/1000
mcnt: 134200
mcnt: 134400
NET: Bad Block! mcnt = 137800, 607/1000
NET: Bad Block! mcnt = 138000, 703/1000
NET: Bad Block! mcnt = 138200, 222/1000
mcnt: 134600
mcnt: 134800
mcnt: 135000
NET: Bad Block! mcnt = 118400, 528/1000
mcnt: 135200
mcnt: 115400
NET: Bad Block! mcnt = 118600, 79/1000
NET: Bad Block! mcnt = 118800, 499/1000
mcnt: 115600
mcnt: 115800
mcnt: 116000
mcnt: 136200
mcnt: 136400
NET: Bad Block! mcnt = 119200, 649/1000
NET: Bad Block! mcnt = 139400, 1/1000
NET: Bad Block! mcnt = 139600, 1/1000
NET: Bad Block! mcnt = 139800, 232/1000
NET: Bad Block! mcnt = 140000, 670/1000
NET: Bad Block! mcnt = 140200, 186/1000
NET: Bad Block! mcnt = 140400, 44/1000
NET: Bad Block! mcnt = 140600, 834/1000
mcnt: 136600
mcnt: 136800
mcnt: 137000
mcnt: 137200
NET: Bad Block! mcnt = 140800, 1/1000
mcnt: 137400
mcnt: 137600
NET: Bad Block! mcnt = 141000, 495/1000
NET: Bad Block! mcnt = 141200, 937/1000
NET: Bad Block! mcnt = 141400, 100/1000
mcnt: 137800
mcnt: 138000
mcnt: 138200
mcnt: 118400
NET: Bad Block! mcnt = 122000, 706/1000
mcnt: 118600
mcnt: 118800
NET: Bad Block! mcnt = 122200, 201/1000
mcnt: 99000
NET: Bad Block! mcnt = 122400, 383/1000
mcnt: 119200
mcnt: 139400
NET: Bad Block! mcnt = 142600, 1/1000
NET: Bad Block! mcnt = 142800, 108/1000
NET: Bad Block! mcnt = 143000, 465/1000
mcnt: 139600
mcnt: 139800
mcnt: 140000
mcnt: 140200
mcnt: 140400
NET: Bad Block! mcnt = 143200, 516/1000
NET: Bad Block! mcnt = 143400, 10/1000
NET: Bad Block! mcnt = 143600, 99/1000
NET: Bad Block! mcnt = 143800, 769/1000
NET: Bad Block! mcnt = 144000, 1/1000
mcnt: 140600
NET: Bad Block! mcnt = 144200, 495/1000
mcnt: 140800
mcnt: 141000
NET: Bad Block! mcnt = 144400, 345/1000
mcnt: 141200
NET: Bad Block! mcnt = 144600, 592/1000
mcnt: 141400
NET: Bad Block! mcnt = 144800, 100/1000
mcnt: 101600
NET: Bad Block! mcnt = 125000, 638/1000
NET: Bad Block! mcnt = 125200, 104/1000
mcnt: 101800
NET: Bad Block! mcnt = 125400, 322/1000
mcnt: 122000
NET: Bad Block! mcnt = 125600, 427/1000
NET: Bad Block! mcnt = 125800, 128/1000
mcnt: 122200
mcnt: 122400
mcnt: 142600
NET: Bad Block! mcnt = 146000, 1/1000
NET: Bad Block! mcnt = 146200, 108/1000
NET: Bad Block! mcnt = 146400, 465/1000
NET: Bad Block! mcnt = 146600, 526/1000
NET: Bad Block! mcnt = 146800, 99/1000
mcnt: 142800
mcnt: 143000
mcnt: 143200
mcnt: 143400
mcnt: 143600
NET: Bad Block! mcnt = 147000, 445/1000
mcnt: 143800
mcnt: 144000
NET: Bad Block! mcnt = 147200, 324/1000
NET: Bad Block! mcnt = 147400, 221/1000
mcnt: 144200
NET: Bad Block! mcnt = 147600, 275/1000
NET: Bad Block! mcnt = 147800, 345/1000
mcnt: 144400
NET: Bad Block! mcnt = 148000, 592/1000
mcnt: 144600
mcnt: 144800
NET: Bad Block! mcnt = 148200, 100/1000
mcnt: 125000
NET: Bad Block! mcnt = 128400, 322/1000
NET: Bad Block! mcnt = 128600, 555/1000
NET: Bad Block! mcnt = 128800, 303/1000
NET: Bad Block! mcnt = 129000, 176/1000
mcnt: 125200
mcnt: 125400
mcnt: 125600
mcnt: 125800
NET: Bad Block! mcnt = 129200, 475/1000
NET: Bad Block! mcnt = 149400, 1/1000
mcnt: 146000
mcnt: 146200
NET: Bad Block! mcnt = 149600, 108/1000
NET: Bad Block! mcnt = 149800, 465/1000
NET: Bad Block! mcnt = 150000, 526/1000
NET: Bad Block! mcnt = 130200, 415/1000
mcnt: 146400
mcnt: 146600
mcnt: 146800
mcnt: 147000
mcnt: 147200
mcnt: 147400
NET: Bad Block! mcnt = 150400, 543/1000
NET: Bad Block! mcnt = 130600, 246/1000
NET: Bad Block! mcnt = 150800, 323/1000
NET: Bad Block! mcnt = 151000, 221/1000
NET: Bad Block! mcnt = 151200, 275/1000
NET: Bad Block! mcnt = 131400, 322/1000
mcnt: 147600
mcnt: 147800
mcnt: 148000
NET: Bad Block! mcnt = 151600, 769/1000
mcnt: 148200
mcnt: 128400
NET: Bad Block! mcnt = 151800, 167/1000
NET: CLEANUP condition met!
mcnt: 128600
mcnt: 128800
mcnt: 129000
mcnt: 129200
mcnt: 149400
mcnt: 149600
mcnt: 149800
mcnt: 150000
mcnt: 130200
mcnt: 150400
mcnt: 130600
mcnt: 150800
mcnt: 151000
mcnt: 151200
mcnt: 131400
mcnt: 151600
mcnt: 151800
11
NET: Informing other threads of cleanup condition
NET: All other threads have been informed
TRA: Entering CLEANUP state 
TRA: Finished CLEANUP, returning to ACQUIRE
BF: Entering CLEANUP state
BF: Finished CLEANUP, returning to ACQUIRE
NET: CLEANUP complete; returning to IDLE
Stop observations
FITS: waiting for thread to join...
BfFitsThread::run exiting with scan_finished=1 run=0
	We wrote 760 lines
	It took an average of 13775.39 µs to complete each loop
	It took an average of 1739.63 µs to write each row to FITS
HPC[20:2:0]:BfFitsIO::close
FITS: thread has joined!
bfFitsWriter exiting cleanly at Wed May 24 16:02:00 2017

BFBE: Command to fits writer >> /home/groups/flag/dibas/exec/x86_64-linux/bfFitsWriter -i 0 -m p
RUNNING PULSAR MODE
/tmp/fits_fifo_mburnett_0
Using FITS Control FIFO: /tmp/fits_fifo_mburnett_0
bfFitsWrite started
Current mode is FLAG_RTBF_MODE
BFBE: TSTAMP  2017_05_24_20:07:21
BFBE: Writing CHANSEL=0
BFBE: Weight file name unchanged.
BFBE:  2017-05-24 20:07:15.693988 2017-05-24 20:07:21
Net: Ending scan after mcnt = 151875
NET: Moving back to ACQUIRE!
Start observations
BFBE: Sleeping for 4.348302 seconds...
BfFitsThread::run, instance_id = 0
HPC[20:7:15]:shmget key: 401997c4
HPC[20:7:15]:vegas_status_attach sem_open w/ /users_mburnett_hashpipe_status_0
HPC[20:7:15]:Found vegas status semaphore locked in vegas_status_chkinit. releasing
HPC[20:7:15]:bf_databuf shmget key: 801997c4
HPC[20:7:15]:Setting bank name to A
status_buf: INSTANCE=                    0                                                  BANKNAM = 'I       '                                                            BINDHOST= '10.17.16.208'                                                        BINDPORT=                60000                                                  XID     = '8       '                                                            GPUDEV  = '0       '                                                            DATADIR = '/lustre/projects/flag/'                                              PROJID  = 'TMP     '                                                            MODENAME= 'FLAG_RTBF_MODE'                                                      WEIGHTD = '/home/groups/flag/hash/data/weights/tests/ULA/'                      NETSTAT = 'ACQUIRE '                                                            TRASTAT = 'ACQUIRE '                                                            BEAMSTAT= 'ACQUIRE '                                                            ELOFF0  =             0.000000                                                  AZOFF0  =             0.000000                                                  ELOFF1  =             0.000000                                                  AZOFF1  =            -2.000000                                                  ELOFF2  =             2.000000                                                  AZOFF2  =            -1.000000                                                  ELOFF3  =             2.000000                                                  AZOFF3  =             1.000000                                                  ELOFF4  =             0.000000                                                  AZOFF4  =             2.000000                                                  ELOFF5  =            -2.000000                                                  AZOFF5  =             1.000000                                                  ELOFF6  =            -2.000000                                                  AZOFF6  =            -1.000000                                                  BCALFILE= 'DUMMY2  '                                                            BALGORIT= 'ULA CFM w/ Chebwin 20dB'                                             BWFILE  = 'weights.in                                                      '    CORREADY=                    1                                                  TRAREADY=                    1                                                  NETREADY=                    T                                                  MISSEDFE=                    0                                                  MISSEDPK=                    0                                                  CLEANA  =                    T                                                  CLEANB  =                    T                                                  NETMCNT =                    0                                                  INTSTAT = 'start   '                                                            STRTDMJD= '57897.8384375'                                                       SCANLEN = '10      '                                                            TSTAMP  = '2017_05_24_20:07:21'                                                 REQSTI  = '1.0     '                                                            WFLAG   = '0       '                                                            BWEIFILE= ''                                                                    CHANSEL = '0       '                                                            DISKSTAT= 'Init    '                                                            DSKBLKIN=                    0                                                  SCANREM = 'scan terminated'                                                     TRAMCNT =               151800                                                  BEAMMCNT=               151800                                                  NETERR  = 'Late Packet! - 169393'                                               END                                                                                                                                                                                                                                                                                                                                                                                                                                                                                                                                                                                                                                                                                                                                                                                                                                                                                                                                                                                                                                                                                                                                                                                                                                                                                                                                                                                                                                                                                                                                                                                                                                                             
HPC[20:7:15]:NCHAN not set in status memory
HPC[20:7:15]:FITS: Received TSTAMP = 2017_05_24_20:07:21
HPC[20:7:15]:FITS: Filename Stage 1: /lustre/projects/flag//TMP/BF/2017_05_24_20:07:21
HPC[20:7:15]:FITS: Filename Stage 2: /lustre/projects/flag//TMP/BF/2017_05_24_20:07:21I
HPC[20:7:15]:FITS: Filename Stage 3: /lustre/projects/flag//TMP/BF/2017_05_24_20:07:21I.fits
HPC[20:7:15]:Opening file: /lustre/projects/flag//TMP/BF/2017_05_24_20:07:21I.fits
HPC[20:7:15]:/lustre/projects/flag//TMP/BF/2017_05_24_20:07:21I.fits
fitsio opened
SCANLEN: 10
mcnt: 0
mcnt: 200
mcnt: 400
mcnt: 600
mcnt: 800
mcnt: 1000
mcnt: 1200
mcnt: 1400
mcnt: 1600
mcnt: 1800
mcnt: 2000
mcnt: 2200
mcnt: 2400
mcnt: 2600
mcnt: 2800
mcnt: 3000
mcnt: 3200
mcnt: 3400
mcnt: 3600
mcnt: 3800
mcnt: 4000
mcnt: 4200
mcnt: 4400
mcnt: 4600
mcnt: 4800
mcnt: 5000
mcnt: 5200
mcnt: 5400
mcnt: 5600
mcnt: 5800
mcnt: 6000
mcnt: 6200
mcnt: 6400
mcnt: 6600
mcnt: 6800
mcnt: 7000
mcnt: 7200
mcnt: 7400
mcnt: 7600
mcnt: 7800
mcnt: 8000
mcnt: 8200
mcnt: 8400
mcnt: 8600
mcnt: 8800
mcnt: 9000
mcnt: 9200
mcnt: 9400
mcnt: 9600
mcnt: 9800
mcnt: 10000
mcnt: 10200
mcnt: 10400
mcnt: 10600
mcnt: 10800
mcnt: 11000
mcnt: 11200
mcnt: 11400
mcnt: 11600
mcnt: 11800
mcnt: 12000
mcnt: 12200
mcnt: 12400
mcnt: 12600
mcnt: 12800
mcnt: 13000
mcnt: 13200
mcnt: 13400
mcnt: 13600
mcnt: 13800
mcnt: 14000
mcnt: 14200
mcnt: 14400
mcnt: 14600
mcnt: 14800
mcnt: 15000
mcnt: 15200
mcnt: 15400
mcnt: 15600
mcnt: 15800
mcnt: 16000
mcnt: 16200
mcnt: 16400
mcnt: 16600
mcnt: 16800
mcnt: 17000
mcnt: 17200
mcnt: 17400
mcnt: 17600
mcnt: 17800
mcnt: 18000
mcnt: 18200
mcnt: 18400
mcnt: 18600
mcnt: 18800
mcnt: 19000
mcnt: 19200
mcnt: 19400
mcnt: 19600
mcnt: 19800
mcnt: 20000
mcnt: 20200
mcnt: 20400
mcnt: 20600
mcnt: 20800
mcnt: 21000
mcnt: 21200
mcnt: 21400
mcnt: 21600
mcnt: 21800
mcnt: 22000
mcnt: 22200
mcnt: 22400
mcnt: 22600
mcnt: 22800
mcnt: 23000
mcnt: 23200
mcnt: 23400
mcnt: 23600
mcnt: 23800
mcnt: 24000
mcnt: 24200
mcnt: 24400
mcnt: 24600
mcnt: 24800
mcnt: 25000
mcnt: 25200
mcnt: 25400
mcnt: 25600
mcnt: 25800
mcnt: 26000
mcnt: 26200
mcnt: 26400
mcnt: 26600
mcnt: 26800
mcnt: 27000
mcnt: 27200
mcnt: 27400
mcnt: 27600
mcnt: 27800
mcnt: 28000
mcnt: 28200
mcnt: 28400
mcnt: 28600
mcnt: 28800
mcnt: 29000
mcnt: 29200
mcnt: 29400
mcnt: 29600
mcnt: 29800
mcnt: 30000
mcnt: 30200
mcnt: 30400
mcnt: 30600
mcnt: 30800
mcnt: 31000
mcnt: 31200
mcnt: 31400
mcnt: 31600
mcnt: 31800
mcnt: 32000
mcnt: 32200
mcnt: 32400
mcnt: 32600
mcnt: 32800
mcnt: 33000
mcnt: 33200
mcnt: 33400
mcnt: 33600
mcnt: 33800
mcnt: 34000
mcnt: 34200
mcnt: 34400
mcnt: 34600
mcnt: 34800
mcnt: 35000
mcnt: 35200
mcnt: 35400
NET: Bad Block! mcnt = 39200, 526/1000
mcnt: 35600
mcnt: 35800
mcnt: 36000
mcnt: 36200
mcnt: 36400
mcnt: 36600
mcnt: 36800
mcnt: 37000
mcnt: 37200
mcnt: 37400
mcnt: 37600
mcnt: 37800
mcnt: 38000
mcnt: 38200
mcnt: 38400
mcnt: 38600
mcnt: 38800
mcnt: 39000
NET: Bad Block! mcnt = 42600, 506/1000
NET: Bad Block! mcnt = 42800, 875/1000
mcnt: 39200
mcnt: 39400
NET: Bad Block! mcnt = 43000, 880/1000
mcnt: 39600
NET: Bad Block! mcnt = 43200, 814/1000
NET: Bad Block! mcnt = 43400, 937/1000
mcnt: 39800
mcnt: 40000
mcnt: 40200
NET: Bad Block! mcnt = 43600, 167/1000
NET: Bad Block! mcnt = 43800, 858/1000
NET: Bad Block! mcnt = 44000, 730/1000
NET: Bad Block! mcnt = 44200, 710/1000
mcnt: 40400
mcnt: 40600
mcnt: 40800
mcnt: 41000
NET: Bad Block! mcnt = 44400, 794/1000
NET: Bad Block! mcnt = 44600, 414/1000
mcnt: 41200
mcnt: 41400
NET: Bad Block! mcnt = 45000, 857/1000
NET: Bad Block! mcnt = 45200, 700/1000
mcnt: 41600
mcnt: 41800
NET: Bad Block! mcnt = 45400, 772/1000
NET: Bad Block! mcnt = 45600, 762/1000
NET: Bad Block! mcnt = 45800, 414/1000
mcnt: 42000
mcnt: 42200
mcnt: 42400
mcnt: 42600
NET: Bad Block! mcnt = 46000, 84/1000
NET: Bad Block! mcnt = 46400, 847/1000
mcnt: 42800
mcnt: 43000
mcnt: 43200
NET: Bad Block! mcnt = 46600, 624/1000
NET: Bad Block! mcnt = 46800, 951/1000
NET: Bad Block! mcnt = 47000, 84/1000
mcnt: 43400
mcnt: 43600
NET: Bad Block! mcnt = 47200, 946/1000
NET: Bad Block! mcnt = 47400, 808/1000
mcnt: 43800
mcnt: 44000
NET: Bad Block! mcnt = 47600, 717/1000
mcnt: 44200
NET: Bad Block! mcnt = 47800, 905/1000
NET: Bad Block! mcnt = 48000, 130/1000
NET: Bad Block! mcnt = 48200, 965/1000
NET: Bad Block! mcnt = 48800, 541/1000
mcnt: 44400
mcnt: 44600
mcnt: 24800
mcnt: 45000
mcnt: 45200
mcnt: 45400
NET: Bad Block! mcnt = 49000, 145/1000
mcnt: 45600
mcnt: 45800
mcnt: 46000
mcnt: 46200
NET: Bad Block! mcnt = 49800, 506/1000
NET: Bad Block! mcnt = 50000, 135/1000
mcnt: 46400
mcnt: 46600
mcnt: 46800
NET: Bad Block! mcnt = 50200, 985/1000
mcnt: 47000
mcnt: 47200
NET: Bad Block! mcnt = 50800, 386/1000
mcnt: 47400
NET: Bad Block! mcnt = 51000, 165/1000
mcnt: 47600
mcnt: 47800
mcnt: 48000
mcnt: 48200
NET: Bad Block! mcnt = 51800, 506/1000
NET: Bad Block! mcnt = 52000, 642/1000
NET: Bad Block! mcnt = 52200, 997/1000
mcnt: 48400
mcnt: 48600
NET: Bad Block! mcnt = 52400, 691/1000
mcnt: 48800
mcnt: 49000
NET: Bad Block! mcnt = 52800, 507/1000
NET: Bad Block! mcnt = 53000, 486/1000
mcnt: 49200
mcnt: 49400
mcnt: 49600
mcnt: 49800
NET: Bad Block! mcnt = 53200, 822/1000
NET: Bad Block! mcnt = 53400, 420/1000
NET: Bad Block! mcnt = 53800, 866/1000
mcnt: 50000
mcnt: 50200
mcnt: 50400
NET: Bad Block! mcnt = 54000, 643/1000
NET: Bad Block! mcnt = 54200, 843/1000
NET: Bad Block! mcnt = 54400, 310/1000
mcnt: 50600
mcnt: 50800
mcnt: 51000
mcnt: 51200
NET: Bad Block! mcnt = 54800, 880/1000
NET: Bad Block! mcnt = 55000, 473/1000
mcnt: 51400
mcnt: 51600
mcnt: 51800
NET: Bad Block! mcnt = 55200, 843/1000
NET: Bad Block! mcnt = 55400, 404/1000
mcnt: 52000
mcnt: 52200
mcnt: 52400
NET: Bad Block! mcnt = 55800, 786/1000
NET: Bad Block! mcnt = 56000, 473/1000
NET: Bad Block! mcnt = 56200, 866/1000
mcnt: 52600
mcnt: 52800
NET: Bad Block! mcnt = 56400, 381/1000
NET: Bad Block! mcnt = 56600, 975/1000
mcnt: 53000
mcnt: 53200
mcnt: 53400
NET: Bad Block! mcnt = 57000, 394/1000
NET: Bad Block! mcnt = 57200, 807/1000
NET: Bad Block! mcnt = 57400, 655/1000
mcnt: 53600
mcnt: 53800
mcnt: 54000
NET: Bad Block! mcnt = 57600, 650/1000
NET: Bad Block! mcnt = 57800, 638/1000
mcnt: 54200
mcnt: 54400
mcnt: 54600
NET: Bad Block! mcnt = 58000, 756/1000
NET: Bad Block! mcnt = 58200, 807/1000
NET: Bad Block! mcnt = 58400, 690/1000
mcnt: 54800
NET: Bad Block! mcnt = 58600, 615/1000
mcnt: 55000
mcnt: 55200
NET: Bad Block! mcnt = 58800, 638/1000
mcnt: 55400
NET: Bad Block! mcnt = 59000, 695/1000
NET: Bad Block! mcnt = 59200, 868/1000
mcnt: 55600
mcnt: 55800
NET: Bad Block! mcnt = 59400, 690/1000
mcnt: 56000
mcnt: 56200
NET: Bad Block! mcnt = 59600, 615/1000
NET: Bad Block! mcnt = 59800, 638/1000
NET: Bad Block! mcnt = 60000, 720/1000
NET: Bad Block! mcnt = 60200, 923/1000
mcnt: 56400
mcnt: 56600
mcnt: 56800
NET: Bad Block! mcnt = 60400, 610/1000
mcnt: 57000
NET: Bad Block! mcnt = 60600, 615/1000
NET: Bad Block! mcnt = 60800, 638/1000
mcnt: 57200
mcnt: 57400
NET: Bad Block! mcnt = 61000, 720/1000
mcnt: 57600
NET: Bad Block! mcnt = 61200, 698/1000
NET: Bad Block! mcnt = 61400, 835/1000
NET: Bad Block! mcnt = 61600, 615/1000
NET: Bad Block! mcnt = 61800, 638/1000
mcnt: 57800
mcnt: 58000
mcnt: 58200
mcnt: 58400
NET: Bad Block! mcnt = 62000, 260/1000
NET: Bad Block! mcnt = 62200, 665/1000
mcnt: 58600
mcnt: 58800
mcnt: 59000
NET: Bad Block! mcnt = 62600, 758/1000
mcnt: 59200
mcnt: 59400
NET: Bad Block! mcnt = 62800, 283/1000
NET: Bad Block! mcnt = 63000, 540/1000
mcnt: 59600
NET: Bad Block! mcnt = 63200, 260/1000
NET: Bad Block! mcnt = 63400, 665/1000
mcnt: 59800
mcnt: 60000
mcnt: 60200
NET: Bad Block! mcnt = 63600, 915/1000
mcnt: 60400
NET: Bad Block! mcnt = 63800, 843/1000
mcnt: 60600
NET: Bad Block! mcnt = 64000, 728/1000
mcnt: 60800
NET: Bad Block! mcnt = 64200, 227/1000
mcnt: 61000
NET: Bad Block! mcnt = 64400, 128/1000
mcnt: 61200
NET: Bad Block! mcnt = 64600, 803/1000
mcnt: 61400
mcnt: 61600
mcnt: 61800
NET: Bad Block! mcnt = 64800, 812/1000
NET: Bad Block! mcnt = 65000, 818/1000
NET: Bad Block! mcnt = 65200, 718/1000
NET: Bad Block! mcnt = 65400, 347/1000
NET: Bad Block! mcnt = 65600, 338/1000
NET: Bad Block! mcnt = 65800, 525/1000
mcnt: 62000
mcnt: 62200
mcnt: 62400
mcnt: 62600
NET: Bad Block! mcnt = 66000, 824/1000
NET: Bad Block! mcnt = 66200, 959/1000
NET: Bad Block! mcnt = 66400, 839/1000
mcnt: 62800
mcnt: 63000
mcnt: 63200
mcnt: 63400
NET: Bad Block! mcnt = 66600, 359/1000
NET: Bad Block! mcnt = 66800, 520/1000
NET: Bad Block! mcnt = 67000, 371/1000
mcnt: 63600
mcnt: 63800
NET: Bad Block! mcnt = 67200, 961/1000
NET: Bad Block! mcnt = 67400, 456/1000
mcnt: 64000
mcnt: 64200
mcnt: 64400
NET: Bad Block! mcnt = 67600, 839/1000
NET: Bad Block! mcnt = 67800, 340/1000
mcnt: 64600
NET: Bad Block! mcnt = 68000, 83/1000
mcnt: 64800
NET: Bad Block! mcnt = 68200, 456/1000
NET: Bad Block! mcnt = 68400, 401/1000
mcnt: 65000
mcnt: 65200
NET: Bad Block! mcnt = 68800, 747/1000
NET: Bad Block! mcnt = 69000, 819/1000
mcnt: 65400
mcnt: 65600
NET: Bad Block! mcnt = 69200, 83/1000
NET: Bad Block! mcnt = 69400, 90/1000
mcnt: 65800
mcnt: 66000
NET: Bad Block! mcnt = 69600, 450/1000
NET: Bad Block! mcnt = 69800, 349/1000
mcnt: 66200
mcnt: 66400
mcnt: 66600
mcnt: 66800
NET: Bad Block! mcnt = 70400, 554/1000
mcnt: 67000
mcnt: 67200
NET: Bad Block! mcnt = 70600, 153/1000
mcnt: 67400
NET: Bad Block! mcnt = 70800, 100/1000
NET: Bad Block! mcnt = 71000, 699/1000
mcnt: 67600
mcnt: 67800
NET: Bad Block! mcnt = 71200, 505/1000
NET: Bad Block! mcnt = 71600, 495/1000
NET: Bad Block! mcnt = 71800, 707/1000
NET: Bad Block! mcnt = 52000, 642/1000
mcnt: 68000
mcnt: 68200
mcnt: 68400
mcnt: 68600
NET: Bad Block! mcnt = 72200, 99/1000
mcnt: 68800
NET: Bad Block! mcnt = 72400, 515/1000
NET: Bad Block! mcnt = 72600, 689/1000
NET: Bad Block! mcnt = 72800, 238/1000
mcnt: 69000
mcnt: 69200
mcnt: 69400
mcnt: 69600
NET: Bad Block! mcnt = 73200, 964/1000
NET: Bad Block! mcnt = 53400, 420/1000
NET: Bad Block! mcnt = 73600, 99/1000
mcnt: 69800
mcnt: 70000
mcnt: 70200
NET: Bad Block! mcnt = 73800, 515/1000
mcnt: 70400
NET: Bad Block! mcnt = 74000, 590/1000
mcnt: 70600
mcnt: 70800
NET: Bad Block! mcnt = 74200, 337/1000
NET: Bad Block! mcnt = 74400, 497/1000
mcnt: 71000
mcnt: 71200
mcnt: 71400
NET: Bad Block! mcnt = 74800, 567/1000
mcnt: 71600
NET: Bad Block! mcnt = 55000, 473/1000
NET: Bad Block! mcnt = 75200, 514/1000
NET: Bad Block! mcnt = 75400, 590/1000
NET: Bad Block! mcnt = 75600, 275/1000
mcnt: 71800
mcnt: 52000
mcnt: 72200
NET: Bad Block! mcnt = 75800, 559/1000
mcnt: 72400
NET: Bad Block! mcnt = 76000, 65/1000
mcnt: 72600
mcnt: 72800
NET: Bad Block! mcnt = 76400, 502/1000
NET: Bad Block! mcnt = 56600, 975/1000
mcnt: 73000
mcnt: 73200
NET: Bad Block! mcnt = 76800, 514/1000
NET: Bad Block! mcnt = 77000, 631/1000
NET: Bad Block! mcnt = 77200, 295/1000
mcnt: 53400
mcnt: 73600
mcnt: 73800
NET: Bad Block! mcnt = 77400, 498/1000
NET: Bad Block! mcnt = 77600, 65/1000
NET: Bad Block! mcnt = 77800, 558/1000
mcnt: 74000
mcnt: 74200
mcnt: 74400
mcnt: 74600
NET: Bad Block! mcnt = 78000, 944/1000
NET: Bad Block! mcnt = 58200, 807/1000
NET: Bad Block! mcnt = 78400, 514/1000
NET: Bad Block! mcnt = 78600, 631/1000
NET: Bad Block! mcnt = 78800, 295/1000
NET: Bad Block! mcnt = 79000, 475/1000
mcnt: 74800
mcnt: 55000
mcnt: 75200
mcnt: 75400
mcnt: 75600
NET: Bad Block! mcnt = 79200, 88/1000
mcnt: 75800
mcnt: 76000
NET: Bad Block! mcnt = 79400, 558/1000
NET: Bad Block! mcnt = 79600, 668/1000
NET: Bad Block! mcnt = 79800, 276/1000
NET: Bad Block! mcnt = 60000, 720/1000
mcnt: 76200
mcnt: 76400
mcnt: 56600
mcnt: 76800
NET: Bad Block! mcnt = 80200, 657/1000
mcnt: 77000
NET: Bad Block! mcnt = 80400, 488/1000
NET: Bad Block! mcnt = 80600, 295/1000
NET: Bad Block! mcnt = 80800, 395/1000
mcnt: 77200
mcnt: 77400
mcnt: 77600
NET: Bad Block! mcnt = 81000, 498/1000
NET: Bad Block! mcnt = 81200, 273/1000
NET: Bad Block! mcnt = 81400, 899/1000
NET: Bad Block! mcnt = 61600, 615/1000
mcnt: 77800
mcnt: 78000
mcnt: 58200
NET: Bad Block! mcnt = 61800, 638/1000
mcnt: 78400
NET: Bad Block! mcnt = 82000, 654/1000
mcnt: 78600
NET: Bad Block! mcnt = 82200, 490/1000
NET: Bad Block! mcnt = 82400, 295/1000
NET: Bad Block! mcnt = 82600, 112/1000
mcnt: 78800
mcnt: 79000
mcnt: 79200
mcnt: 79400
mcnt: 79600
NET: Bad Block! mcnt = 82800, 781/1000
NET: Bad Block! mcnt = 83000, 543/1000
NET: Bad Block! mcnt = 83200, 629/1000
mcnt: 79800
mcnt: 60000
NET: Bad Block! mcnt = 63400, 665/1000
NET: Bad Block! mcnt = 83600, 35/1000
NET: Bad Block! mcnt = 83800, 912/1000
NET: Bad Block! mcnt = 84000, 498/1000
NET: Bad Block! mcnt = 84200, 107/1000
NET: Bad Block! mcnt = 64400, 128/1000
NET: Bad Block! mcnt = 84600, 780/1000
mcnt: 80200
mcnt: 80400
mcnt: 80600
mcnt: 80800
mcnt: 81000
mcnt: 81200
NET: Bad Block! mcnt = 84800, 543/1000
NET: Bad Block! mcnt = 85000, 629/1000
mcnt: 81400
mcnt: 61600
NET: Bad Block! mcnt = 65200, 718/1000
mcnt: 61800
NET: Bad Block! mcnt = 85400, 35/1000
mcnt: 82000
mcnt: 82200
NET: Bad Block! mcnt = 65600, 338/1000
mcnt: 82400
NET: Bad Block! mcnt = 85800, 911/1000
mcnt: 82600
mcnt: 82800
NET: Bad Block! mcnt = 86000, 498/1000
NET: Bad Block! mcnt = 86200, 107/1000
NET: Bad Block! mcnt = 66400, 839/1000
NET: Bad Block! mcnt = 66600, 359/1000
mcnt: 83000
mcnt: 83200
mcnt: 63400
NET: Bad Block! mcnt = 86800, 619/1000
NET: Bad Block! mcnt = 87000, 703/1000
NET: Bad Block! mcnt = 87200, 629/1000
NET: Bad Block! mcnt = 87400, 36/1000
mcnt: 83600
mcnt: 83800
mcnt: 84000
NET: Bad Block! mcnt = 67600, 839/1000
NET: Bad Block! mcnt = 87800, 568/1000
mcnt: 84200
mcnt: 64400
NET: Bad Block! mcnt = 88000, 841/1000
NET: Bad Block! mcnt = 88200, 107/1000
mcnt: 84600
mcnt: 84800
mcnt: 85000
NET: Bad Block! mcnt = 68400, 401/1000
NET: Bad Block! mcnt = 88600, 40/1000
NET: Bad Block! mcnt = 88800, 580/1000
mcnt: 65200
mcnt: 85400
mcnt: 65600
mcnt: 85800
NET: Bad Block! mcnt = 89000, 703/1000
NET: Bad Block! mcnt = 89200, 505/1000
NET: Bad Block! mcnt = 89400, 160/1000
NET: Bad Block! mcnt = 89600, 1/1000
NET: Bad Block! mcnt = 89800, 568/1000
mcnt: 86000
mcnt: 86200
mcnt: 66400
mcnt: 66600
NET: Bad Block! mcnt = 90000, 850/1000
NET: Bad Block! mcnt = 90200, 98/1000
NET: Bad Block! mcnt = 90400, 41/1000
NET: Bad Block! mcnt = 90600, 605/1000
mcnt: 86800
mcnt: 87000
mcnt: 87200
NET: Bad Block! mcnt = 90800, 678/1000
NET: Bad Block! mcnt = 91000, 665/1000
mcnt: 87400
mcnt: 67600
mcnt: 87800
NET: Bad Block! mcnt = 71200, 505/1000
NET: Bad Block! mcnt = 91400, 1/1000
mcnt: 88000
NET: Bad Block! mcnt = 91600, 879/1000
NET: Bad Block! mcnt = 91800, 538/1000
mcnt: 88200
mcnt: 68400
NET: Bad Block! mcnt = 92000, 139/1000
NET: Bad Block! mcnt = 72200, 99/1000
mcnt: 88600
mcnt: 88800
mcnt: 89000
NET: Bad Block! mcnt = 92400, 604/1000
NET: Bad Block! mcnt = 92600, 678/1000
mcnt: 89200
mcnt: 89400
NET: Bad Block! mcnt = 92800, 665/1000
mcnt: 89600
NET: Bad Block! mcnt = 93200, 155/1000
NET: Bad Block! mcnt = 93400, 725/1000
NET: Bad Block! mcnt = 93600, 538/1000
mcnt: 89800
mcnt: 90000
mcnt: 90200
mcnt: 90400
NET: Bad Block! mcnt = 93800, 139/1000
NET: Bad Block! mcnt = 94000, 321/1000
mcnt: 90600
mcnt: 90800
NET: Bad Block! mcnt = 94200, 814/1000
NET: Bad Block! mcnt = 94400, 148/1000
NET: Bad Block! mcnt = 94600, 665/1000
NET: Bad Block! mcnt = 94800, 156/1000
mcnt: 91000
mcnt: 71200
mcnt: 91400
mcnt: 91600
NET: Bad Block! mcnt = 95000, 190/1000
NET: Bad Block! mcnt = 95200, 535/1000
NET: Bad Block! mcnt = 95400, 677/1000
NET: Bad Block! mcnt = 95600, 321/1000
NET: Bad Block! mcnt = 95800, 500/1000
mcnt: 91800
mcnt: 92000
mcnt: 72200
mcnt: 92400
NET: Bad Block! mcnt = 96000, 462/1000
mcnt: 92600
mcnt: 92800
mcnt: 73000
NET: Bad Block! mcnt = 96400, 664/1000
NET: Bad Block! mcnt = 96600, 346/1000
NET: Bad Block! mcnt = 96800, 65/1000
mcnt: 93200
mcnt: 93400
mcnt: 93600
NET: Bad Block! mcnt = 97200, 395/1000
NET: Bad Block! mcnt = 97400, 573/1000
mcnt: 93800
mcnt: 94000
mcnt: 94200
NET: Bad Block! mcnt = 97600, 445/1000
NET: Bad Block! mcnt = 97800, 17/1000
NET: Bad Block! mcnt = 78000, 944/1000
NET: Bad Block! mcnt = 98200, 845/1000
mcnt: 94400
mcnt: 94600
mcnt: 94800
NET: Bad Block! mcnt = 98400, 230/1000
mcnt: 95000
mcnt: 95200
NET: Bad Block! mcnt = 98600, 185/1000
NET: Bad Block! mcnt = 99000, 780/1000
NET: Bad Block! mcnt = 99200, 448/1000
mcnt: 95400
mcnt: 95600
mcnt: 95800
NET: Bad Block! mcnt = 99400, 17/1000
mcnt: 96000
NET: Bad Block! mcnt = 79600, 668/1000
mcnt: 76200
mcnt: 96400
NET: Bad Block! mcnt = 99800, 845/1000
NET: Bad Block! mcnt = 100000, 230/1000
NET: Bad Block! mcnt = 100200, 185/1000
NET: Bad Block! mcnt = 100400, 474/1000
NET: Bad Block! mcnt = 100600, 833/1000
mcnt: 96600
mcnt: 96800
mcnt: 97000
mcnt: 97200
NET: Bad Block! mcnt = 100800, 878/1000
mcnt: 97400
NET: Bad Block! mcnt = 101000, 60/1000
mcnt: 97600
mcnt: 97800
NET: Bad Block! mcnt = 81200, 273/1000
NET: Bad Block! mcnt = 101400, 111/1000
NET: Bad Block! mcnt = 101600, 964/1000
NET: Bad Block! mcnt = 101800, 185/1000
mcnt: 78000
mcnt: 98200
mcnt: 98400
mcnt: 98600
NET: Bad Block! mcnt = 102000, 474/1000
NET: Bad Block! mcnt = 102200, 980/1000
NET: Bad Block! mcnt = 102400, 731/1000
NET: Bad Block! mcnt = 102600, 60/1000
mcnt: 98800
mcnt: 99000
mcnt: 99200
mcnt: 99400
NET: Bad Block! mcnt = 82800, 781/1000
NET: Bad Block! mcnt = 103000, 358/1000
mcnt: 79600
mcnt: 99800
NET: Bad Block! mcnt = 103200, 717/1000
NET: Bad Block! mcnt = 103400, 222/1000
NET: Bad Block! mcnt = 103600, 437/1000
mcnt: 100000
mcnt: 100200
mcnt: 100400
NET: Bad Block! mcnt = 103800, 771/1000
mcnt: 100600
NET: Bad Block! mcnt = 104000, 940/1000
mcnt: 100800
NET: Bad Block! mcnt = 104200, 60/1000
mcnt: 101000
NET: Bad Block! mcnt = 64400, 128/1000
NET: Bad Block! mcnt = 104600, 447/1000
NET: Bad Block! mcnt = 104800, 850/1000
mcnt: 81200
mcnt: 101400
mcnt: 101600
NET: Bad Block! mcnt = 105000, 437/1000
NET: Bad Block! mcnt = 105200, 771/1000
NET: Bad Block! mcnt = 105400, 920/1000
mcnt: 101800
mcnt: 102000
mcnt: 102200
NET: Bad Block! mcnt = 105600, 80/1000
NET: Bad Block! mcnt = 85800, 911/1000
mcnt: 102400
NET: Bad Block! mcnt = 106000, 447/1000
mcnt: 102600
mcnt: 82800
NET: Bad Block! mcnt = 106200, 255/1000
mcnt: 103000
NET: Bad Block! mcnt = 106600, 32/1000
mcnt: 103200
mcnt: 103400
NET: Bad Block! mcnt = 106800, 850/1000
mcnt: 103600
NET: Bad Block! mcnt = 107000, 921/1000
NET: Bad Block! mcnt = 87200, 629/1000
NET: Bad Block! mcnt = 107400, 442/1000
NET: Bad Block! mcnt = 107600, 240/1000
mcnt: 103800
mcnt: 104000
mcnt: 104200
NET: Bad Block! mcnt = 107800, 197/1000
mcnt: 64400
mcnt: 104600
NET: Bad Block! mcnt = 108000, 855/1000
NET: Bad Block! mcnt = 108200, 615/1000
mcnt: 104800
NET: Bad Block! mcnt = 108400, 930/1000
NET: Bad Block! mcnt = 108600, 226/1000
mcnt: 105000
mcnt: 105200
mcnt: 105400
NET: Bad Block! mcnt = 108800, 443/1000
mcnt: 105600
NET: Bad Block! mcnt = 109000, 240/1000
NET: Bad Block! mcnt = 109200, 197/1000
NET: Bad Block! mcnt = 109400, 556/1000
mcnt: 85800
mcnt: 106000
mcnt: 106200
NET: Bad Block! mcnt = 109600, 914/1000
mcnt: 106400
NET: Bad Block! mcnt = 109800, 825/1000
NET: Bad Block! mcnt = 110000, 396/1000
mcnt: 106600
mcnt: 106800
NET: Bad Block! mcnt = 110200, 566/1000
mcnt: 107000
NET: Bad Block! mcnt = 110400, 52/1000
mcnt: 87200
NET: Bad Block! mcnt = 110600, 506/1000
NET: Bad Block! mcnt = 110800, 297/1000
NET: Bad Block! mcnt = 111000, 864/1000
mcnt: 107400
mcnt: 107600
mcnt: 107800
NET: Bad Block! mcnt = 111200, 785/1000
mcnt: 108000
NET: Bad Block! mcnt = 111400, 436/1000
mcnt: 108200
NET: Bad Block! mcnt = 111600, 566/1000
mcnt: 108400
NET: Bad Block! mcnt = 111800, 127/1000
mcnt: 108600
NET: Bad Block! mcnt = 112000, 601/1000
mcnt: 108800
NET: Bad Block! mcnt = 112200, 476/1000
mcnt: 109000
mcnt: 109200
NET: Bad Block! mcnt = 112600, 404/1000
mcnt: 109400
NET: Bad Block! mcnt = 112800, 898/1000
mcnt: 109600
NET: Bad Block! mcnt = 113000, 127/1000
mcnt: 109800
NET: Bad Block! mcnt = 113200, 601/1000
mcnt: 110000
NET: Bad Block! mcnt = 113400, 476/1000
mcnt: 110200
NET: Bad Block! mcnt = 113600, 635/1000
mcnt: 110400
NET: Bad Block! mcnt = 113800, 769/1000
mcnt: 110600
NET: Bad Block! mcnt = 114000, 597/1000
NET: Bad Block! mcnt = 114200, 301/1000
NET: Bad Block! mcnt = 114400, 446/1000
mcnt: 110800
mcnt: 111000
mcnt: 111200
NET: Bad Block! mcnt = 114600, 282/1000
NET: Bad Block! mcnt = 114800, 663/1000
NET: Bad Block! mcnt = 115000, 638/1000
mcnt: 111400
mcnt: 111600
mcnt: 111800
NET: Bad Block! mcnt = 115200, 849/1000
NET: Bad Block! mcnt = 115400, 407/1000
NET: Bad Block! mcnt = 115600, 586/1000
mcnt: 112000
mcnt: 112200
mcnt: 112400
NET: Bad Block! mcnt = 115800, 363/1000
mcnt: 112600
NET: Bad Block! mcnt = 116000, 520/1000
NET: Bad Block! mcnt = 116200, 623/1000
mcnt: 112800
mcnt: 113000
NET: Bad Block! mcnt = 116400, 943/1000
NET: Bad Block! mcnt = 116600, 471/1000
mcnt: 113200
mcnt: 113400
NET: Bad Block! mcnt = 116800, 866/1000
mcnt: 113600
NET: Bad Block! mcnt = 117000, 278/1000
NET: Bad Block! mcnt = 117200, 528/1000
mcnt: 113800
mcnt: 114000
NET: Bad Block! mcnt = 117400, 566/1000
mcnt: 114200
NET: Bad Block! mcnt = 117600, 797/1000
mcnt: 114400
NET: Bad Block! mcnt = 117800, 826/1000
mcnt: 114600
NET: Bad Block! mcnt = 118000, 686/1000
NET: Bad Block! mcnt = 118200, 233/1000
NET: Bad Block! mcnt = 118400, 673/1000
NET: Bad Block! mcnt = 118600, 346/1000
mcnt: 114800
mcnt: 115000
mcnt: 115200
mcnt: 115400
NET: Bad Block! mcnt = 118800, 850/1000
NET: Bad Block! mcnt = 119000, 718/1000
mcnt: 115600
mcnt: 115800
NET: Bad Block! mcnt = 119200, 686/1000
mcnt: 116000
NET: Bad Block! mcnt = 119400, 252/1000
NET: Bad Block! mcnt = 119600, 789/1000
NET: Bad Block! mcnt = 119800, 211/1000
mcnt: 116200
mcnt: 116400
NET: Bad Block! mcnt = 120000, 975/1000
mcnt: 116600
NET: Bad Block! mcnt = 120400, 531/1000
mcnt: 116800
mcnt: 117000
NET: Bad Block! mcnt = 120600, 448/1000
NET: Bad Block! mcnt = 120800, 552/1000
NET: Bad Block! mcnt = 121000, 630/1000
mcnt: 117200
mcnt: 117400
mcnt: 117600
NET: Bad Block! mcnt = 121400, 876/1000
mcnt: 117800
mcnt: 118000
mcnt: 118200
NET: Bad Block! mcnt = 121600, 603/1000
NET: Bad Block! mcnt = 121800, 403/1000
NET: Bad Block! mcnt = 122000, 624/1000
mcnt: 118400
mcnt: 118600
mcnt: 118800
mcnt: 119000
NET: Bad Block! mcnt = 122200, 662/1000
NET: Bad Block! mcnt = 122400, 900/1000
NET: Bad Block! mcnt = 122800, 660/1000
NET: Bad Block! mcnt = 123000, 783/1000
NET: Bad Block! mcnt = 123200, 426/1000
mcnt: 119200
mcnt: 119400
mcnt: 119600
mcnt: 119800
mcnt: 120000
NET: Bad Block! mcnt = 123600, 877/1000
NET: Bad Block! mcnt = 123800, 420/1000
mcnt: 120200
mcnt: 120400
mcnt: 120600
NET: Bad Block! mcnt = 124000, 503/1000
NET: Bad Block! mcnt = 124200, 826/1000
NET: Bad Block! mcnt = 124400, 880/1000
NET: Bad Block! mcnt = 124600, 740/1000
mcnt: 120800
mcnt: 121000
mcnt: 121200
NET: Bad Block! mcnt = 124800, 912/1000
NET: Bad Block! mcnt = 125000, 613/1000
mcnt: 121400
mcnt: 121600
mcnt: 121800
NET: Bad Block! mcnt = 125200, 741/1000
mcnt: 122000
NET: Bad Block! mcnt = 125400, 830/1000
mcnt: 122200
mcnt: 122400
NET: Bad Block! mcnt = 125600, 637/1000
mcnt: 122600
mcnt: 122800
NET: Bad Block! mcnt = 126200, 688/1000
NET: Bad Block! mcnt = 126400, 818/1000
NET: Bad Block! mcnt = 126600, 850/1000
mcnt: 123000
mcnt: 123200
mcnt: 123400
NET: Bad Block! mcnt = 127000, 790/1000
mcnt: 123600
mcnt: 123800
mcnt: 124000
NET: Bad Block! mcnt = 127600, 871/1000
mcnt: 124200
mcnt: 124400
NET: Bad Block! mcnt = 127800, 690/1000
mcnt: 124600
mcnt: 124800
NET: Bad Block! mcnt = 128200, 945/1000
NET: Bad Block! mcnt = 128400, 980/1000
NET: Bad Block! mcnt = 128600, 742/1000
NET: Bad Block! mcnt = 128800, 962/1000
mcnt: 125000
mcnt: 125200
mcnt: 125400
mcnt: 125600
NET: Bad Block! mcnt = 129000, 978/1000
NET: Bad Block! mcnt = 129200, 904/1000
mcnt: 125800
mcnt: 126000
mcnt: 126200
mcnt: 126400
mcnt: 126600
mcnt: 126800
mcnt: 127000
NET: Bad Block! mcnt = 130400, 506/1000
mcnt: 127200
NET: Bad Block! mcnt = 130600, 944/1000
mcnt: 127400
mcnt: 127600
NET: Bad Block! mcnt = 131200, 562/1000
mcnt: 127800
mcnt: 128000
NET: Bad Block! mcnt = 131400, 820/1000
NET: Bad Block! mcnt = 131600, 124/1000
NET: Bad Block! mcnt = 131800, 980/1000
mcnt: 128200
mcnt: 128400
mcnt: 128600
mcnt: 128800
mcnt: 129000
NET: Bad Block! mcnt = 132400, 526/1000
NET: Bad Block! mcnt = 132600, 890/1000
mcnt: 129200
mcnt: 129400
mcnt: 129600
NET: Bad Block! mcnt = 133000, 890/1000
NET: Bad Block! mcnt = 133200, 976/1000
mcnt: 129800
mcnt: 130000
NET: Bad Block! mcnt = 133400, 640/1000
NET: Bad Block! mcnt = 133600, 785/1000
mcnt: 130200
mcnt: 130400
mcnt: 130600
NET: Bad Block! mcnt = 134000, 645/1000
mcnt: 130800
NET: Bad Block! mcnt = 134200, 951/1000
mcnt: 131000
NET: Bad Block! mcnt = 134400, 490/1000
mcnt: 131200
mcnt: 131400
mcnt: 131600
NET: Bad Block! mcnt = 135200, 348/1000
NET: Bad Block! mcnt = 135400, 158/1000
NET: Bad Block! mcnt = 135600, 740/1000
mcnt: 131800
mcnt: 132000
mcnt: 132200
mcnt: 132400
NET: Bad Block! mcnt = 135800, 730/1000
NET: Bad Block! mcnt = 136200, 927/1000
mcnt: 132600
mcnt: 132800
NET: Bad Block! mcnt = 136400, 109/1000
mcnt: 133000
mcnt: 133200
NET: Bad Block! mcnt = 136600, 572/1000
mcnt: 133400
NET: Bad Block! mcnt = 136800, 898/1000
NET: Bad Block! mcnt = 137000, 705/1000
NET: Bad Block! mcnt = 137200, 542/1000
mcnt: 133600
mcnt: 133800
mcnt: 134000
NET: Bad Block! mcnt = 137400, 863/1000
mcnt: 134200
NET: Bad Block! mcnt = 137600, 923/1000
mcnt: 134400
NET: Bad Block! mcnt = 137800, 473/1000
mcnt: 134600
NET: Bad Block! mcnt = 138000, 810/1000
NET: Bad Block! mcnt = 138200, 508/1000
mcnt: 134800
NET: Bad Block! mcnt = 138400, 981/1000
NET: Bad Block! mcnt = 138600, 734/1000
mcnt: 135000
mcnt: 135200
mcnt: 135400
NET: Bad Block! mcnt = 138800, 473/1000
mcnt: 135600
NET: Bad Block! mcnt = 119000, 718/1000
mcnt: 135800
NET: Bad Block! mcnt = 139200, 279/1000
mcnt: 136000
NET: Bad Block! mcnt = 139400, 965/1000
mcnt: 136200
NET: Bad Block! mcnt = 139600, 112/1000
NET: Bad Block! mcnt = 140000, 676/1000
mcnt: 136400
mcnt: 136600
mcnt: 136800
NET: Bad Block! mcnt = 140200, 473/1000
mcnt: 137000
NET: Bad Block! mcnt = 140400, 122/1000
mcnt: 137200
NET: Bad Block! mcnt = 140600, 403/1000
NET: Bad Block! mcnt = 140800, 832/1000
mcnt: 137400
mcnt: 137600
NET: Bad Block! mcnt = 141000, 412/1000
mcnt: 137800
mcnt: 138000
NET: Bad Block! mcnt = 141400, 509/1000
NET: Bad Block! mcnt = 141600, 350/1000
NET: Bad Block! mcnt = 141800, 403/1000
NET: Bad Block! mcnt = 122000, 624/1000
mcnt: 138200
mcnt: 138400
mcnt: 138600
NET: Bad Block! mcnt = 142200, 927/1000
mcnt: 138800
mcnt: 119000
NET: Bad Block! mcnt = 142400, 631/1000
NET: Bad Block! mcnt = 142800, 544/1000
mcnt: 139200
mcnt: 139400
mcnt: 139600
NET: Bad Block! mcnt = 143000, 385/1000
mcnt: 139800
NET: Bad Block! mcnt = 143200, 18/1000
NET: Bad Block! mcnt = 143400, 765/1000
NET: Bad Block! mcnt = 143600, 163/1000
mcnt: 140000
mcnt: 140200
mcnt: 140400
NET: Bad Block! mcnt = 143800, 184/1000
mcnt: 140600
mcnt: 140800
NET: Bad Block! mcnt = 144400, 531/1000
mcnt: 141000
mcnt: 141200
NET: Bad Block! mcnt = 144600, 628/1000
NET: Bad Block! mcnt = 144800, 347/1000
mcnt: 141400
mcnt: 141600
NET: Bad Block! mcnt = 145000, 385/1000
NET: Bad Block! mcnt = 145200, 725/1000
mcnt: 141800
mcnt: 122000
mcnt: 142200
NET: Bad Block! mcnt = 145600, 421/1000
mcnt: 142400
NET: Bad Block! mcnt = 145800, 758/1000
mcnt: 142600
NET: Bad Block! mcnt = 146000, 602/1000
mcnt: 142800
NET: Bad Block! mcnt = 146200, 659/1000
NET: Bad Block! mcnt = 146400, 441/1000
mcnt: 143000
mcnt: 143200
NET: Bad Block! mcnt = 146600, 859/1000
NET: Bad Block! mcnt = 146800, 412/1000
mcnt: 143400
mcnt: 143600
NET: Bad Block! mcnt = 147200, 670/1000
mcnt: 143800
mcnt: 144000
NET: Bad Block! mcnt = 147400, 419/1000
NET: Bad Block! mcnt = 147800, 695/1000
mcnt: 144200
mcnt: 144400
NET: Bad Block! mcnt = 148000, 722/1000
mcnt: 144600
NET: Bad Block! mcnt = 148200, 618/1000
NET: Bad Block! mcnt = 148400, 688/1000
mcnt: 144800
mcnt: 145000
mcnt: 145200
NET: Bad Block! mcnt = 148600, 783/1000
NET: Bad Block! mcnt = 148800, 674/1000
mcnt: 145400
mcnt: 145600
NET: Bad Block! mcnt = 149000, 743/1000
NET: Bad Block! mcnt = 149200, 580/1000
NET: Bad Block! mcnt = 149400, 811/1000
mcnt: 145800
mcnt: 146000
mcnt: 146200
mcnt: 146400
NET: Bad Block! mcnt = 150000, 927/1000
11
NET: Bad Block! mcnt = 150200, 892/1000
mcnt: 146600
mcnt: 146800
mcnt: 147000
mcnt: 147200
mcnt: 147400
NET: Bad Block! mcnt = 151000, 991/1000
mcnt: 147600
mcnt: 147800
mcnt: 148000
mcnt: 148200
NET: Bad Block! mcnt = 151800, 602/1000
NET: CLEANUP condition met!
mcnt: 148400
mcnt: 148600
mcnt: 148800
mcnt: 149000
mcnt: 149200
mcnt: 149400
mcnt: 149600
mcnt: 149800
mcnt: 150000
mcnt: 150200
mcnt: 150400
mcnt: 150600
mcnt: 150800
mcnt: 151000
mcnt: 151200
mcnt: 151400
mcnt: 151600
mcnt: 151800
NET: Informing other threads of cleanup condition
NET: All other threads have been informed
TRA: Entering CLEANUP state 
TRA: Finished CLEANUP, returning to ACQUIRE
BF: Entering CLEANUP state
BF: Finished CLEANUP, returning to ACQUIRE
NET: CLEANUP complete; returning to IDLE
Stop observations
BfFitsThread::run exiting with scan_finished=1 run=1
	We wrote 760 lines
	It took an average of 13497.46 µs to complete each loop
	It took an average of 1886.15 µs to write each row to FITS
HPC[20:7:35]:BfFitsIO::close
FITS: waiting for thread to join...
FITS: thread has joined!
bfFitsWriter exiting cleanly at Wed May 24 16:07:35 2017

BFBE: Command to fits writer >> /home/groups/flag/dibas/exec/x86_64-linux/bfFitsWriter -i 0 -m p
RUNNING PULSAR MODE
/tmp/fits_fifo_mburnett_0
Using FITS Control FIFO: /tmp/fits_fifo_mburnett_0
bfFitsWrite started
New mode specified and/or bandwidth specified!
Not reformatting buffers
stop_hpc(): sending 'quit'
Joined thread 'flag_beamform_thread'
Joined thread 'flag_transpose_thread'
Joined thread 'flag_net_thread'
set_mode(FLAG_CALCORR_MODE): cleaned up old backend.
set_mode(FLAG_CALCORR_MODE): Creating new BeamformerBackend
BFBE: Backend():: Setting self.frequency to 1500.0

BFBE: FlagPole:: Initializing shmem...
BFBE: FlagPole:: instance_id=0
BFBE: FlagPole:: status_key=401997c4
BFBE: FlagPole:: status_semid: users_mburnett_hashpipe_status_0
hashpipe -p flag_x -I 0 -o BINDHOST=10.17.16.208 -o BINDPORT=60000 -o XID=8 -o GPUDEV=0 -o DATADIR=/lustre/projects/flag/ -o PROJID=TMP -o MODENAME=FLAG_CALCORR_MODE -o COVMODE=PAF_CAL -c 0 flag_net_thread -c 1 flag_transpose_thread -c 2 flag_correlator_thread
initing  thread 'flag_net_thread' with databufs 0 and 1
initing  thread 'flag_transpose_thread' with databufs 1 and 2
initing  thread 'flag_correlator_thread' with databufs 2 and 3
starting thread 'flag_correlator_thread' with databufs 2 and 3
Found device 0: GeForce GTX 980 Ti
Found device 1: GeForce GTX 980 Ti
Using device 0: GeForce GTX 980 Ti
starting thread 'flag_transpose_thread' with databufs 1 and 2
starting thread 'flag_net_thread' with databufs 0 and 1
NET: Starting Thread!!!
BFBE: Command to fits writer >> /home/groups/flag/dibas/exec/x86_64-linux/bfFitsWriter -i 0 -m c
set_mode(FLAG_CALCORR_MODE): beginning wait for DAQ program
RUNNING PAF MODE
/tmp/fits_fifo_mburnett_0
Using FITS Control FIFO: /tmp/fits_fifo_mburnett_0
bfFitsWrite started
set_mode(FLAG_CALCORR_MODE): wait for DAQ program ended.
Current mode is FLAG_CALCORR_MODE
BFBE: TSTAMP  2017_05_24_20:19:16
BFBE: Writing CHANSEL=0
BFBE: Weight file name unchanged.
BFBE:  2017-05-24 20:19:10.792459 2017-05-24 20:19:16
Net: Ending scan after mcnt = 151875
NET: Moving back to ACQUIRE!
BFBE: Sleeping for 4.278984 seconds...
Start observations
BfFitsThread::run, instance_id = 0
HPC[20:19:10]:shmget key: 401997c4
HPC[20:19:10]:vegas_status_attach sem_open w/ /users_mburnett_hashpipe_status_0
HPC[20:19:10]:bf_databuf shmget key: 801997c4
HPC[20:19:10]:Setting bank name to A
status_buf: INSTANCE=                    0                                                  BANKNAM = 'I       '                                                            BINDHOST= '10.17.16.208'                                                        BINDPORT=                60000                                                  XID     = '8       '                                                            GPUDEV  =                    0                                                  DATADIR = '/lustre/projects/flag/'                                              PROJID  = 'TMP     '                                                            MODENAME= 'FLAG_CALCORR_MODE'                                                   COVMODE = 'PAF_CAL '                                                            NETSTAT = 'ACQUIRE '                                                            TRASTAT = 'init    '                                                            CORSTAT = 'init    '                                                            INTSTAT = 'start   '                                                            INTSYNC =                    0                                                  REQSTI  = '1.0     '                                                            ACTSTI  =             0.000000                                                  INTCOUNT=                    1                                                  CORREADY=                    1                                                  TRAREADY=                    1                                                  NETREADY=                    T                                                  MISSEDFE=                    0                                                  MISSEDPK=                    0                                                  CLEANA  =                    T                                                  CLEANB  =                    T                                                  NETMCNT =                    0                                                  STRTDMJD= '57897.846713'                                                        SCANLEN = '10      '                                                            TSTAMP  = '2017_05_24_20:19:16'                                                 WFLAG   = '0       '                                                            BWEIFILE= ''                                                                    CHANSEL = '0       '                                                            DISKSTAT= 'Init    '                                                            END                                                                                                                                                                                                                                             
HPC[20:19:10]:NCHAN not set in status memory
HPC[20:19:10]:FITS: Received TSTAMP = 2017_05_24_20:19:16
HPC[20:19:10]:FITS: Filename Stage 1: /lustre/projects/flag//TMP/BF/2017_05_24_20:19:16
HPC[20:19:10]:FITS: Filename Stage 2: /lustre/projects/flag//TMP/BF/2017_05_24_20:19:16I
HPC[20:19:10]:FITS: Filename Stage 3: /lustre/projects/flag//TMP/BF/2017_05_24_20:19:16I.fits
HPC[20:19:10]:Opening file: /lustre/projects/flag//TMP/BF/2017_05_24_20:19:16I.fits
HPC[20:19:10]:/lustre/projects/flag//TMP/BF/2017_05_24_20:19:16I.fits
fitsio opened
SCANLEN: 10
mcnt: 0
mcnt: 15200
NET: Bad Block! mcnt = 26800, 592/1000
NET: Bad Block! mcnt = 27000, 491/1000
NET: Bad Block! mcnt = 27200, 980/1000
NET: Bad Block! mcnt = 27800, 662/1000
NET: Bad Block! mcnt = 28000, 889/1000
NET: Bad Block! mcnt = 28200, 955/1000
NET: Bad Block! mcnt = 28400, 963/1000
NET: Bad Block! mcnt = 28600, 699/1000
NET: Bad Block! mcnt = 28800, 610/1000
NET: Bad Block! mcnt = 29000, 524/1000
NET: Bad Block! mcnt = 29400, 808/1000
NET: Bad Block! mcnt = 29600, 764/1000
NET: Bad Block! mcnt = 29800, 410/1000
NET: Bad Block! mcnt = 30000, 524/1000
NET: Bad Block! mcnt = 30200, 160/1000
NET: Bad Block! mcnt = 30800, 742/1000
NET: Bad Block! mcnt = 31000, 470/1000
NET: Bad Block! mcnt = 31200, 199/1000
NET: Bad Block! mcnt = 31400, 95/1000
NET: Bad Block! mcnt = 31600, 885/1000
NET: Bad Block! mcnt = 31800, 928/1000
NET: Bad Block! mcnt = 32000, 872/1000
NET: Bad Block! mcnt = 32200, 417/1000
NET: Bad Block! mcnt = 32400, 309/1000
NET: Bad Block! mcnt = 32600, 95/1000
NET: Bad Block! mcnt = 33000, 944/1000
NET: Bad Block! mcnt = 33200, 868/1000
NET: Bad Block! mcnt = 33400, 985/1000
NET: Bad Block! mcnt = 33600, 304/1000
mcnt: 30400
NET: Bad Block! mcnt = 33800, 309/1000
NET: Bad Block! mcnt = 34000, 95/1000
NET: Bad Block! mcnt = 34400, 123/1000
NET: Bad Block! mcnt = 35000, 748/1000
NET: Bad Block! mcnt = 35200, 230/1000
NET: Bad Block! mcnt = 35400, 404/1000
NET: Bad Block! mcnt = 36000, 122/1000
NET: Bad Block! mcnt = 36200, 147/1000
NET: Bad Block! mcnt = 36600, 853/1000
NET: Bad Block! mcnt = 36800, 748/1000
NET: Bad Block! mcnt = 37000, 230/1000
NET: Bad Block! mcnt = 37200, 404/1000
NET: Bad Block! mcnt = 37600, 93/1000
NET: Bad Block! mcnt = 37800, 30/1000
NET: Bad Block! mcnt = 38000, 147/1000
NET: Bad Block! mcnt = 38200, 690/1000
NET: Bad Block! mcnt = 38600, 230/1000
NET: Bad Block! mcnt = 38800, 681/1000
NET: Bad Block! mcnt = 39000, 380/1000
NET: Bad Block! mcnt = 39200, 254/1000
NET: Bad Block! mcnt = 39600, 93/1000
NET: Bad Block! mcnt = 39800, 30/1000
NET: Bad Block! mcnt = 40000, 147/1000
NET: Bad Block! mcnt = 40200, 690/1000
NET: Bad Block! mcnt = 40400, 310/1000
NET: Bad Block! mcnt = 40600, 920/1000
NET: Bad Block! mcnt = 40800, 14/1000
NET: Bad Block! mcnt = 41000, 924/1000
NET: Bad Block! mcnt = 41200, 123/1000
NET: Bad Block! mcnt = 41400, 254/1000
NET: Bad Block! mcnt = 41600, 94/1000
NET: Bad Block! mcnt = 42000, 156/1000
NET: Bad Block! mcnt = 42200, 382/1000
NET: Bad Block! mcnt = 42400, 638/1000
NET: Bad Block! mcnt = 42600, 866/1000
NET: Bad Block! mcnt = 42800, 401/1000
NET: Bad Block! mcnt = 43000, 714/1000
NET: Bad Block! mcnt = 43200, 305/1000
NET: Bad Block! mcnt = 43400, 43/1000
NET: Bad Block! mcnt = 43600, 157/1000
NET: Bad Block! mcnt = 43800, 392/1000
NET: Bad Block! mcnt = 44000, 882/1000
NET: Bad Block! mcnt = 44400, 318/1000
NET: Bad Block! mcnt = 44600, 714/1000
NET: Bad Block! mcnt = 44800, 200/1000
NET: Bad Block! mcnt = 45000, 392/1000
NET: Bad Block! mcnt = 45200, 860/1000
NET: Bad Block! mcnt = 45600, 860/1000
NET: Bad Block! mcnt = 45800, 549/1000
NET: Bad Block! mcnt = 46200, 541/1000
NET: Bad Block! mcnt = 46400, 839/1000
mcnt: 45600
mcnt: 60800
mcnt: 76000
mcnt: 91200
mcnt: 106400
mcnt: 121600
mcnt: 136800
NET: Bad Block! mcnt = 150600, 996/1000
NET: CLEANUP condition met!
11
NET: Informing other threads of cleanup condition
NET: All other threads have been informed
TRA: Entering CLEANUP state 
TRA: Finished CLEANUP, returning to ACQUIRE
COR: Cleanup condition met!
COR: In Cleanup
NET: CLEANUP complete; returning to IDLE
Stop observations
BfFitsThread::run exiting with scan_finished=1 run=1
	We wrote 10 lines
	It took an average of 152077.67 µs to complete each loop
	It took an average of 3094.53 µs to write each row to FITS
HPC[20:19:30]:BfFitsIO::close
FITS: waiting for thread to join...
FITS: thread has joined!
bfFitsWriter exiting cleanly at Wed May 24 16:19:30 2017

BFBE: Command to fits writer >> /home/groups/flag/dibas/exec/x86_64-linux/bfFitsWriter -i 0 -m c
RUNNING PAF MODE
/tmp/fits_fifo_mburnett_0
Using FITS Control FIFO: /tmp/fits_fifo_mburnett_0
bfFitsWrite started
ZMQJSONProxy.py:: Player rx a QUIT...
Joined thread 'flag_correlator_thread'
Joined thread 'flag_transpose_thread'
Joined thread 'flag_net_thread'
