ZMQJSONProxy.py:: Player rx a QUIT...
New mode specified and/or bandwidth specified!
set_mode(FLAG_CALCORR_MODE): Creating new BeamformerBackend
ConfigFE: Adding flagr2-1
ConfigFE: Adding flagr2-2
ConfigFE: Adding flagr2-3
ConfigFE: Adding flagr2-4
ConfigFE: Adding flagr2-5

ConfigFE: *** Configuring flagr2-1 ***
ConfigFE: Setting FID as 0...
ConfigFE: Resetting the GbE cores...
ConfigFE: Configuring 10 GbE interfaces...
ConfigFE: Writing fid...
ConfigFE: Writing xid...
ConfigFE: Writing destination port as: 60000
ConfigFE: Writing destination IP addrs...
ConfigFE: Packet stop enabled

ConfigFE: *** Configuring flagr2-2 ***
ConfigFE: Setting FID as 1...
ConfigFE: Resetting the GbE cores...
ConfigFE: Configuring 10 GbE interfaces...
ConfigFE: Writing fid...
ConfigFE: Writing xid...
ConfigFE: Writing destination port as: 60000
ConfigFE: Writing destination IP addrs...
ConfigFE: Packet stop enabled

ConfigFE: *** Configuring flagr2-3 ***
ConfigFE: Setting FID as 2...
ConfigFE: Resetting the GbE cores...
ConfigFE: Configuring 10 GbE interfaces...
ConfigFE: Writing fid...
ConfigFE: Writing xid...
ConfigFE: Writing destination port as: 60000
ConfigFE: Writing destination IP addrs...
ConfigFE: Packet stop enabled

ConfigFE: *** Configuring flagr2-4 ***
ConfigFE: Setting FID as 3...
ConfigFE: Resetting the GbE cores...
ConfigFE: Configuring 10 GbE interfaces...
ConfigFE: Writing fid...
ConfigFE: Writing xid...
ConfigFE: Writing destination port as: 60000
ConfigFE: Writing destination IP addrs...
ConfigFE: Packet stop enabled

ConfigFE: *** Configuring flagr2-5 ***
ConfigFE: Setting FID as 4...
ConfigFE: Resetting the GbE cores...
ConfigFE: Configuring 10 GbE interfaces...
ConfigFE: Writing fid...
ConfigFE: Writing xid...
ConfigFE: Writing destination port as: 60000
ConfigFE: Writing destination IP addrs...
ConfigFE: Packet stop enabled
BFBE: Backend():: Setting self.frequency to 1500.0

BFBE: FlagPole:: Initializing shmem...
BFBE: FlagPole:: instance_id=0
BFBE: FlagPole:: status_key=401997c4
BFBE: FlagPole:: status_semid: users_mburnett_hashpipe_status_0
hashpipe -p flag_x -I 0 -o BINDHOST=10.17.16.200 -o BINDPORT=60000 -o XID=0 -o GPUDEV=0 -o DATADIR=/lustre/gbtdata/TGBT16A_508_01/SIM/ -o PROJID=TGBT16A_508_01/TMP -o MODENAME=FLAG_CALCORR_MODE -o COVMODE=PAF_CAL -c 0 flag_net_thread -c 1 flag_transpose_thread -c 2 flag_correlator_thread
initing  thread 'flag_net_thread' with databufs 0 and 1
initing  thread 'flag_transpose_thread' with databufs 1 and 2
initing  thread 'flag_correlator_thread' with databufs 2 and 3
starting thread 'flag_correlator_thread' with databufs 2 and 3
Found device 0: GeForce GTX 980 Ti
Found device 1: GeForce GTX 980 Ti
Using device 0: GeForce GTX 980 Ti
starting thread 'flag_transpose_thread' with databufs 1 and 2
starting thread 'flag_net_thread' with databufs 0 and 1
NET: Starting Thread!!!
BFBE: Command to fits writer >> /home/groups/flag/dibas/exec/x86_64-linux/bfFitsWriter -i 0 -m c
set_mode(FLAG_CALCORR_MODE): beginning wait for DAQ program
RUNNING PAF MODE
/tmp/fits_fifo_mburnett_0
Using FITS Control FIFO: /tmp/fits_fifo_mburnett_0
bfFitsWrite started
set_mode(FLAG_CALCORR_MODE): wait for DAQ program ended.
ZMQJSONProxy.py:: Player rx a QUIT...
Joined thread 'flag_correlator_thread'
Joined thread 'flag_transpose_thread'
Joined thread 'flag_net_thread'
New mode specified and/or bandwidth specified!
set_mode(FLAG_CALCORR_MODE): Creating new BeamformerBackend
ConfigFE: Adding flagr2-1
ConfigFE: Adding flagr2-2
ConfigFE: Adding flagr2-3
ConfigFE: Adding flagr2-4
ConfigFE: Adding flagr2-5

ConfigFE: *** Configuring flagr2-1 ***
ConfigFE: Setting FID as 0...
ConfigFE: Resetting the GbE cores...
ConfigFE: Configuring 10 GbE interfaces...
ConfigFE: Writing fid...
ConfigFE: Writing xid...
ConfigFE: Writing destination port as: 60000
ConfigFE: Writing destination IP addrs...
ConfigFE: Packet stop enabled

ConfigFE: *** Configuring flagr2-2 ***
ConfigFE: Setting FID as 1...
ConfigFE: Resetting the GbE cores...
ConfigFE: Configuring 10 GbE interfaces...
ConfigFE: Writing fid...
ConfigFE: Writing xid...
ConfigFE: Writing destination port as: 60000
ConfigFE: Writing destination IP addrs...
ConfigFE: Packet stop enabled

ConfigFE: *** Configuring flagr2-3 ***
ConfigFE: Setting FID as 2...
ConfigFE: Resetting the GbE cores...
ConfigFE: Configuring 10 GbE interfaces...
ConfigFE: Writing fid...
ConfigFE: Writing xid...
ConfigFE: Writing destination port as: 60000
ConfigFE: Writing destination IP addrs...
ConfigFE: Packet stop enabled

ConfigFE: *** Configuring flagr2-4 ***
ConfigFE: Setting FID as 3...
ConfigFE: Resetting the GbE cores...
ConfigFE: Configuring 10 GbE interfaces...
ConfigFE: Writing fid...
ConfigFE: Writing xid...
ConfigFE: Writing destination port as: 60000
ConfigFE: Writing destination IP addrs...
ConfigFE: Packet stop enabled

ConfigFE: *** Configuring flagr2-5 ***
ConfigFE: Setting FID as 4...
ConfigFE: Resetting the GbE cores...
ConfigFE: Configuring 10 GbE interfaces...
ConfigFE: Writing fid...
ConfigFE: Writing xid...
ConfigFE: Writing destination port as: 60000
ConfigFE: Writing destination IP addrs...
ConfigFE: Packet stop enabled
BFBE: Backend():: Setting self.frequency to 1500.0

BFBE: FlagPole:: Initializing shmem...
BFBE: FlagPole:: instance_id=0
BFBE: FlagPole:: status_key=401997c4
BFBE: FlagPole:: status_semid: users_mburnett_hashpipe_status_0
hashpipe -p flag_x -I 0 -o BINDHOST=10.17.16.200 -o BINDPORT=60000 -o XID=0 -o GPUDEV=0 -o DATADIR=/lustre/projects/flag/ -o PROJID=TGBT16A_508_01/TMP -o MODENAME=FLAG_CALCORR_MODE -o COVMODE=PAF_CAL -c 0 flag_net_thread -c 1 flag_transpose_thread -c 2 flag_correlator_thread
initing  thread 'flag_net_thread' with databufs 0 and 1
initing  thread 'flag_transpose_thread' with databufs 1 and 2
initing  thread 'flag_correlator_thread' with databufs 2 and 3
starting thread 'flag_correlator_thread' with databufs 2 and 3
Found device 0: GeForce GTX 980 Ti
Found device 1: GeForce GTX 980 Ti
Using device 0: GeForce GTX 980 Ti
starting thread 'flag_transpose_thread' with databufs 1 and 2
starting thread 'flag_net_thread' with databufs 0 and 1
NET: Starting Thread!!!
BFBE: Command to fits writer >> /home/groups/flag/dibas/exec/x86_64-linux/bfFitsWriter -i 0 -m c
set_mode(FLAG_CALCORR_MODE): beginning wait for DAQ program
RUNNING PAF MODE
/tmp/fits_fifo_mburnett_0
Using FITS Control FIFO: /tmp/fits_fifo_mburnett_0
bfFitsWrite started
set_mode(FLAG_CALCORR_MODE): wait for DAQ program ended.
Current mode is FLAG_CALCORR_MODE
BFBE: TSTAMP  2017_05_24_18:59:06
BFBE: Writing CHANSEL=0
BFBE: Weight file name unchanged.
BFBE:  2017-05-24 18:59:00.469528 2017-05-24 18:59:06
Net: Ending scan after mcnt = 151875
NET: Moving back to ACQUIRE!
Start observations
BFBE: Sleeping for 4.601940 seconds...
BfFitsThread::run, instance_id = 0
HPC[18:59:0]:shmget key: 401997c4
HPC[18:59:0]:vegas_status_attach sem_open w/ /users_mburnett_hashpipe_status_0
HPC[18:59:0]:bf_databuf shmget key: 801997c4
HPC[18:59:0]:Setting bank name to A
status_buf: INSTANCE=                    0                                                  BANKNAM = 'A       '                                                            BINDHOST= '10.17.16.200'                                                        BINDPORT=                60000                                                  XID     = '0       '                                                            GPUDEV  =                    0                                                  DATADIR = '/lustre/projects/flag/'                                              PROJID  = 'TGBT16A_508_01/TMP'                                                  MODENAME= 'FLAG_CALCORR_MODE'                                                   COVMODE = 'PAF_CAL '                                                            NETSTAT = 'ACQUIRE '                                                            TRASTAT = 'init    '                                                            CORSTAT = 'init    '                                                            INTSTAT = 'start   '                                                            INTSYNC =                    0                                                  REQSTI  = '1.0     '                                                            ACTSTI  =             0.000000                                                  INTCOUNT=                    1                                                  CORREADY=                    1                                                  TRAREADY=                    1                                                  NETREADY=                    T                                                  MISSEDFE=                    0                                                  MISSEDPK=                    0                                                  CLEANA  =                    T                                                  CLEANB  =                    T                                                  NETMCNT =                    0                                                  STRTDMJD= '57897.7910417'                                                       SCANLEN = '10      '                                                            TSTAMP  = '2017_05_24_18:59:06'                                                 WFLAG   = '0       '                                                            BWEIFILE= ''                                                                    CHANSEL = '0       '                                                            DISKSTAT= 'Init    '                                                            END                                                                                                                                                                                                                                             
HPC[18:59:0]:NCHAN not set in status memory
HPC[18:59:0]:FITS: Received TSTAMP = 2017_05_24_18:59:06
HPC[18:59:0]:FITS: Filename Stage 1: /lustre/projects/flag//TGBT16A_508_01/TMP/BF/2017_05_24_18:59:06
HPC[18:59:0]:FITS: Filename Stage 2: /lustre/projects/flag//TGBT16A_508_01/TMP/BF/2017_05_24_18:59:06A
HPC[18:59:0]:FITS: Filename Stage 3: /lustre/projects/flag//TGBT16A_508_01/TMP/BF/2017_05_24_18:59:06A.fits
HPC[18:59:0]:Opening file: /lustre/projects/flag//TGBT16A_508_01/TMP/BF/2017_05_24_18:59:06A.fits
HPC[18:59:0]:/lustre/projects/flag//TGBT16A_508_01/TMP/BF/2017_05_24_18:59:06A.fits
fitsio opened
SCANLEN: 10
BFBE: Arming Roaches...
BFPBE: Sending sync pule to flagr2-1
BFPBE: Sending sync pule to flagr2-2
BFPBE: Sending sync pule to flagr2-3
BFPBE: Sending sync pule to flagr2-4
BFPBE: Sending sync pule to flagr2-5
mcnt: 0
mcnt: 15200
mcnt: 30400
mcnt: 45600
mcnt: 60800
mcnt: 76000
mcnt: 91200
mcnt: 106400
mcnt: 121600
mcnt: 136800
NET: CLEANUP condition met!
11
NET: Informing other threads of cleanup condition
NET: All other threads have been informed
TRA: Entering CLEANUP state 
TRA: Finished CLEANUP, returning to ACQUIRE
COR: Cleanup condition met!
COR: In Cleanup
NET: CLEANUP complete; returning to IDLE
BFBE: Stop data flow for roach flagr2-1
Stop observations
FITS: waiting for thread to join...
BfFitsThread::run exiting with scan_finished=1 run=0
	We wrote 10 lines
	It took an average of 231374.82 µs to complete each loop
	It took an average of 2838.20 µs to write each row to FITS
HPC[18:59:20]:BfFitsIO::close
FITS: thread has joined!
bfFitsWriter exiting cleanly at Wed May 24 14:59:20 2017

BFBE: Stop data flow for roach flagr2-2
BFBE: Stop data flow for roach flagr2-3
BFBE: Stop data flow for roach flagr2-4
BFBE: Stop data flow for roach flagr2-5
BFBE: Command to fits writer >> /home/groups/flag/dibas/exec/x86_64-linux/bfFitsWriter -i 0 -m c
RUNNING PAF MODE
/tmp/fits_fifo_mburnett_0
Using FITS Control FIFO: /tmp/fits_fifo_mburnett_0
bfFitsWrite started
ZMQJSONProxy.py:: Player rx a QUIT...
Joined thread 'flag_correlator_thread'
Joined thread 'flag_transpose_thread'
Joined thread 'flag_net_thread'
