New mode specified and/or bandwidth specified!
set_mode(FLAG_CALCORR_MODE): Creating new BeamformerBackend
BFBE: Backend():: Setting self.frequency to 1500.0

BFBE: FlagPole:: Initializing shmem...
BFBE: FlagPole:: instance_id=2
BFBE: FlagPole:: status_key=421997c4
BFBE: FlagPole:: status_semid: users_mburnett_hashpipe_status_2
hashpipe -p flag_x -I 2 -o BINDHOST=10.17.16.218 -o BINDPORT=60000 -o XID=18 -o GPUDEV=0 -o DATADIR=/lustre/gbtdata/ -o PROJID=TGBT16A_508_01/TMP -o COVMODE=PAF_CAL -c 4 flag_net_thread -c 1 flag_transpose_thread -c 5 flag_correlator_thread
initing  thread 'flag_net_thread' with databufs 0 and 1
initing  thread 'flag_transpose_thread' with databufs 1 and 2
initing  thread 'flag_correlator_thread' with databufs 2 and 3
starting thread 'flag_correlator_thread' with databufs 2 and 3
Found device 0: GeForce GTX 980 Ti
Found device 1: GeForce GTX 980 Ti
Using device 0: GeForce GTX 980 Ti
starting thread 'flag_transpose_thread' with databufs 1 and 2
starting thread 'flag_net_thread' with databufs 0 and 1
NET: Starting Thread!!!
BFBE: Command to fits writer >> /home/groups/flag/dibas/exec/x86_64-linux/bfFitsWriter -i 2 -m c
set_mode(FLAG_CALCORR_MODE): beginning wait for DAQ program
RUNNING PAF MODE
/tmp/fits_fifo_mburnett_2
Using FITS Control FIFO: /tmp/fits_fifo_mburnett_2
bfFitsWrite started
set_mode(FLAG_CALCORR_MODE): wait for DAQ program ended.
Current mode is FLAG_CALCORR_MODE
BFBE: TSTAMP  2017_05_23_01:02:50
BFBE: Writing CHANSEL=0
BFBE: Weight file name unchanged.
BFBE:  2017-05-23 01:02:44.903518 2017-05-23 01:02:50
Net: Ending scan after mcnt = 151875
NET: Moving back to ACQUIRE!
Start observations
BFBE: Sleeping for 4.162390 seconds...
BfFitsThread::run, instance_id = 2
HPC[1:2:44]:shmget key: 421997c4
HPC[1:2:44]:vegas_status_attach sem_open w/ /users_mburnett_hashpipe_status_2
HPC[1:2:44]:bf_databuf shmget key: 821997c4
HPC[1:2:44]:Setting bank name to C
status_buf: INSTANCE=                    2                                                  BANKNAM = 'S       '                                                            BINDHOST= '10.17.16.218'                                                        BINDPORT=                60000                                                  XID     = '18      '                                                            GPUDEV  =                    0                                                  DATADIR = '/lustre/gbtdata/'                                                    PROJID  = 'TGBT16A_508_01/TMP'                                                  COVMODE = 'PAF_CAL '                                                            NETSTAT = 'ACQUIRE '                                                            TRASTAT = 'init    '                                                            CORSTAT = 'init    '                                                            INTSTAT = 'start   '                                                            INTSYNC =                    0                                                  REQSTI  = '1.0     '                                                            ACTSTI  =             0.000000                                                  INTCOUNT=                    1                                                  CORREADY=                    1                                                  TRAREADY=                    1                                                  NETREADY=                    T                                                  MISSEDFE=                    0                                                  MISSEDPK=                    0                                                  CLEANA  =                    T                                                  CLEANB  =                    T                                                  NETMCNT =                    0                                                  STRTDMJD= '57896.0436343'                                                       SCANLEN = '10      '                                                            TSTAMP  = '2017_05_23_01:02:50'                                                 WFLAG   = '0       '                                                            BWEIFILE= ''                                                                    CHANSEL = '0       '                                                            DISKSTAT= 'Init    '                                                            END                                                                                                                                                                                                                                                                                                                             
HPC[1:2:44]:NCHAN not set in status memory
HPC[1:2:44]:FITS: Received TSTAMP = 2017_05_23_01:02:50
HPC[1:2:44]:FITS: Filename Stage 1: /lustre/gbtdata//TGBT16A_508_01/TMP/BF/2017_05_23_01:02:50
HPC[1:2:44]:FITS: Filename Stage 2: /lustre/gbtdata//TGBT16A_508_01/TMP/BF/2017_05_23_01:02:50S
HPC[1:2:44]:FITS: Filename Stage 3: /lustre/gbtdata//TGBT16A_508_01/TMP/BF/2017_05_23_01:02:50S.fits
HPC[1:2:44]:Opening file: /lustre/gbtdata//TGBT16A_508_01/TMP/BF/2017_05_23_01:02:50S.fits
HPC[1:2:44]:/lustre/gbtdata//TGBT16A_508_01/TMP/BF/2017_05_23_01:02:50S.fits
fitsio opened
SCANLEN: 10
mcnt: 0
mcnt: 15200
mcnt: 30400
mcnt: 45600
mcnt: 60800
mcnt: 76000
mcnt: 91200
mcnt: 106400
mcnt: 121600
mcnt: 136800
NET: CLEANUP condition met!
11
NET: Informing other threads of cleanup condition
NET: All other threads have been informed
TRA: Entering CLEANUP state 
TRA: Finished CLEANUP, returning to ACQUIRE
COR: Cleanup condition met!
COR: In Cleanup
NET: CLEANUP complete; returning to IDLE
Stop observations
BfFitsThread::run exiting with scan_finished=1 run=1
	We wrote 10 lines
	It took an average of 237434.16 µs to complete each loop
	It took an average of 1493.53 µs to write each row to FITS
HPC[1:3:4]:BfFitsIO::close
FITS: waiting for thread to join...
FITS: thread has joined!
bfFitsWriter exiting cleanly at Mon May 22 21:03:04 2017

BFBE: Command to fits writer >> /home/groups/flag/dibas/exec/x86_64-linux/bfFitsWriter -i 2 -m c
RUNNING PAF MODE
/tmp/fits_fifo_mburnett_2
Using FITS Control FIFO: /tmp/fits_fifo_mburnett_2
bfFitsWrite started
Current mode is FLAG_CALCORR_MODE
BFBE: TSTAMP  2017_05_23_01:09:20
BFBE: Writing CHANSEL=0
BFBE: Weight file name unchanged.
BFBE:  2017-05-23 01:09:14.428117 2017-05-23 01:09:20
Net: Ending scan after mcnt = 911250
NET: Moving back to ACQUIRE!
BFBE: Sleeping for 4.635815 seconds...Start observations

BfFitsThread::run, instance_id = 2
HPC[1:9:14]:shmget key: 421997c4
HPC[1:9:14]:vegas_status_attach sem_open w/ /users_mburnett_hashpipe_status_2
HPC[1:9:14]:Found vegas status semaphore locked in vegas_status_chkinit. releasing
HPC[1:9:14]:bf_databuf shmget key: 821997c4
HPC[1:9:14]:Setting bank name to C
status_buf: INSTANCE=                    2                                                  BANKNAM = 'S       '                                                            BINDHOST= '10.17.16.218'                                                        BINDPORT=                60000                                                  XID     = '18      '                                                            GPUDEV  =                    0                                                  DATADIR = '/lustre/gbtdata/'                                                    PROJID  = 'TGBT16A_508_01/TMP'                                                  COVMODE = 'PAF_CAL '                                                            NETSTAT = 'ACQUIRE '                                                            TRASTAT = 'ACQUIRE '                                                            CORSTAT = 'ACQUIRE '                                                            INTSTAT = 'start   '                                                            INTSYNC =                    0                                                  REQSTI  = '1.0     '                                                            ACTSTI  =             1.000823                                                  INTCOUNT=                   76                                                  CORREADY=                    1                                                  TRAREADY=                    1                                                  NETREADY=                    T                                                  MISSEDFE=                    0                                                  MISSEDPK=                    0                                                  CLEANA  =                    T                                                  CLEANB  =                    T                                                  NETMCNT =                    0                                                  STRTDMJD= '57896.0481481'                                                       SCANLEN = '60      '                                                            TSTAMP  = '2017_05_23_01:09:20'                                                 WFLAG   = '0       '                                                            BWEIFILE= ''                                                                    CHANSEL = '0       '                                                            DISKSTAT= 'Init    '                                                            DSKBLKIN=                    0                                                  SCANREM = 'scan terminated'                                                     TRAMCNT =               151800                                                  CORMCNT =               151800                                                  NETERR  = 'Late Packet! - 169408'                                               END                                                                                                                                                                                                                                                                                                                                                                                                                                                                                                                                                                                                                                                                                                                                                                                                                                                                                                                                                                                                                                                                                                                                                                                                                                                                                                                                                                                                                                                                                                                                                                                                                                                                                                                                                                                                                                                                                                                                                                                                                                                                                                                                                                                                                                                                                                                                                                                                                                                                                                                                                                                                                                                                                                                                                                                                                                                                                                             
HPC[1:9:14]:NCHAN not set in status memory
HPC[1:9:14]:FITS: Received TSTAMP = 2017_05_23_01:09:20
HPC[1:9:14]:FITS: Filename Stage 1: /lustre/gbtdata//TGBT16A_508_01/TMP/BF/2017_05_23_01:09:20
HPC[1:9:14]:FITS: Filename Stage 2: /lustre/gbtdata//TGBT16A_508_01/TMP/BF/2017_05_23_01:09:20S
HPC[1:9:14]:FITS: Filename Stage 3: /lustre/gbtdata//TGBT16A_508_01/TMP/BF/2017_05_23_01:09:20S.fits
HPC[1:9:14]:Opening file: /lustre/gbtdata//TGBT16A_508_01/TMP/BF/2017_05_23_01:09:20S.fits
HPC[1:9:14]:/lustre/gbtdata//TGBT16A_508_01/TMP/BF/2017_05_23_01:09:20S.fits
fitsio opened
SCANLEN: 60
mcnt: 0
mcnt: 15200
mcnt: 30400
mcnt: 45600
mcnt: 60800
mcnt: 76000
mcnt: 91200
mcnt: 106400
mcnt: 121600
mcnt: 136800
mcnt: 152000
mcnt: 167200
mcnt: 182400
mcnt: 197600
mcnt: 212800
mcnt: 228000
mcnt: 243200
mcnt: 258400
mcnt: 273600
mcnt: 288800
mcnt: 304000
mcnt: 319200
mcnt: 334400
mcnt: 349600
mcnt: 364800
mcnt: 380000
mcnt: 395200
mcnt: 410400
mcnt: 425600
mcnt: 440800
mcnt: 456000
mcnt: 471200
mcnt: 486400
mcnt: 501600
mcnt: 516800
mcnt: 532000
mcnt: 547200
mcnt: 562400
mcnt: 577600
mcnt: 592800
mcnt: 608000
mcnt: 623200
mcnt: 638400
mcnt: 653600
mcnt: 668800
mcnt: 684000
mcnt: 699200
mcnt: 714400
mcnt: 729600
mcnt: 744800
mcnt: 760000
mcnt: 775200
mcnt: 790400
mcnt: 805600
mcnt: 820800
mcnt: 836000
mcnt: 851200
mcnt: 866400
mcnt: 881600
mcnt: 896800
NET: CLEANUP condition met!
61
NET: Informing other threads of cleanup condition
NET: All other threads have been informed
TRA: Entering CLEANUP state 
TRA: Finished CLEANUP, returning to ACQUIRE
COR: Cleanup condition met!
COR: In Cleanup
NET: CLEANUP complete; returning to IDLE
Stop observations
BfFitsThread::run exiting with scan_finished=1 run=1
	We wrote 60 lines
	It took an average of 245308.57 µs to complete each loop
	It took an average of 1438.62 µs to write each row to FITS
HPC[1:10:24]:BfFitsIO::close
FITS: waiting for thread to join...
FITS: thread has joined!
bfFitsWriter exiting cleanly at Mon May 22 21:10:24 2017

BFBE: Command to fits writer >> /home/groups/flag/dibas/exec/x86_64-linux/bfFitsWriter -i 2 -m c
RUNNING PAF MODE
/tmp/fits_fifo_mburnett_2
Using FITS Control FIFO: /tmp/fits_fifo_mburnett_2
bfFitsWrite started
ZMQJSONProxy.py:: Player rx a QUIT...
Joined thread 'flag_correlator_thread'
Joined thread 'flag_transpose_thread'
Joined thread 'flag_net_thread'
New mode specified and/or bandwidth specified!
set_mode(FLAG_CALCORR_MODE): Creating new BeamformerBackend
BFBE: Backend():: Setting self.frequency to 1500.0

BFBE: FlagPole:: Initializing shmem...
BFBE: FlagPole:: instance_id=2
BFBE: FlagPole:: status_key=421997c4
BFBE: FlagPole:: status_semid: users_mburnett_hashpipe_status_2
hashpipe -p flag_x -I 2 -o BINDHOST=10.17.16.218 -o BINDPORT=60000 -o XID=18 -o GPUDEV=0 -o DATADIR=/lustre/gbtdata/ -o PROJID=TGBT16A_508_01/TMP -o COVMODE=PAF_CAL -c 4 flag_net_thread -c 1 flag_transpose_thread -c 5 flag_correlator_thread
initing  thread 'flag_net_thread' with databufs 0 and 1
initing  thread 'flag_transpose_thread' with databufs 1 and 2
initing  thread 'flag_correlator_thread' with databufs 2 and 3
starting thread 'flag_correlator_thread' with databufs 2 and 3
Found device 0: GeForce GTX 980 Ti
Found device 1: GeForce GTX 980 Ti
Using device 0: GeForce GTX 980 Ti
starting thread 'flag_transpose_thread' with databufs 1 and 2
starting thread 'flag_net_thread' with databufs 0 and 1
NET: Starting Thread!!!
BFBE: Command to fits writer >> /home/groups/flag/dibas/exec/x86_64-linux/bfFitsWriter -i 2 -m c
set_mode(FLAG_CALCORR_MODE): beginning wait for DAQ program
RUNNING PAF MODE
/tmp/fits_fifo_mburnett_2
Using FITS Control FIFO: /tmp/fits_fifo_mburnett_2
bfFitsWrite started
set_mode(FLAG_CALCORR_MODE): wait for DAQ program ended.
Current mode is FLAG_CALCORR_MODE
BFBE: TSTAMP  2017_05_23_01:18:05
BFBE: Writing CHANSEL=0
BFBE: Weight file name unchanged.
BFBE:  2017-05-23 01:17:59.814408 2017-05-23 01:18:05
Net: Ending scan after mcnt = 911250
NET: Moving back to ACQUIRE!
Start observations
BFBE: Sleeping for 4.255137 seconds...
BfFitsThread::run, instance_id = 2
HPC[1:17:59]:shmget key: 421997c4
HPC[1:17:59]:vegas_status_attach sem_open w/ /users_mburnett_hashpipe_status_2
HPC[1:17:59]:bf_databuf shmget key: 821997c4
HPC[1:17:59]:Setting bank name to C
status_buf: INSTANCE=                    2                                                  BANKNAM = 'S       '                                                            BINDHOST= '10.17.16.218'                                                        BINDPORT=                60000                                                  XID     = '18      '                                                            GPUDEV  =                    0                                                  DATADIR = '/lustre/gbtdata/'                                                    PROJID  = 'TGBT16A_508_01/TMP'                                                  COVMODE = 'PAF_CAL '                                                            NETSTAT = 'ACQUIRE '                                                            TRASTAT = 'init    '                                                            CORSTAT = 'init    '                                                            INTSTAT = 'start   '                                                            INTSYNC =                    0                                                  REQSTI  = '1.0     '                                                            ACTSTI  =             0.000000                                                  INTCOUNT=                    1                                                  CORREADY=                    1                                                  TRAREADY=                    1                                                  NETREADY=                    T                                                  MISSEDFE=                    0                                                  MISSEDPK=                    0                                                  CLEANA  =                    T                                                  CLEANB  =                    T                                                  NETMCNT =                    0                                                  STRTDMJD= '57896.0542245'                                                       SCANLEN = '60      '                                                            TSTAMP  = '2017_05_23_01:18:05'                                                 WFLAG   = '0       '                                                            BWEIFILE= ''                                                                    CHANSEL = '0       '                                                            DISKSTAT= 'Init    '                                                            END                                                                                                                                                                                                                                                                                                                             
HPC[1:17:59]:NCHAN not set in status memory
HPC[1:17:59]:FITS: Received TSTAMP = 2017_05_23_01:18:05
HPC[1:17:59]:FITS: Filename Stage 1: /lustre/gbtdata//TGBT16A_508_01/TMP/BF/2017_05_23_01:18:05
HPC[1:17:59]:FITS: Filename Stage 2: /lustre/gbtdata//TGBT16A_508_01/TMP/BF/2017_05_23_01:18:05S
HPC[1:17:59]:FITS: Filename Stage 3: /lustre/gbtdata//TGBT16A_508_01/TMP/BF/2017_05_23_01:18:05S.fits
HPC[1:17:59]:Opening file: /lustre/gbtdata//TGBT16A_508_01/TMP/BF/2017_05_23_01:18:05S.fits
HPC[1:17:59]:/lustre/gbtdata//TGBT16A_508_01/TMP/BF/2017_05_23_01:18:05S.fits
fitsio opened
SCANLEN: 60
mcnt: 0
mcnt: 15200
mcnt: 30400
mcnt: 45600
mcnt: 60800
mcnt: 76000
mcnt: 91200
mcnt: 106400
mcnt: 121600
mcnt: 136800
mcnt: 152000
mcnt: 167200
mcnt: 182400
mcnt: 197600
mcnt: 212800
mcnt: 228000
mcnt: 243200
mcnt: 258400
mcnt: 273600
mcnt: 288800
mcnt: 304000
mcnt: 319200
mcnt: 334400
mcnt: 349600
mcnt: 364800
mcnt: 380000
mcnt: 395200
mcnt: 410400
mcnt: 425600
mcnt: 440800
mcnt: 456000
mcnt: 471200
mcnt: 486400
mcnt: 501600
mcnt: 516800
mcnt: 532000
mcnt: 547200
mcnt: 562400
mcnt: 577600
mcnt: 592800
mcnt: 608000
mcnt: 623200
mcnt: 638400
mcnt: 653600
mcnt: 668800
mcnt: 684000
mcnt: 699200
mcnt: 714400
mcnt: 729600
mcnt: 744800
mcnt: 760000
mcnt: 775200
mcnt: 790400
mcnt: 805600
mcnt: 820800
mcnt: 836000
mcnt: 851200
mcnt: 866400
mcnt: 881600
mcnt: 896800
NET: CLEANUP condition met!
61
NET: Informing other threads of cleanup condition
NET: All other threads have been informed
TRA: Entering CLEANUP state 
TRA: Finished CLEANUP, returning to ACQUIRE
COR: Cleanup condition met!
COR: In Cleanup
NET: CLEANUP complete; returning to IDLE
Stop observations
FITS: waiting for thread to join...
BfFitsThread::run exiting with scan_finished=1 run=0
	We wrote 60 lines
	It took an average of 247911.16 µs to complete each loop
	It took an average of 1430.59 µs to write each row to FITS
HPC[1:19:9]:BfFitsIO::close
FITS: thread has joined!
bfFitsWriter exiting cleanly at Mon May 22 21:19:09 2017

BFBE: Command to fits writer >> /home/groups/flag/dibas/exec/x86_64-linux/bfFitsWriter -i 2 -m c
RUNNING PAF MODE
/tmp/fits_fifo_mburnett_2
Using FITS Control FIFO: /tmp/fits_fifo_mburnett_2
bfFitsWrite started
Current mode is FLAG_CALCORR_MODE
BFBE: TSTAMP  2017_05_23_01:25:01
BFBE: Writing CHANSEL=0
BFBE: Weight file name unchanged.
BFBE:  2017-05-23 01:24:55.511345 2017-05-23 01:25:01
Net: Ending scan after mcnt = 911250
NET: Moving back to ACQUIRE!
Start observations
BFBE: Sleeping for 4.553046 seconds...
BfFitsThread::run, instance_id = 2
HPC[1:24:55]:shmget key: 421997c4
HPC[1:24:55]:vegas_status_attach sem_open w/ /users_mburnett_hashpipe_status_2
HPC[1:24:55]:Found vegas status semaphore locked in vegas_status_chkinit. releasing
HPC[1:24:55]:bf_databuf shmget key: 821997c4
HPC[1:24:55]:Setting bank name to C
status_buf: INSTANCE=                    2                                                  BANKNAM = 'S       '                                                            BINDHOST= '10.17.16.218'                                                        BINDPORT=                60000                                                  XID     = '18      '                                                            GPUDEV  =                    0                                                  DATADIR = '/lustre/gbtdata/'                                                    PROJID  = 'TGBT16A_508_01/TMP'                                                  COVMODE = 'PAF_CAL '                                                            NETSTAT = 'ACQUIRE '                                                            TRASTAT = 'ACQUIRE '                                                            CORSTAT = 'ACQUIRE '                                                            INTSTAT = 'start   '                                                            INTSYNC =                    0                                                  REQSTI  = '1.0     '                                                            ACTSTI  =             1.000823                                                  INTCOUNT=                   76                                                  CORREADY=                    1                                                  TRAREADY=                    1                                                  NETREADY=                    T                                                  MISSEDFE=                    0                                                  MISSEDPK=                    0                                                  CLEANA  =                    T                                                  CLEANB  =                    T                                                  NETMCNT =                    0                                                  STRTDMJD= '57896.0590394'                                                       SCANLEN = '60      '                                                            TSTAMP  = '2017_05_23_01:25:01'                                                 WFLAG   = '0       '                                                            BWEIFILE= ''                                                                    CHANSEL = '0       '                                                            DISKSTAT= 'Init    '                                                            DSKBLKIN=                    0                                                  SCANREM = 'scan terminated'                                                     TRAMCNT =               911200                                                  CORMCNT =               911200                                                  NETERR  = 'Late Packet! - 928718'                                               END                                                                                                                                                                                                                                                                                                                                                                                                                                                                                                                                                                                                                                                                                                                                                                                                                                                                                                                                                                                                                                                                                                                                                                                                                                                                                                                                                                                                                                                                                                                                                                                                                                                                                                                                                                                                                                                                                                                                                                                                                                                                                                                                                                                                                                                                                                                                                                                                                                                                                                                                                                                                                                                                                                                                                                                                                                                                                                             
HPC[1:24:55]:NCHAN not set in status memory
HPC[1:24:55]:FITS: Received TSTAMP = 2017_05_23_01:25:01
HPC[1:24:55]:FITS: Filename Stage 1: /lustre/gbtdata//TGBT16A_508_01/TMP/BF/2017_05_23_01:25:01
HPC[1:24:55]:FITS: Filename Stage 2: /lustre/gbtdata//TGBT16A_508_01/TMP/BF/2017_05_23_01:25:01S
HPC[1:24:55]:FITS: Filename Stage 3: /lustre/gbtdata//TGBT16A_508_01/TMP/BF/2017_05_23_01:25:01S.fits
HPC[1:24:55]:Opening file: /lustre/gbtdata//TGBT16A_508_01/TMP/BF/2017_05_23_01:25:01S.fits
HPC[1:24:55]:/lustre/gbtdata//TGBT16A_508_01/TMP/BF/2017_05_23_01:25:01S.fits
fitsio opened
SCANLEN: 60
mcnt: 0
mcnt: 15200
mcnt: 30400
mcnt: 45600
mcnt: 60800
mcnt: 76000
mcnt: 91200
mcnt: 106400
mcnt: 121600
mcnt: 136800
mcnt: 152000
mcnt: 167200
mcnt: 182400
mcnt: 197600
mcnt: 212800
mcnt: 228000
mcnt: 243200
mcnt: 258400
mcnt: 273600
mcnt: 288800
mcnt: 304000
mcnt: 319200
mcnt: 334400
mcnt: 349600
mcnt: 364800
mcnt: 380000
mcnt: 395200
mcnt: 410400
mcnt: 425600
mcnt: 440800
mcnt: 456000
mcnt: 471200
mcnt: 486400
mcnt: 501600
mcnt: 516800
mcnt: 532000
mcnt: 547200
mcnt: 562400
mcnt: 577600
mcnt: 592800
mcnt: 608000
mcnt: 623200
mcnt: 638400
mcnt: 653600
mcnt: 668800
mcnt: 684000
mcnt: 699200
mcnt: 714400
mcnt: 729600
mcnt: 744800
mcnt: 760000
mcnt: 775200
mcnt: 790400
mcnt: 805600
mcnt: 820800
mcnt: 836000
mcnt: 851200
mcnt: 866400
mcnt: 881600
mcnt: 896800
NET: CLEANUP condition met!
61
NET: Informing other threads of cleanup condition
NET: All other threads have been informed
TRA: Entering CLEANUP state 
TRA: Finished CLEANUP, returning to ACQUIRE
COR: Cleanup condition met!
COR: In Cleanup
NET: CLEANUP complete; returning to IDLE
Stop observations
BfFitsThread::run exiting with scan_finished=1 run=1
	We wrote 60 lines
	It took an average of 248167.34 µs to complete each loop
	It took an average of 1636.69 µs to write each row to FITS
HPC[1:26:5]:BfFitsIO::close
FITS: waiting for thread to join...
FITS: thread has joined!
bfFitsWriter exiting cleanly at Mon May 22 21:26:05 2017

BFBE: Command to fits writer >> /home/groups/flag/dibas/exec/x86_64-linux/bfFitsWriter -i 2 -m c
RUNNING PAF MODE
/tmp/fits_fifo_mburnett_2
Using FITS Control FIFO: /tmp/fits_fifo_mburnett_2
bfFitsWrite started
ZMQJSONProxy.py:: Player rx a QUIT...
Joined thread 'flag_correlator_thread'
Joined thread 'flag_transpose_thread'
Joined thread 'flag_net_thread'
New mode specified and/or bandwidth specified!
set_mode(FLAG_CALCORR_MODE): Creating new BeamformerBackend
BFBE: Backend():: Setting self.frequency to 1500.0

BFBE: FlagPole:: Initializing shmem...
BFBE: FlagPole:: instance_id=2
BFBE: FlagPole:: status_key=421997c4
BFBE: FlagPole:: status_semid: users_mburnett_hashpipe_status_2
hashpipe -p flag_x -I 2 -o BINDHOST=10.17.16.218 -o BINDPORT=60000 -o XID=18 -o GPUDEV=0 -o DATADIR=/lustre/gbtdata/ -o PROJID=TGBT16A_508_01/TMP -o COVMODE=PAF_CAL -c 4 flag_net_thread -c 1 flag_transpose_thread -c 5 flag_correlator_thread
initing  thread 'flag_net_thread' with databufs 0 and 1
initing  thread 'flag_transpose_thread' with databufs 1 and 2
initing  thread 'flag_correlator_thread' with databufs 2 and 3
starting thread 'flag_correlator_thread' with databufs 2 and 3
Found device 0: GeForce GTX 980 Ti
Found device 1: GeForce GTX 980 Ti
Using device 0: GeForce GTX 980 Ti
starting thread 'flag_transpose_thread' with databufs 1 and 2
starting thread 'flag_net_thread' with databufs 0 and 1
NET: Starting Thread!!!
BFBE: Command to fits writer >> /home/groups/flag/dibas/exec/x86_64-linux/bfFitsWriter -i 2 -m c
set_mode(FLAG_CALCORR_MODE): beginning wait for DAQ program
RUNNING PAF MODE
/tmp/fits_fifo_mburnett_2
Using FITS Control FIFO: /tmp/fits_fifo_mburnett_2
bfFitsWrite started
set_mode(FLAG_CALCORR_MODE): wait for DAQ program ended.
Current mode is FLAG_CALCORR_MODE
BFBE: TSTAMP  2017_05_23_01:30:21
 BFBE: Writing CHANSEL=0
BFBE: Weight file name unchanged.
BFBE:  2017-05-23 01:30:15.153853 2017-05-23 01:30:21
Net: Ending scan after mcnt = 911250
NET: Moving back to ACQUIRE!
Start observations
BFBE: Sleeping for 4.909938 seconds...
BfFitsThread::run, instance_id = 2
HPC[1:30:15]:shmget key: 421997c4
HPC[1:30:15]:vegas_status_attach sem_open w/ /users_mburnett_hashpipe_status_2
HPC[1:30:15]:bf_databuf shmget key: 821997c4
HPC[1:30:15]:Setting bank name to C
status_buf: INSTANCE=                    2                                                  BANKNAM = 'S       '                                                            BINDHOST= '10.17.16.218'                                                        BINDPORT=                60000                                                  XID     = '18      '                                                            GPUDEV  =                    0                                                  DATADIR = '/lustre/gbtdata/'                                                    PROJID  = 'TGBT16A_508_01/TMP'                                                  COVMODE = 'PAF_CAL '                                                            NETSTAT = 'ACQUIRE '                                                            TRASTAT = 'init    '                                                            CORSTAT = 'init    '                                                            INTSTAT = 'start   '                                                            INTSYNC =                    0                                                  REQSTI  = '1.0     '                                                            ACTSTI  =             0.000000                                                  INTCOUNT=                    1                                                  CORREADY=                    1                                                  TRAREADY=                    1                                                  NETREADY=                    T                                                  MISSEDFE=                    0                                                  MISSEDPK=                    0                                                  CLEANA  =                    T                                                  CLEANB  =                    T                                                  NETMCNT =                    0                                                  STRTDMJD= '57896.0627431'                                                       SCANLEN = '60      '                                                            TSTAMP  = '2017_05_23_01:30:21'                                                 WFLAG   = '0       '                                                            BWEIFILE= ''                                                                    CHANSEL = '0       '                                                            DISKSTAT= 'Init    '                                                            END                                                                                                                                                                                                                                                                                                                             
HPC[1:30:15]:NCHAN not set in status memory
HPC[1:30:15]:FITS: Received TSTAMP = 2017_05_23_01:30:21
HPC[1:30:15]:FITS: Filename Stage 1: /lustre/gbtdata//TGBT16A_508_01/TMP/BF/2017_05_23_01:30:21
HPC[1:30:15]:FITS: Filename Stage 2: /lustre/gbtdata//TGBT16A_508_01/TMP/BF/2017_05_23_01:30:21S
HPC[1:30:15]:FITS: Filename Stage 3: /lustre/gbtdata//TGBT16A_508_01/TMP/BF/2017_05_23_01:30:21S.fits
HPC[1:30:15]:Opening file: /lustre/gbtdata//TGBT16A_508_01/TMP/BF/2017_05_23_01:30:21S.fits
HPC[1:30:15]:/lustre/gbtdata//TGBT16A_508_01/TMP/BF/2017_05_23_01:30:21S.fits
fitsio opened
SCANLEN: 60
mcnt: 0
mcnt: 15200
mcnt: 30400
mcnt: 45600
mcnt: 60800
mcnt: 76000
mcnt: 91200
mcnt: 106400
mcnt: 121600
mcnt: 136800
mcnt: 152000
mcnt: 167200
mcnt: 182400
mcnt: 197600
mcnt: 212800
mcnt: 228000
mcnt: 243200
mcnt: 258400
mcnt: 273600
mcnt: 288800
mcnt: 304000
mcnt: 319200
mcnt: 334400
mcnt: 349600
mcnt: 364800
mcnt: 380000
mcnt: 395200
mcnt: 410400
mcnt: 425600
mcnt: 440800
mcnt: 456000
mcnt: 471200
mcnt: 486400
mcnt: 501600
mcnt: 516800
mcnt: 532000
mcnt: 547200
mcnt: 562400
mcnt: 577600
mcnt: 592800
mcnt: 608000
mcnt: 623200
mcnt: 638400
mcnt: 653600
mcnt: 668800
mcnt: 684000
mcnt: 699200
mcnt: 714400
mcnt: 729600
mcnt: 744800
mcnt: 760000
mcnt: 775200
mcnt: 790400
mcnt: 805600
mcnt: 820800
mcnt: 836000
mcnt: 851200
mcnt: 866400
mcnt: 881600
mcnt: 896800
NET: CLEANUP condition met!
61
NET: Informing other threads of cleanup condition
NET: All other threads have been informed
TRA: Entering CLEANUP state 
TRA: Finished CLEANUP, returning to ACQUIRE
COR: Cleanup condition met!
COR: In Cleanup
NET: CLEANUP complete; returning to IDLE
Stop observations
FITS: waiting for thread to join...
BfFitsThread::run exiting with scan_finished=1 run=0
	We wrote 60 lines
	It took an average of 246266.63 µs to complete each loop
	It took an average of 1262.24 µs to write each row to FITS
HPC[1:31:25]:BfFitsIO::close
FITS: thread has joined!
bfFitsWriter exiting cleanly at Mon May 22 21:31:25 2017

 BFBE: Command to fits writer >> /home/groups/flag/dibas/exec/x86_64-linux/bfFitsWriter -i 2 -m c
RUNNING PAF MODE
/tmp/fits_fifo_mburnett_2
Using FITS Control FIFO: /tmp/fits_fifo_mburnett_2
bfFitsWrite started
Current mode is FLAG_CALCORR_MODE
BFBE: TSTAMP  2017_05_23_01:34:19
BFBE: Writing CHANSEL=0
BFBE: Weight file name unchanged.
BFBE:  2017-05-23 01:34:13.177294 2017-05-23 01:34:19
Net: Ending scan after mcnt = 911250
NET: Moving back to ACQUIRE!
Start observations
BFBE: Sleeping for 4.884140 seconds...
BfFitsThread::run, instance_id = 2
HPC[1:34:13]:shmget key: 421997c4
HPC[1:34:13]:vegas_status_attach sem_open w/ /users_mburnett_hashpipe_status_2
HPC[1:34:13]:bf_databuf shmget key: 821997c4
HPC[1:34:13]:Setting bank name to C
status_buf: INSTANCE=                    2                                                  BANKNAM = 'S       '                                                            BINDHOST= '10.17.16.218'                                                        BINDPORT=                60000                                                  XID     = '18      '                                                            GPUDEV  =                    0                                                  DATADIR = '/lustre/gbtdata/'                                                    PROJID  = 'TGBT16A_508_01/TMP'                                                  COVMODE = 'PAF_CAL '                                                            NETSTAT = 'ACQUIRE '                                                            TRASTAT = 'ACQUIRE '                                                            CORSTAT = 'ACQUIRE '                                                            INTSTAT = 'start   '                                                            INTSYNC =                    0                                                  REQSTI  = '1.0     '                                                            ACTSTI  =             1.000823                                                  INTCOUNT=                   76                                                  CORREADY=                    1                                                  TRAREADY=                    1                                                  NETREADY=                    T                                                  MISSEDFE=                    0                                                  MISSEDPK=                    0                                                  CLEANA  =                    T                                                  CLEANB  =                    T                                                  NETMCNT =                    0                                                  STRTDMJD= '57896.0654977'                                                       SCANLEN = '60      '                                                            TSTAMP  = '2017_05_23_01:34:19'                                                 WFLAG   = '0       '                                                            BWEIFILE= ''                                                                    CHANSEL = '0       '                                                            DISKSTAT= 'Init    '                                                            DSKBLKIN=                    0                                                  SCANREM = 'scan terminated'                                                     TRAMCNT =               911200                                                  CORMCNT =               911200                                                  NETERR  = 'Late Packet! - 928633'                                               END                                                                                                                                                                                                                                                                                                                                                                                                                                                                                                                                                                                                                                                                                                                                                                                                                                                                                                                                                                                                                                                                                                                                                                                                                                                                                                                                                                                                                                                                                                                                                                                                                                                                                                                                                                                                                                                                                                                                                                                                                                                                                                                                                                                                                                                                                                                                                                                                                                                                                                                                                                                                                                                                                                                                                                                                                                                                                                             
HPC[1:34:13]:NCHAN not set in status memory
HPC[1:34:13]:FITS: Received TSTAMP = 2017_05_23_01:34:19
HPC[1:34:13]:FITS: Filename Stage 1: /lustre/gbtdata//TGBT16A_508_01/TMP/BF/2017_05_23_01:34:19
HPC[1:34:13]:FITS: Filename Stage 2: /lustre/gbtdata//TGBT16A_508_01/TMP/BF/2017_05_23_01:34:19S
HPC[1:34:13]:FITS: Filename Stage 3: /lustre/gbtdata//TGBT16A_508_01/TMP/BF/2017_05_23_01:34:19S.fits
HPC[1:34:13]:Opening file: /lustre/gbtdata//TGBT16A_508_01/TMP/BF/2017_05_23_01:34:19S.fits
HPC[1:34:13]:/lustre/gbtdata//TGBT16A_508_01/TMP/BF/2017_05_23_01:34:19S.fits
fitsio opened
SCANLEN: 60
mcnt: 0
mcnt: 15200
mcnt: 30400
mcnt: 45600
mcnt: 60800
mcnt: 76000
mcnt: 91200
mcnt: 106400
mcnt: 121600
mcnt: 136800
mcnt: 152000
mcnt: 167200
mcnt: 182400
mcnt: 197600
mcnt: 212800
mcnt: 228000
mcnt: 243200
mcnt: 258400
mcnt: 273600
mcnt: 288800
mcnt: 304000
mcnt: 319200
mcnt: 334400
mcnt: 349600
mcnt: 364800
mcnt: 380000
mcnt: 395200
mcnt: 410400
mcnt: 425600
mcnt: 440800
mcnt: 456000
mcnt: 471200
mcnt: 486400
mcnt: 501600
mcnt: 516800
mcnt: 532000
mcnt: 547200
mcnt: 562400
mcnt: 577600
mcnt: 592800
mcnt: 608000
mcnt: 623200
mcnt: 638400
mcnt: 653600
mcnt: 668800
mcnt: 684000
mcnt: 699200
mcnt: 714400
mcnt: 729600
mcnt: 744800
mcnt: 760000
mcnt: 775200
mcnt: 790400
mcnt: 805600
mcnt: 820800
mcnt: 836000
mcnt: 851200
mcnt: 866400
mcnt: 881600
mcnt: 896800
NET: CLEANUP condition met!
 61
NET: Informing other threads of cleanup condition
NET: All other threads have been informed
TRA: Entering CLEANUP state 
TRA: Finished CLEANUP, returning to ACQUIRE
COR: Cleanup condition met!
COR: In Cleanup
NET: CLEANUP complete; returning to IDLE
Stop observations
FITS: waiting for thread to join...
BfFitsThread::run exiting with scan_finished=1 run=0
	We wrote 60 lines
	It took an average of 245733.50 µs to complete each loop
	It took an average of 1208.79 µs to write each row to FITS
HPC[1:35:23]:BfFitsIO::close
FITS: thread has joined!
bfFitsWriter exiting cleanly at Mon May 22 21:35:23 2017

BFBE: Command to fits writer >> /home/groups/flag/dibas/exec/x86_64-linux/bfFitsWriter -i 2 -m c
RUNNING PAF MODE
/tmp/fits_fifo_mburnett_2
Using FITS Control FIFO: /tmp/fits_fifo_mburnett_2
bfFitsWrite started
Current mode is FLAG_CALCORR_MODE
BFBE: TSTAMP  2017_05_23_01:38:52
BFBE: Writing CHANSEL=0
BFBE: Weight file name unchanged.
BFBE:  2017-05-23 01:38:46.760792 2017-05-23 01:38:52
Net: Ending scan after mcnt = 911250
NET: Moving back to ACQUIRE!
Start observations
BFBE: Sleeping for 4.298804 seconds...
BfFitsThread::run, instance_id = 2
HPC[1:38:46]:shmget key: 421997c4
HPC[1:38:46]:vegas_status_attach sem_open w/ /users_mburnett_hashpipe_status_2
HPC[1:38:46]:Found vegas status semaphore locked in vegas_status_chkinit. releasing
HPC[1:38:46]:bf_databuf shmget key: 821997c4
HPC[1:38:46]:Setting bank name to C
status_buf: INSTANCE=                    2                                                  BANKNAM = 'S       '                                                            BINDHOST= '10.17.16.218'                                                        BINDPORT=                60000                                                  XID     = '18      '                                                            GPUDEV  =                    0                                                  DATADIR = '/lustre/gbtdata/'                                                    PROJID  = 'TGBT16A_508_01/TMP'                                                  COVMODE = 'PAF_CAL '                                                            NETSTAT = 'ACQUIRE '                                                            TRASTAT = 'ACQUIRE '                                                            CORSTAT = 'ACQUIRE '                                                            INTSTAT = 'start   '                                                            INTSYNC =                    0                                                  REQSTI  = '1.0     '                                                            ACTSTI  =             1.000823                                                  INTCOUNT=                   76                                                  CORREADY=                    1                                                  TRAREADY=                    1                                                  NETREADY=                    T                                                  MISSEDFE=                    0                                                  MISSEDPK=                    0                                                  CLEANA  =                    T                                                  CLEANB  =                    T                                                  NETMCNT =                    0                                                  STRTDMJD= '57896.0686574'                                                       SCANLEN = '60      '                                                            TSTAMP  = '2017_05_23_01:38:52'                                                 WFLAG   = '0       '                                                            BWEIFILE= ''                                                                    CHANSEL = '0       '                                                            DISKSTAT= 'Init    '                                                            DSKBLKIN=                    0                                                  SCANREM = 'scan terminated'                                                     TRAMCNT =               911200                                                  CORMCNT =               911200                                                  NETERR  = 'Late Packet! - 928498'                                               END                                                                                                                                                                                                                                                                                                                                                                                                                                                                                                                                                                                                                                                                                                                                                                                                                                                                                                                                                                                                                                                                                                                                                                                                                                                                                                                                                                                                                                                                                                                                                                                                                                                                                                                                                                                                                                                                                                                                                                                                                                                                                                                                                                                                                                                                                                                                                                                                                                                                                                                                                                                                                                                                                                                                                                                                                                                                                                             
HPC[1:38:46]:NCHAN not set in status memory
HPC[1:38:46]:FITS: Received TSTAMP = 2017_05_23_01:38:52
HPC[1:38:46]:FITS: Filename Stage 1: /lustre/gbtdata//TGBT16A_508_01/TMP/BF/2017_05_23_01:38:52
HPC[1:38:46]:FITS: Filename Stage 2: /lustre/gbtdata//TGBT16A_508_01/TMP/BF/2017_05_23_01:38:52S
HPC[1:38:46]:FITS: Filename Stage 3: /lustre/gbtdata//TGBT16A_508_01/TMP/BF/2017_05_23_01:38:52S.fits
HPC[1:38:46]:Opening file: /lustre/gbtdata//TGBT16A_508_01/TMP/BF/2017_05_23_01:38:52S.fits
HPC[1:38:46]:/lustre/gbtdata//TGBT16A_508_01/TMP/BF/2017_05_23_01:38:52S.fits
fitsio opened
SCANLEN: 60
mcnt: 0
mcnt: 15200
mcnt: 30400
mcnt: 45600
mcnt: 60800
mcnt: 76000
mcnt: 91200
mcnt: 106400
mcnt: 121600
mcnt: 136800
mcnt: 152000
mcnt: 167200
mcnt: 182400
mcnt: 197600
mcnt: 212800
mcnt: 228000
mcnt: 243200
mcnt: 258400
mcnt: 273600
mcnt: 288800
mcnt: 304000
mcnt: 319200
mcnt: 334400
mcnt: 349600
mcnt: 364800
mcnt: 380000
mcnt: 395200
mcnt: 410400
mcnt: 425600
mcnt: 440800
mcnt: 456000
mcnt: 471200
mcnt: 486400
mcnt: 501600
mcnt: 516800
mcnt: 532000
mcnt: 547200
mcnt: 562400
mcnt: 577600
mcnt: 592800
mcnt: 608000
mcnt: 623200
mcnt: 638400
mcnt: 653600
mcnt: 668800
mcnt: 684000
mcnt: 699200
mcnt: 714400
mcnt: 729600
mcnt: 744800
mcnt: 760000
mcnt: 775200
mcnt: 790400
mcnt: 805600
mcnt: 820800
mcnt: 836000
mcnt: 851200
mcnt: 866400
mcnt: 881600
mcnt: 896800
NET: CLEANUP condition met!
61
NET: Informing other threads of cleanup condition
NET: All other threads have been informed
TRA: Entering CLEANUP state 
TRA: Finished CLEANUP, returning to ACQUIRE
COR: Cleanup condition met!
COR: In Cleanup
NET: CLEANUP complete; returning to IDLE
Stop observations
BfFitsThread::run exiting with scan_finished=1 run=1
	We wrote 60 lines
	It took an average of 244401.48 µs to complete each loop
	It took an average of 1537.50 µs to write each row to FITS
HPC[1:39:56]:BfFitsIO::close
FITS: waiting for thread to join...
FITS: thread has joined!
bfFitsWriter exiting cleanly at Mon May 22 21:39:56 2017

BFBE: Command to fits writer >> /home/groups/flag/dibas/exec/x86_64-linux/bfFitsWriter -i 2 -m c
RUNNING PAF MODE
/tmp/fits_fifo_mburnett_2
Using FITS Control FIFO: /tmp/fits_fifo_mburnett_2
bfFitsWrite started
Current mode is FLAG_CALCORR_MODE
BFBE: TSTAMP  2017_05_23_01:43:42
BFBE: Writing CHANSEL=0
BFBE: Weight file name unchanged.
BFBE:  2017-05-23 01:43:36.276595 2017-05-23 01:43:42
Net: Ending scan after mcnt = 911250
NET: Moving back to ACQUIRE!
Start observations
BFBE: Sleeping for 4.786404 seconds...
BfFitsThread::run, instance_id = 2
HPC[1:43:36]:shmget key: 421997c4
HPC[1:43:36]:vegas_status_attach sem_open w/ /users_mburnett_hashpipe_status_2
HPC[1:43:36]:bf_databuf shmget key: 821997c4
HPC[1:43:36]:Setting bank name to C
status_buf: INSTANCE=                    2                                                  BANKNAM = 'S       '                                                            BINDHOST= '10.17.16.218'                                                        BINDPORT=                60000                                                  XID     = '18      '                                                            GPUDEV  =                    0                                                  DATADIR = '/lustre/gbtdata/'                                                    PROJID  = 'TGBT16A_508_01/TMP'                                                  COVMODE = 'PAF_CAL '                                                            NETSTAT = 'ACQUIRE '                                                            TRASTAT = 'ACQUIRE '                                                            CORSTAT = 'ACQUIRE '                                                            INTSTAT = 'start   '                                                            INTSYNC =                    0                                                  REQSTI  = '1.0     '                                                            ACTSTI  =             1.000823                                                  INTCOUNT=                   76                                                  CORREADY=                    1                                                  TRAREADY=                    1                                                  NETREADY=                    T                                                  MISSEDFE=                    0                                                  MISSEDPK=                    0                                                  CLEANA  =                    T                                                  CLEANB  =                    T                                                  NETMCNT =                    0                                                  STRTDMJD= '57896.0720139'                                                       SCANLEN = '60      '                                                            TSTAMP  = '2017_05_23_01:43:42'                                                 WFLAG   = '0       '                                                            BWEIFILE= ''                                                                    CHANSEL = '0       '                                                            DISKSTAT= 'Init    '                                                            DSKBLKIN=                    0                                                  SCANREM = 'scan terminated'                                                     TRAMCNT =               911200                                                  CORMCNT =               911200                                                  NETERR  = 'Late Packet! - 928342'                                               END                                                                                                                                                                                                                                                                                                                                                                                                                                                                                                                                                                                                                                                                                                                                                                                                                                                                                                                                                                                                                                                                                                                                                                                                                                                                                                                                                                                                                                                                                                                                                                                                                                                                                                                                                                                                                                                                                                                                                                                                                                                                                                                                                                                                                                                                                                                                                                                                                                                                                                                                                                                                                                                                                                                                                                                                                                                                                                             
HPC[1:43:36]:NCHAN not set in status memory
HPC[1:43:36]:FITS: Received TSTAMP = 2017_05_23_01:43:42
HPC[1:43:36]:FITS: Filename Stage 1: /lustre/gbtdata//TGBT16A_508_01/TMP/BF/2017_05_23_01:43:42
HPC[1:43:36]:FITS: Filename Stage 2: /lustre/gbtdata//TGBT16A_508_01/TMP/BF/2017_05_23_01:43:42S
HPC[1:43:36]:FITS: Filename Stage 3: /lustre/gbtdata//TGBT16A_508_01/TMP/BF/2017_05_23_01:43:42S.fits
HPC[1:43:36]:Opening file: /lustre/gbtdata//TGBT16A_508_01/TMP/BF/2017_05_23_01:43:42S.fits
HPC[1:43:36]:/lustre/gbtdata//TGBT16A_508_01/TMP/BF/2017_05_23_01:43:42S.fits
fitsio opened
SCANLEN: 60
mcnt: 0
mcnt: 15200
mcnt: 30400
mcnt: 45600
mcnt: 60800
mcnt: 76000
mcnt: 91200
mcnt: 106400
mcnt: 121600
mcnt: 136800
mcnt: 152000
mcnt: 167200
mcnt: 182400
mcnt: 197600
mcnt: 212800
mcnt: 228000
mcnt: 243200
mcnt: 258400
mcnt: 273600
mcnt: 288800
mcnt: 304000
mcnt: 319200
mcnt: 334400
mcnt: 349600
mcnt: 364800
mcnt: 380000
mcnt: 395200
mcnt: 410400
mcnt: 425600
mcnt: 440800
mcnt: 456000
mcnt: 471200
mcnt: 486400
mcnt: 501600
mcnt: 516800
mcnt: 532000
mcnt: 547200
mcnt: 562400
mcnt: 577600
mcnt: 592800
mcnt: 608000
mcnt: 623200
mcnt: 638400
mcnt: 653600
mcnt: 668800
mcnt: 684000
mcnt: 699200
mcnt: 714400
mcnt: 729600
mcnt: 744800
mcnt: 760000
mcnt: 775200
mcnt: 790400
mcnt: 805600
mcnt: 820800
mcnt: 836000
mcnt: 851200
mcnt: 866400
mcnt: 881600
mcnt: 896800
NET: CLEANUP condition met!
61
NET: Informing other threads of cleanup condition
NET: All other threads have been informed
TRA: Entering CLEANUP state 
TRA: Finished CLEANUP, returning to ACQUIRE
COR: Cleanup condition met!
COR: In Cleanup
NET: CLEANUP complete; returning to IDLE
Stop observations
BfFitsThread::run exiting with scan_finished=1 run=1
	We wrote 60 lines
	It took an average of 244353.77 µs to complete each loop
	It took an average of 1488.59 µs to write each row to FITS
HPC[1:44:46]:BfFitsIO::close
FITS: waiting for thread to join...
FITS: thread has joined!
bfFitsWriter exiting cleanly at Mon May 22 21:44:46 2017

BFBE: Command to fits writer >> /home/groups/flag/dibas/exec/x86_64-linux/bfFitsWriter -i 2 -m c
RUNNING PAF MODE
/tmp/fits_fifo_mburnett_2
Using FITS Control FIFO: /tmp/fits_fifo_mburnett_2
bfFitsWrite started
Current mode is FLAG_CALCORR_MODE
BFBE: TSTAMP  2017_05_23_01:46:44
BFBE: Writing CHANSEL=0
BFBE: Weight file name unchanged.
BFBE:  2017-05-23 01:46:38.466571 2017-05-23 01:46:44
Net: Ending scan after mcnt = 911250
NET: Moving back to ACQUIRE!
BFBE: Sleeping for 4.591224 seconds...Start observations

BfFitsThread::run, instance_id = 2
HPC[1:46:38]:shmget key: 421997c4
HPC[1:46:38]:vegas_status_attach sem_open w/ /users_mburnett_hashpipe_status_2
HPC[1:46:38]:bf_databuf shmget key: 821997c4
HPC[1:46:38]:Setting bank name to C
status_buf: INSTANCE=                    2                                                  BANKNAM = 'S       '                                                            BINDHOST= '10.17.16.218'                                                        BINDPORT=                60000                                                  XID     = '18      '                                                            GPUDEV  =                    0                                                  DATADIR = '/lustre/gbtdata/'                                                    PROJID  = 'TGBT16A_508_01/TMP'                                                  COVMODE = 'PAF_CAL '                                                            NETSTAT = 'ACQUIRE '                                                            TRASTAT = 'ACQUIRE '                                                            CORSTAT = 'ACQUIRE '                                                            INTSTAT = 'start   '                                                            INTSYNC =                    0                                                  REQSTI  = '1.0     '                                                            ACTSTI  =             1.000823                                                  INTCOUNT=                   76                                                  CORREADY=                    1                                                  TRAREADY=                    1                                                  NETREADY=                    T                                                  MISSEDFE=                    0                                                  MISSEDPK=                    0                                                  CLEANA  =                    T                                                  CLEANB  =                    T                                                  NETMCNT =                    0                                                  STRTDMJD= '57896.0741204'                                                       SCANLEN = '60      '                                                            TSTAMP  = '2017_05_23_01:46:44'                                                 WFLAG   = '0       '                                                            BWEIFILE= ''                                                                    CHANSEL = '0       '                                                            DISKSTAT= 'Init    '                                                            DSKBLKIN=                    0                                                  SCANREM = 'scan terminated'                                                     TRAMCNT =               911200                                                  CORMCNT =               911200                                                  NETERR  = 'Late Packet! - 928466'                                               END                                                                                                                                                                                                                                                                                                                                                                                                                                                                                                                                                                                                                                                                                                                                                                                                                                                                                                                                                                                                                                                                                                                                                                                                                                                                                                                                                                                                                                                                                                                                                                                                                                                                                                                                                                                                                                                                                                                                                                                                                                                                                                                                                                                                                                                                                                                                                                                                                                                                                                                                                                                                                                                                                                                                                                                                                                                                                                             
HPC[1:46:38]:NCHAN not set in status memory
HPC[1:46:38]:FITS: Received TSTAMP = 2017_05_23_01:46:44
HPC[1:46:38]:FITS: Filename Stage 1: /lustre/gbtdata//TGBT16A_508_01/TMP/BF/2017_05_23_01:46:44
HPC[1:46:38]:FITS: Filename Stage 2: /lustre/gbtdata//TGBT16A_508_01/TMP/BF/2017_05_23_01:46:44S
HPC[1:46:38]:FITS: Filename Stage 3: /lustre/gbtdata//TGBT16A_508_01/TMP/BF/2017_05_23_01:46:44S.fits
HPC[1:46:38]:Opening file: /lustre/gbtdata//TGBT16A_508_01/TMP/BF/2017_05_23_01:46:44S.fits
HPC[1:46:38]:/lustre/gbtdata//TGBT16A_508_01/TMP/BF/2017_05_23_01:46:44S.fits
fitsio opened
SCANLEN: 60
mcnt: 0
mcnt: 15200
mcnt: 30400
mcnt: 45600
mcnt: 60800
mcnt: 76000
mcnt: 91200
mcnt: 106400
mcnt: 121600
mcnt: 136800
mcnt: 152000
mcnt: 167200
mcnt: 182400
mcnt: 197600
mcnt: 212800
mcnt: 228000
mcnt: 243200
mcnt: 258400
mcnt: 273600
mcnt: 288800
mcnt: 304000
mcnt: 319200
mcnt: 334400
mcnt: 349600
mcnt: 364800
mcnt: 380000
mcnt: 395200
mcnt: 410400
mcnt: 425600
mcnt: 440800
mcnt: 456000
mcnt: 471200
mcnt: 486400
mcnt: 501600
mcnt: 516800
mcnt: 532000
mcnt: 547200
mcnt: 562400
mcnt: 577600
mcnt: 592800
mcnt: 608000
mcnt: 623200
mcnt: 638400
mcnt: 653600
mcnt: 668800
mcnt: 684000
mcnt: 699200
mcnt: 714400
mcnt: 729600
mcnt: 744800
mcnt: 760000
mcnt: 775200
mcnt: 790400
mcnt: 805600
mcnt: 820800
mcnt: 836000
mcnt: 851200
mcnt: 866400
mcnt: 881600
mcnt: 896800
NET: CLEANUP condition met!
61
NET: Informing other threads of cleanup condition
NET: All other threads have been informed
TRA: Entering CLEANUP state 
TRA: Finished CLEANUP, returning to ACQUIRE
COR: Cleanup condition met!
COR: In Cleanup
NET: CLEANUP complete; returning to IDLE
Stop observations
BfFitsThread::run exiting with scan_finished=1 run=1
	We wrote 60 lines
	It took an average of 245171.90 µs to complete each loop
	It took an average of 1341.81 µs to write each row to FITS
HPC[1:47:48]:BfFitsIO::close
FITS: waiting for thread to join...
FITS: thread has joined!
bfFitsWriter exiting cleanly at Mon May 22 21:47:48 2017

BFBE: Command to fits writer >> /home/groups/flag/dibas/exec/x86_64-linux/bfFitsWriter -i 2 -m c
RUNNING PAF MODE
/tmp/fits_fifo_mburnett_2
Using FITS Control FIFO: /tmp/fits_fifo_mburnett_2
bfFitsWrite started
Current mode is FLAG_CALCORR_MODE
BFBE: TSTAMP  2017_05_23_01:50:22
BFBE: Writing CHANSEL=0
BFBE: Weight file name unchanged.
BFBE:  2017-05-23 01:50:16.407610 2017-05-23 01:50:22
Net: Ending scan after mcnt = 911250
NET: Moving back to ACQUIRE!
Start observations
BFBE: Sleeping for 4.658546 seconds...
BfFitsThread::run, instance_id = 2
HPC[1:50:16]:shmget key: 421997c4
HPC[1:50:16]:vegas_status_attach sem_open w/ /users_mburnett_hashpipe_status_2
HPC[1:50:16]:bf_databuf shmget key: 821997c4
HPC[1:50:16]:Setting bank name to C
status_buf: INSTANCE=                    2                                                  BANKNAM = 'S       '                                                            BINDHOST= '10.17.16.218'                                                        BINDPORT=                60000                                                  XID     = '18      '                                                            GPUDEV  =                    0                                                  DATADIR = '/lustre/gbtdata/'                                                    PROJID  = 'TGBT16A_508_01/TMP'                                                  COVMODE = 'PAF_CAL '                                                            NETSTAT = 'ACQUIRE '                                                            TRASTAT = 'ACQUIRE '                                                            CORSTAT = 'ACQUIRE '                                                            INTSTAT = 'start   '                                                            INTSYNC =                    0                                                  REQSTI  = '1.0     '                                                            ACTSTI  =             1.000823                                                  INTCOUNT=                   76                                                  CORREADY=                    1                                                  TRAREADY=                    1                                                  NETREADY=                    T                                                  MISSEDFE=                    0                                                  MISSEDPK=                    0                                                  CLEANA  =                    T                                                  CLEANB  =                    T                                                  NETMCNT =                    0                                                  STRTDMJD= '57896.0766435'                                                       SCANLEN = '60      '                                                            TSTAMP  = '2017_05_23_01:50:22'                                                 WFLAG   = '0       '                                                            BWEIFILE= ''                                                                    CHANSEL = '0       '                                                            DISKSTAT= 'Init    '                                                            DSKBLKIN=                    0                                                  SCANREM = 'scan terminated'                                                     TRAMCNT =               911200                                                  CORMCNT =               911200                                                  NETERR  = 'Late Packet! - 928487'                                               END                                                                                                                                                                                                                                                                                                                                                                                                                                                                                                                                                                                                                                                                                                                                                                                                                                                                                                                                                                                                                                                                                                                                                                                                                                                                                                                                                                                                                                                                                                                                                                                                                                                                                                                                                                                                                                                                                                                                                                                                                                                                                                                                                                                                                                                                                                                                                                                                                                                                                                                                                                                                                                                                                                                                                                                                                                                                                                             
HPC[1:50:16]:NCHAN not set in status memory
HPC[1:50:16]:FITS: Received TSTAMP = 2017_05_23_01:50:22
HPC[1:50:16]:FITS: Filename Stage 1: /lustre/gbtdata//TGBT16A_508_01/TMP/BF/2017_05_23_01:50:22
HPC[1:50:16]:FITS: Filename Stage 2: /lustre/gbtdata//TGBT16A_508_01/TMP/BF/2017_05_23_01:50:22S
HPC[1:50:16]:FITS: Filename Stage 3: /lustre/gbtdata//TGBT16A_508_01/TMP/BF/2017_05_23_01:50:22S.fits
HPC[1:50:16]:Opening file: /lustre/gbtdata//TGBT16A_508_01/TMP/BF/2017_05_23_01:50:22S.fits
HPC[1:50:16]:/lustre/gbtdata//TGBT16A_508_01/TMP/BF/2017_05_23_01:50:22S.fits
fitsio opened
SCANLEN: 60
mcnt: 0
mcnt: 15200
mcnt: 30400
mcnt: 45600
mcnt: 60800
mcnt: 76000
mcnt: 91200
mcnt: 106400
mcnt: 121600
mcnt: 136800
mcnt: 152000
mcnt: 167200
mcnt: 182400
mcnt: 197600
mcnt: 212800
mcnt: 228000
mcnt: 243200
mcnt: 258400
mcnt: 273600
mcnt: 288800
mcnt: 304000
mcnt: 319200
mcnt: 334400
mcnt: 349600
mcnt: 364800
mcnt: 380000
mcnt: 395200
mcnt: 410400
mcnt: 425600
mcnt: 440800
mcnt: 456000
mcnt: 471200
mcnt: 486400
mcnt: 501600
mcnt: 516800
mcnt: 532000
mcnt: 547200
mcnt: 562400
mcnt: 577600
mcnt: 592800
mcnt: 608000
mcnt: 623200
mcnt: 638400
mcnt: 653600
mcnt: 668800
mcnt: 684000
mcnt: 699200
mcnt: 714400
mcnt: 729600
mcnt: 744800
mcnt: 760000
mcnt: 775200
mcnt: 790400
mcnt: 805600
mcnt: 820800
mcnt: 836000
mcnt: 851200
mcnt: 866400
mcnt: 881600
mcnt: 896800
NET: CLEANUP condition met!
61
NET: Informing other threads of cleanup condition
NET: All other threads have been informed
TRA: Entering CLEANUP state 
TRA: Finished CLEANUP, returning to ACQUIRE
COR: Cleanup condition met!
COR: In Cleanup
NET: CLEANUP complete; returning to IDLE
Stop observations
BfFitsThread::run exiting with scan_finished=1 run=1
	We wrote 60 lines
	It took an average of 246333.79 µs to complete each loop
	It took an average of 1372.60 µs to write each row to FITS
HPC[1:51:26]:BfFitsIO::close
FITS: waiting for thread to join...
FITS: thread has joined!
bfFitsWriter exiting cleanly at Mon May 22 21:51:26 2017

BFBE: Command to fits writer >> /home/groups/flag/dibas/exec/x86_64-linux/bfFitsWriter -i 2 -m c
RUNNING PAF MODE
/tmp/fits_fifo_mburnett_2
Using FITS Control FIFO: /tmp/fits_fifo_mburnett_2
bfFitsWrite started
Current mode is FLAG_CALCORR_MODE
BFBE: TSTAMP  2017_05_23_01:59:36
BFBE: Writing CHANSEL=0
BFBE: Weight file name unchanged.
BFBE:  2017-05-23 01:59:30.081623 2017-05-23 01:59:36
Net: Ending scan after mcnt = 911250
NET: Moving back to ACQUIRE!
Start observations
BFBE: Sleeping for 4.978840 seconds...
BfFitsThread::run, instance_id = 2
HPC[1:59:30]:shmget key: 4216c916
HPC[1:59:30]:vegas_status_attach sem_open w/ /users_mburnett_hashpipe_status_2
HPC[1:59:30]:bf_databuf shmget key: 821997c4
61
Joined thread 'flag_correlator_thread'
Joined thread 'flag_transpose_thread'
Joined thread 'flag_net_thread'
New mode specified and/or bandwidth specified!
set_mode(FLAG_CALCORR_MODE): Creating new BeamformerBackend
BFBE: Backend():: Setting self.frequency to 1500.0

BFBE: FlagPole:: Initializing shmem...
BFBE: FlagPole:: instance_id=2
BFBE: FlagPole:: status_key=421997c4
BFBE: FlagPole:: status_semid: users_mburnett_hashpipe_status_2
hashpipe -p flag_x -I 2 -o BINDHOST=10.17.16.218 -o BINDPORT=60000 -o XID=18 -o GPUDEV=0 -o DATADIR=/lustre/gbtdata/ -o PROJID=TGBT16A_508_01/TMP -o COVMODE=PAF_CAL -c 4 flag_net_thread -c 1 flag_transpose_thread -c 5 flag_correlator_thread
initing  thread 'flag_net_thread' with databufs 0 and 1
initing  thread 'flag_transpose_thread' with databufs 1 and 2
initing  thread 'flag_correlator_thread' with databufs 2 and 3
starting thread 'flag_correlator_thread' with databufs 2 and 3
Found device 0: GeForce GTX 980 Ti
Found device 1: GeForce GTX 980 Ti
Using device 0: GeForce GTX 980 Ti
starting thread 'flag_transpose_thread' with databufs 1 and 2
starting thread 'flag_net_thread' with databufs 0 and 1
NET: Starting Thread!!!
BFBE: Command to fits writer >> /home/groups/flag/dibas/exec/x86_64-linux/bfFitsWriter -i 2 -m c
set_mode(FLAG_CALCORR_MODE): beginning wait for DAQ program
RUNNING PAF MODE
/tmp/fits_fifo_mburnett_2
Using FITS Control FIFO: /tmp/fits_fifo_mburnett_2
bfFitsWrite started
set_mode(FLAG_CALCORR_MODE): wait for DAQ program ended.
Current mode is FLAG_CALCORR_MODE
BFBE: TSTAMP  2017_05_23_02:05:19
BFBE: Writing CHANSEL=0
BFBE: Weight file name unchanged.
BFBE:  2017-05-23 02:05:13.681159 2017-05-23 02:05:19
Net: Ending scan after mcnt = 911250
NET: Moving back to ACQUIRE!
Start observations
BFBE: Sleeping for 4.384468 seconds...
BfFitsThread::run, instance_id = 2
HPC[2:5:13]:shmget key: 421997c4
HPC[2:5:13]:vegas_status_attach sem_open w/ /users_mburnett_hashpipe_status_2
HPC[2:5:13]:bf_databuf shmget key: 821997c4
HPC[2:5:13]:Setting bank name to C
status_buf: INSTANCE=                    2                                                  BANKNAM = 'S       '                                                            BINDHOST= '10.17.16.218'                                                        BINDPORT=                60000                                                  XID     = '18      '                                                            GPUDEV  =                    0                                                  DATADIR = '/lustre/gbtdata/'                                                    PROJID  = 'TGBT16A_508_01/TMP'                                                  COVMODE = 'PAF_CAL '                                                            NETSTAT = 'ACQUIRE '                                                            TRASTAT = 'init    '                                                            CORSTAT = 'init    '                                                            INTSTAT = 'start   '                                                            INTSYNC =                    0                                                  REQSTI  = '1.0     '                                                            ACTSTI  =             0.000000                                                  INTCOUNT=                    1                                                  CORREADY=                    1                                                  TRAREADY=                    1                                                  NETREADY=                    T                                                  MISSEDFE=                    0                                                  MISSEDPK=                    0                                                  CLEANA  =                    T                                                  CLEANB  =                    T                                                  NETMCNT =                    0                                                  STRTDMJD= '57896.0870255'                                                       SCANLEN = '60      '                                                            TSTAMP  = '2017_05_23_02:05:19'                                                 WFLAG   = '0       '                                                            BWEIFILE= ''                                                                    CHANSEL = '0       '                                                            DISKSTAT= 'Init    '                                                            END                                                                                                                                                                                                                                                                                                                             
HPC[2:5:13]:NCHAN not set in status memory
HPC[2:5:13]:FITS: Received TSTAMP = 2017_05_23_02:05:19
HPC[2:5:13]:FITS: Filename Stage 1: /lustre/gbtdata//TGBT16A_508_01/TMP/BF/2017_05_23_02:05:19
HPC[2:5:13]:FITS: Filename Stage 2: /lustre/gbtdata//TGBT16A_508_01/TMP/BF/2017_05_23_02:05:19S
HPC[2:5:13]:FITS: Filename Stage 3: /lustre/gbtdata//TGBT16A_508_01/TMP/BF/2017_05_23_02:05:19S.fits
HPC[2:5:13]:Opening file: /lustre/gbtdata//TGBT16A_508_01/TMP/BF/2017_05_23_02:05:19S.fits
HPC[2:5:13]:/lustre/gbtdata//TGBT16A_508_01/TMP/BF/2017_05_23_02:05:19S.fits
fitsio opened
SCANLEN: 60
mcnt: 0
mcnt: 15200
mcnt: 30400
mcnt: 45600
mcnt: 60800
mcnt: 76000
mcnt: 91200
mcnt: 106400
mcnt: 121600
mcnt: 136800
mcnt: 152000
mcnt: 167200
mcnt: 182400
mcnt: 197600
mcnt: 212800
mcnt: 228000
mcnt: 243200
mcnt: 258400
mcnt: 273600
mcnt: 288800
mcnt: 304000
mcnt: 319200
mcnt: 334400
mcnt: 349600
mcnt: 364800
mcnt: 380000
mcnt: 395200
mcnt: 410400
mcnt: 425600
mcnt: 440800
mcnt: 456000
mcnt: 471200
mcnt: 486400
mcnt: 501600
mcnt: 516800
mcnt: 532000
mcnt: 547200
mcnt: 562400
mcnt: 577600
mcnt: 592800
mcnt: 608000
mcnt: 623200
mcnt: 638400
mcnt: 653600
mcnt: 668800
mcnt: 684000
mcnt: 699200
mcnt: 714400
mcnt: 729600
mcnt: 744800
mcnt: 760000
mcnt: 775200
mcnt: 790400
mcnt: 805600
mcnt: 820800
mcnt: 836000
mcnt: 851200
mcnt: 866400
mcnt: 881600
mcnt: 896800
NET: CLEANUP condition met!
61
NET: Informing other threads of cleanup condition
NET: All other threads have been informed
TRA: Entering CLEANUP state 
TRA: Finished CLEANUP, returning to ACQUIRE
COR: Cleanup condition met!
COR: In Cleanup
NET: CLEANUP complete; returning to IDLE
Stop observations
BfFitsThread::run exiting with scan_finished=1 run=1
	We wrote 60 lines
	It took an average of 245964.73 µs to complete each loop
	It took an average of 1349.84 µs to write each row to FITS
HPC[2:6:23]:BfFitsIO::close
FITS: waiting for thread to join...
FITS: thread has joined!
bfFitsWriter exiting cleanly at Mon May 22 22:06:23 2017

BFBE: Command to fits writer >> /home/groups/flag/dibas/exec/x86_64-linux/bfFitsWriter -i 2 -m c
RUNNING PAF MODE
/tmp/fits_fifo_mburnett_2
Using FITS Control FIFO: /tmp/fits_fifo_mburnett_2
bfFitsWrite started
ZMQJSONProxy.py:: Player rx a QUIT...
Joined thread 'flag_correlator_thread'
Joined thread 'flag_transpose_thread'
Joined thread 'flag_net_thread'
New mode specified and/or bandwidth specified!
set_mode(FLAG_CALCORR_MODE): Creating new BeamformerBackend
BFBE: Backend():: Setting self.frequency to 1500.0

BFBE: FlagPole:: Initializing shmem...
BFBE: FlagPole:: instance_id=2
BFBE: FlagPole:: status_key=421997c4
BFBE: FlagPole:: status_semid: users_mburnett_hashpipe_status_2
hashpipe -p flag_x -I 2 -o BINDHOST=10.17.16.218 -o BINDPORT=60000 -o XID=18 -o GPUDEV=0 -o DATADIR=/lustre/gbtdata/ -o PROJID=TGBT16A_508_01/TMP -o COVMODE=PAF_CAL -c 4 flag_net_thread -c 1 flag_transpose_thread -c 5 flag_correlator_thread
initing  thread 'flag_net_thread' with databufs 0 and 1
initing  thread 'flag_transpose_thread' with databufs 1 and 2
initing  thread 'flag_correlator_thread' with databufs 2 and 3
starting thread 'flag_correlator_thread' with databufs 2 and 3
Found device 0: GeForce GTX 980 Ti
Found device 1: GeForce GTX 980 Ti
Using device 0: GeForce GTX 980 Ti
starting thread 'flag_transpose_thread' with databufs 1 and 2
starting thread 'flag_net_thread' with databufs 0 and 1
NET: Starting Thread!!!
BFBE: Command to fits writer >> /home/groups/flag/dibas/exec/x86_64-linux/bfFitsWriter -i 2 -m c
set_mode(FLAG_CALCORR_MODE): beginning wait for DAQ program
RUNNING PAF MODE
/tmp/fits_fifo_mburnett_2
Using FITS Control FIFO: /tmp/fits_fifo_mburnett_2
bfFitsWrite started
set_mode(FLAG_CALCORR_MODE): wait for DAQ program ended.
Current mode is FLAG_CALCORR_MODE
BFBE: TSTAMP  2017_05_23_02:11:48
BFBE: Writing CHANSEL=0
BFBE: Weight file name unchanged.
BFBE:  2017-05-23 02:11:42.529244 2017-05-23 02:11:48
Net: Ending scan after mcnt = 911250
NET: Moving back to ACQUIRE!
Start observations
BFBE: Sleeping for 4.536680 seconds...
BfFitsThread::run, instance_id = 2
HPC[2:11:42]:shmget key: 421997c4
HPC[2:11:42]:vegas_status_attach sem_open w/ /users_mburnett_hashpipe_status_2
HPC[2:11:42]:bf_databuf shmget key: 821997c4
HPC[2:11:42]:Setting bank name to C
status_buf: INSTANCE=                    2                                                  BANKNAM = 'S       '                                                            BINDHOST= '10.17.16.218'                                                        BINDPORT=                60000                                                  XID     = '18      '                                                            GPUDEV  =                    0                                                  DATADIR = '/lustre/gbtdata/'                                                    PROJID  = 'TGBT16A_508_01/TMP'                                                  COVMODE = 'PAF_CAL '                                                            NETSTAT = 'ACQUIRE '                                                            TRASTAT = 'init    '                                                            CORSTAT = 'init    '                                                            INTSTAT = 'start   '                                                            INTSYNC =                    0                                                  REQSTI  = '1.0     '                                                            ACTSTI  =             0.000000                                                  INTCOUNT=                    1                                                  CORREADY=                    1                                                  TRAREADY=                    1                                                  NETREADY=                    T                                                  MISSEDFE=                    0                                                  MISSEDPK=                    0                                                  CLEANA  =                    T                                                  CLEANB  =                    T                                                  NETMCNT =                    0                                                  STRTDMJD= '57896.0915278'                                                       SCANLEN = '60      '                                                            TSTAMP  = '2017_05_23_02:11:48'                                                 WFLAG   = '0       '                                                            BWEIFILE= ''                                                                    CHANSEL = '0       '                                                            DISKSTAT= 'Init    '                                                            END                                                                                                                                                                                                                                                                                                                             
HPC[2:11:42]:NCHAN not set in status memory
HPC[2:11:42]:FITS: Received TSTAMP = 2017_05_23_02:11:48
HPC[2:11:42]:FITS: Filename Stage 1: /lustre/gbtdata//TGBT16A_508_01/TMP/BF/2017_05_23_02:11:48
HPC[2:11:42]:FITS: Filename Stage 2: /lustre/gbtdata//TGBT16A_508_01/TMP/BF/2017_05_23_02:11:48S
HPC[2:11:42]:FITS: Filename Stage 3: /lustre/gbtdata//TGBT16A_508_01/TMP/BF/2017_05_23_02:11:48S.fits
HPC[2:11:42]:Opening file: /lustre/gbtdata//TGBT16A_508_01/TMP/BF/2017_05_23_02:11:48S.fits
HPC[2:11:42]:/lustre/gbtdata//TGBT16A_508_01/TMP/BF/2017_05_23_02:11:48S.fits
fitsio opened
SCANLEN: 60
61
Joined thread 'flag_correlator_thread'
Joined thread 'flag_transpose_thread'
Joined thread 'flag_net_thread'
