 New mode specified and/or bandwidth specified!
set_mode(FLAG_RTBF_MODE): Creating new BeamformerBackend
ConfigFE: Adding flagr2-1
ConfigFE: Adding flagr2-2
ConfigFE: Adding flagr2-3
ConfigFE: Adding flagr2-4
ConfigFE: Adding flagr2-5

ConfigFE: *** Configuring flagr2-1 ***
ConfigFE: Setting FID as 0...
ConfigFE: Resetting the GbE cores...
ConfigFE: Configuring 10 GbE interfaces...
ConfigFE: Writing fid...
ConfigFE: Writing xid...
ConfigFE: Writing destination port as: 60000
ConfigFE: Writing destination IP addrs...
ConfigFE: Packet stop enabled

ConfigFE: *** Configuring flagr2-2 ***
ConfigFE: Setting FID as 1...
ConfigFE: Resetting the GbE cores...
ConfigFE: Configuring 10 GbE interfaces...
ConfigFE: Writing fid...
ConfigFE: Writing xid...
ConfigFE: Writing destination port as: 60000
ConfigFE: Writing destination IP addrs...
ConfigFE: Packet stop enabled

ConfigFE: *** Configuring flagr2-3 ***
ConfigFE: Setting FID as 2...
ConfigFE: Resetting the GbE cores...
ConfigFE: Configuring 10 GbE interfaces...
ConfigFE: Writing fid...
ConfigFE: Writing xid...
ConfigFE: Writing destination port as: 60000
ConfigFE: Writing destination IP addrs...
ConfigFE: Packet stop enabled

ConfigFE: *** Configuring flagr2-4 ***
ConfigFE: Setting FID as 3...
ConfigFE: Resetting the GbE cores...
ConfigFE: Configuring 10 GbE interfaces...
ConfigFE: Writing fid...
ConfigFE: Writing xid...
ConfigFE: Writing destination port as: 60000
ConfigFE: Writing destination IP addrs...
ConfigFE: Packet stop enabled

ConfigFE: *** Configuring flagr2-5 ***
ConfigFE: Setting FID as 4...
ConfigFE: Resetting the GbE cores...
ConfigFE: Configuring 10 GbE interfaces...
ConfigFE: Writing fid...
ConfigFE: Writing xid...
ConfigFE: Writing destination port as: 60000
ConfigFE: Writing destination IP addrs...
ConfigFE: Packet stop enabled
BFBE: Backend():: Setting self.frequency to 1500.0

BFBE: FlagPole:: Initializing shmem...
BFBE: FlagPole:: instance_id=0
BFBE: FlagPole:: status_key=401997c4
BFBE: FlagPole:: status_semid: users_mburnett_hashpipe_status_0
hashpipe -p flag_b -I 0 -o BINDHOST=10.17.16.200 -o BINDPORT=60000 -o XID=0 -o GPUDEV=0 -o DATADIR=/lustre/gbtdata/TGBT16A_508_01/SIM/ -o PROJID=TGBT16A_508_01/TMP -o WEIGHTD=/home/groups/flag/hash/data/weights/tests/ULA/ -c 0 flag_net_thread -c 1 flag_transpose_thread -c 2 flag_beamform_thread
BFBE: Command to fits writer >> /home/groups/flag/dibas/exec/x86_64-linux/bfFitsWriter -i 0 -m p
set_mode(FLAG_RTBF_MODE): beginning wait for DAQ program
set_mode(FLAG_RTBF_MODE): wait for DAQ program ended.
Current mode is FLAG_RTBF_MODE
BFBE: TSTAMP  2017_05_23_21:36:38
 BFBE: Writing CHANSEL=0
BFBE: Weight file name unchanged.
BFBE:  2017-05-23 21:36:35.546839 2017-05-23 21:36:38
BFBE: Sleeping for 1.478749 seconds...
BFBE: Arming Roaches...
BFPBE: Sending sync pule to flagr2-1
BFPBE: Sending sync pule to flagr2-2
BFPBE: Sending sync pule to flagr2-3
BFPBE: Sending sync pule to flagr2-4
BFPBE: Sending sync pule to flagr2-5
11
BFBE: Stop data flow for roach flagr2-1
BFBE: Stop data flow for roach flagr2-2
BFBE: Stop data flow for roach flagr2-3
BFBE: Stop data flow for roach flagr2-4
BFBE: Stop data flow for roach flagr2-5
BFBE: Command to fits writer >> /home/groups/flag/dibas/exec/x86_64-linux/bfFitsWriter -i 0 -m p
ZMQJSONProxy.py:: Player rx a QUIT...
