New mode specified and/or bandwidth specified!
set_mode(FLAG_RTBF_MODE): Creating new BeamformerBackend
BFBE: Backend():: Setting self.frequency to 1500.0

BFBE: FlagPole:: Initializing shmem...
BFBE: FlagPole:: instance_id=0
BFBE: FlagPole:: status_key=401997c4
BFBE: FlagPole:: status_semid: users_mburnett_hashpipe_status_0
hashpipe -p flag_b -I 0 -o BINDHOST=10.17.16.204 -o BINDPORT=60000 -o XID=4 -o GPUDEV=0 -o DATADIR=/lustre/gbtdata/TGBT16A_508_01/SIM/ -o PROJID=TGBT16A_508_01/TMP -o WEIGHTD=/home/groups/flag/hash/data/weights/tests/ULA/ -c 0 flag_net_thread -c 1 flag_transpose_thread -c 2 flag_beamform_thread
BFBE: Command to fits writer >> /home/groups/flag/dibas/exec/x86_64-linux/bfFitsWriter -i 0 -m p
set_mode(FLAG_RTBF_MODE): beginning wait for DAQ program
set_mode(FLAG_RTBF_MODE): wait for DAQ program ended.
Current mode is FLAG_RTBF_MODE
BFBE: TSTAMP  2017_05_23_21:36:38
BFBE: Writing CHANSEL=0
BFBE: Weight file name unchanged.
BFBE:  2017-05-23 21:36:35.552505 2017-05-23 21:36:38
BFBE: Sleeping for 1.475114 seconds...
11
 BFBE: Command to fits writer >> /home/groups/flag/dibas/exec/x86_64-linux/bfFitsWriter -i 0 -m p
ZMQJSONProxy.py:: Player rx a QUIT...
